TN:
SF:/home/jmlihm/dipole/qe-ref/PP/src/pw2wannier90.f90
FN:98,MAIN__
FN:102,main
FN:510,lib_dealloc_
FN:523,setup_nnkp_
FN:709,run_wannier_
FN:747,find_mp_grid_
FN:805,read_nnkp_
FN:1171,scan_file_to_
FN:1198,pw2wan_set_symm_
FN:1297,compute_dmn_
FN:1982,compute_mmn_
FN:2381,compute_spin_
FN:2623,compute_orb_
FN:3066,compute_shc_
FN:3353,compute_amn_
FN:3626,compute_amn_with_scdm_
FN:3982,compute_amn_with_scdm_spinor_
FN:4371,orient_gf_spinor_
FN:4429,generate_guiding_functions_
FN:4505,write_band_
FN:4548,write_plot_
FN:4811,write_parity_
FN:5218,wan2sic_
FN:5280,ylm_expansion_
FN:5332,check_inverse_
FN:5358,set_u_matrix_
FN:5391,ylm_wannier_
FN:5509,s_
FN:5518,p_z_
FN:5526,px_
FN:5535,py_
FN:5545,dz2_
FN:5553,dxz_
FN:5562,dyz_
FN:5571,dx2my2_
FN:5580,dxy_
FN:5590,fz3_
FN:5598,fxz2_
FN:5607,fyz2_
FN:5616,fzx2my2_
FN:5625,fxyz_
FN:5634,fxx2m3y2_
FN:5643,fy3x2my2_
FN:5655,radialpart_
FNDA:120,MAIN__
FNDA:120,main
FNDA:0,lib_dealloc_
FNDA:0,setup_nnkp_
FNDA:0,run_wannier_
FNDA:0,find_mp_grid_
FNDA:120,read_nnkp_
FNDA:210,scan_file_to_
FNDA:8,pw2wan_set_symm_
FNDA:8,compute_dmn_
FNDA:60,compute_mmn_
FNDA:20,compute_spin_
FNDA:20,compute_orb_
FNDA:8,compute_shc_
FNDA:52,compute_amn_
FNDA:12,compute_amn_with_scdm_
FNDA:8,compute_amn_with_scdm_spinor_
FNDA:140,orient_gf_spinor_
FNDA:428,generate_guiding_functions_
FNDA:112,write_band_
FNDA:40,write_plot_
FNDA:32,write_parity_
FNDA:0,wan2sic_
FNDA:120,ylm_expansion_
FNDA:120,check_inverse_
FNDA:1360,set_u_matrix_
FNDA:14376,ylm_wannier_
FNDA:0,s_
FNDA:0,p_z_
FNDA:377344,px_
FNDA:376320,py_
FNDA:0,dz2_
FNDA:768,dxz_
FNDA:768,dyz_
FNDA:1792,dx2my2_
FNDA:768,dxy_
FNDA:0,fz3_
FNDA:256,fxz2_
FNDA:256,fyz2_
FNDA:256,fzx2my2_
FNDA:256,fxyz_
FNDA:256,fxx2m3y2_
FNDA:256,fy3x2my2_
FNDA:6312,radialpart_
FNF:44
FNH:35
DA:98,120
DA:102,120
DA:144,120
DA:147,120
DA:149,120
DA:153,120
DA:154,120
DA:158,30
DA:162,30
DA:163,30
DA:164,30
DA:165,30
DA:166,30
DA:167,30
DA:168,30
DA:169,30
DA:170,30
DA:171,30
DA:172,30
DA:173,30
DA:174,30
DA:175,30
DA:176,30
DA:178,30
DA:179,30
DA:182,30
DA:183,30
DA:184,30
DA:185,30
DA:187,30
DA:188,30
DA:189,30
DA:190,30
DA:191,30
DA:192,30
DA:193,30
DA:194,30
DA:198,30
DA:202,30
DA:206,120
DA:207,120
DA:211,120
DA:212,120
DA:213,120
DA:214,120
DA:215,120
DA:216,120
DA:217,120
DA:218,120
DA:219,120
DA:220,120
DA:221,120
DA:223,120
DA:224,120
DA:227,120
DA:228,120
DA:230,120
DA:231,120
DA:232,120
DA:233,120
DA:234,120
DA:235,120
DA:236,120
DA:237,120
DA:238,120
DA:242,120
DA:245,120
DA:249,120
DA:250,120
DA:251,120
DA:252,120
DA:253,120
DA:255,120
DA:256,0
DA:257,120
DA:258,0
DA:259,120
DA:261,20
DA:265,0
DA:268,120
DA:269,0
DA:271,140
DA:273,20
DA:274,20
DA:275,20
DA:276,20
DA:277,20
DA:279,20
DA:280,20
DA:281,20
DA:282,20
DA:283,20
DA:285,80
DA:286,40
DA:288,40
DA:290,80
DA:291,80
DA:292,80
DA:293,200
DA:296,120
DA:298,120
DA:299,120
DA:300,120
DA:302,120
DA:304,120
DA:305,120
DA:306,120
DA:307,120
DA:308,120
DA:309,120
DA:310,120
DA:311,120
DA:312,120
DA:313,120
DA:314,120
DA:315,8
DA:316,8
DA:317,8
DA:318,8
DA:319,8
DA:320,8
DA:322,120
DA:323,72
DA:324,20
DA:325,20
DA:326,20
DA:327,20
DA:328,20
DA:329,8
DA:331,12
DA:334,52
DA:335,52
DA:336,52
DA:337,52
DA:338,52
DA:340,72
DA:342,48
DA:343,48
DA:344,48
DA:345,48
DA:347,120
DA:348,60
DA:349,60
DA:350,60
DA:351,60
DA:352,60
DA:353,60
DA:355,60
DA:356,60
DA:357,60
DA:358,60
DA:360,120
DA:361,40
DA:362,20
DA:363,20
DA:364,20
DA:365,20
DA:366,20
DA:367,20
DA:369,20
DA:370,20
DA:371,20
DA:372,20
DA:374,80
DA:375,4
DA:376,4
DA:377,4
DA:378,4
DA:379,4
DA:381,120
DA:382,20
DA:383,20
DA:384,20
DA:385,20
DA:386,20
DA:387,20
DA:389,100
DA:390,100
DA:391,100
DA:392,100
DA:394,120
DA:395,8
DA:396,8
DA:397,8
DA:398,8
DA:399,8
DA:400,8
DA:402,112
DA:403,112
DA:404,112
DA:405,112
DA:407,120
DA:408,112
DA:409,112
DA:410,112
DA:411,112
DA:412,112
DA:413,112
DA:415,8
DA:416,8
DA:417,8
DA:418,8
DA:420,120
DA:421,40
DA:422,40
DA:423,40
DA:424,40
DA:425,40
DA:426,40
DA:428,80
DA:429,80
DA:430,80
DA:431,80
DA:433,120
DA:434,32
DA:435,32
DA:436,32
DA:437,32
DA:438,32
DA:439,32
DA:441,88
DA:442,88
DA:443,88
DA:444,88
DA:446,120
DA:447,120
DA:448,120
DA:449,120
DA:451,120
DA:452,120
DA:453,120
DA:454,120
DA:455,120
DA:456,120
DA:457,120
DA:458,120
DA:460,120
DA:461,120
DA:462,120
DA:466,0
DA:469,0
DA:470,0
DA:471,0
DA:472,0
DA:473,0
DA:474,0
DA:475,0
DA:476,0
DA:477,0
DA:478,0
DA:479,0
DA:480,0
DA:481,0
DA:482,0
DA:485,0
DA:486,0
DA:488,0
DA:489,0
DA:490,0
DA:491,0
DA:493,0
DA:494,0
DA:495,0
DA:499,0
DA:501,0
DA:502,0
DA:506,0
DA:510,0
DA:517,0
DA:519,0
DA:523,0
DA:544,0
DA:546,0
DA:570,0
DA:571,0
DA:572,0
DA:573,0
DA:574,0
DA:575,0
DA:578,0
DA:580,0
DA:582,0
DA:583,0
DA:585,0
DA:587,0
DA:588,0
DA:589,0
DA:593,0
DA:595,0
DA:606,0
DA:607,0
DA:608,0
DA:609,0
DA:610,0
DA:611,0
DA:612,0
DA:613,0
DA:614,0
DA:615,0
DA:616,0
DA:617,0
DA:618,0
DA:620,0
DA:621,0
DA:623,0
DA:626,0
DA:628,0
DA:630,0
DA:631,0
DA:632,0
DA:633,0
DA:634,0
DA:635,0
DA:636,0
DA:639,0
DA:640,0
DA:644,0
DA:645,0
DA:647,0
DA:649,0
DA:650,0
DA:652,0
DA:653,0
DA:655,0
DA:656,0
DA:657,0
DA:658,0
DA:659,0
DA:661,0
DA:663,0
DA:665,0
DA:666,0
DA:668,0
DA:669,0
DA:670,0
DA:672,0
DA:673,0
DA:675,0
DA:676,0
DA:677,0
DA:678,0
DA:679,0
DA:680,0
DA:681,0
DA:682,0
DA:684,0
DA:685,0
DA:686,0
DA:691,0
DA:692,0
DA:693,0
DA:694,0
DA:695,0
DA:697,0
DA:700,0
DA:702,0
DA:703,0
DA:705,0
DA:709,0
DA:721,0
DA:722,0
DA:723,0
DA:724,0
DA:725,0
DA:736,0
DA:737,0
DA:738,0
DA:739,0
DA:740,0
DA:741,0
DA:743,0
DA:747,0
DA:758,0
DA:760,0
DA:762,0
DA:763,0
DA:764,0
DA:765,0
DA:768,0
DA:770,0
DA:772,0
DA:773,0
DA:774,0
DA:777,0
DA:779,0
DA:781,0
DA:782,0
DA:783,0
DA:786,0
DA:788,0
DA:789,0
DA:791,0
DA:793,0
DA:795,0
DA:796,0
DA:798,0
DA:799,0
DA:801,0
DA:805,120
DA:828,120
DA:833,120
DA:835,30
DA:836,30
DA:838,0
DA:841,30
DA:842,30
DA:846,120
DA:849,120
DA:850,120
DA:852,120
DA:854,30
DA:855,30
DA:857,0
DA:859,210
DA:860,90
DA:861,390
DA:862,360
DA:865,210
DA:866,390
DA:867,360
DA:868,0
DA:869,0
DA:870,0
DA:874,30
DA:876,30
DA:877,30
DA:879,0
DA:881,210
DA:882,90
DA:883,390
DA:884,360
DA:887,210
DA:888,390
DA:889,360
DA:890,0
DA:891,0
DA:892,0
DA:896,30
DA:898,30
DA:899,30
DA:901,0
DA:903,30
DA:904,30
DA:905,0
DA:906,0
DA:907,0
DA:909,30
DA:910,292
DA:911,262
DA:912,262
DA:914,262
DA:915,30
DA:916,0
DA:917,0
DA:918,0
DA:919,0
DA:920,0
DA:924,30
DA:929,120
DA:930,120
DA:932,120
DA:933,30
DA:934,10
DA:935,10
DA:936,10
DA:938,0
DA:939,0
DA:940,0
DA:943,0
DA:947,20
DA:948,20
DA:949,20
DA:951,0
DA:954,30
DA:958,120
DA:959,120
DA:961,120
DA:962,0
DA:963,0
DA:964,0
DA:965,0
DA:968,0
DA:974,120
DA:975,0
DA:977,120
DA:980,0
DA:981,0
DA:982,840
DA:983,120
DA:984,40
DA:987,120
DA:988,670
DA:989,320
DA:990,320
DA:992,320
DA:993,320
DA:995,320
DA:996,320
DA:998,320
DA:999,320
DA:1000,0
DA:1001,320
DA:1002,0
DA:1004,320
DA:1005,350
DA:1006,164
DA:1008,164
DA:1009,164
DA:1010,164
DA:1016,120
DA:1017,30
DA:1018,30
DA:1019,5
DA:1020,5
DA:1022,5
DA:1023,5
DA:1024,0
DA:1025,0
DA:1026,0
DA:1027,0
DA:1028,0
DA:1029,0
DA:1031,5
DA:1032,0
DA:1037,0
DA:1040,25
DA:1043,0
DA:1049,120
DA:1050,120
DA:1051,120
DA:1052,120
DA:1053,120
DA:1054,120
DA:1055,120
DA:1056,120
DA:1057,120
DA:1058,40
DA:1059,40
DA:1062,120
DA:1064,120
DA:1066,120
DA:1067,120
DA:1068,1400
DA:1070,1400
DA:1073,120
DA:1074,30
DA:1075,30
DA:1077,0
DA:1079,30
DA:1083,120
DA:1085,120
DA:1087,0
DA:1088,360
DA:1089,120
DA:1090,1108
DA:1093,120
DA:1094,120
DA:1095,120
DA:1097,120
DA:1098,292
DA:1099,2619
DA:1100,2589
DA:1106,120
DA:1107,120
DA:1109,1168
DA:1110,10476
DA:1112,9308
DA:1113,4088
DA:1114,9308
DA:1115,9308
DA:1116,9308
DA:1117,9308
DA:1118,9308
DA:1119,41092
DA:1121,15368
DA:1122,2327
DA:1123,24676
DA:1127,120
DA:1128,120
DA:1129,1168
DA:1130,10476
DA:1131,9308
DA:1133,1048
DA:1136,120
DA:1138,120
DA:1139,120
DA:1141,120
DA:1143,120
DA:1144,30
DA:1145,30
DA:1147,0
DA:1149,30
DA:1150,30
DA:1151,204
DA:1152,174
DA:1153,174
DA:1154,0
DA:1155,204
DA:1158,120
DA:1161,120
DA:1162,120
DA:1163,120
DA:1165,120
DA:1167,120
DA:1171,210
DA:1187,4050
DA:1188,4000
DA:1189,335
DA:1190,185
DA:1191,185
DA:1192,25
DA:1193,25
DA:1198,8
DA:1215,8
DA:1216,8
DA:1219,16
DA:1221,8
DA:1222,8
DA:1223,8
DA:1224,8
DA:1225,8
DA:1226,8
DA:1227,8
DA:1230,8
DA:1231,8
DA:1232,0
DA:1233,0
DA:1235,0
DA:1237,0
DA:1238,0
DA:1239,0
DA:1240,0
DA:1241,0
DA:1242,0
DA:1244,0
DA:1245,0
DA:1246,0
DA:1249,8
DA:1250,8
DA:1253,8
DA:1254,8
DA:1255,8
DA:1257,296
DA:1264,288
DA:1267,0
DA:1269,288
DA:1270,288
DA:1271,288
DA:1273,288
DA:1274,288
DA:1275,288
DA:1278,4544064
DA:1279,4544064
DA:1281,7496
DA:1282,188064
DA:1283,4731552
DA:1285,4543776
DA:1287,4543776
DA:1288,4724352
DA:1293,8
DA:1294,8
DA:1297,8
DA:1375,24
DA:1376,16
DA:1377,8
DA:1378,24
DA:1379,16
DA:1380,24
DA:1381,16
DA:1382,16
DA:1383,8
DA:1393,16
DA:1396,8
DA:1398,8
DA:1399,8
DA:1401,8
DA:1402,8
DA:1403,8
DA:1404,8
DA:1405,8
DA:1406,0
DA:1407,0
DA:1408,0
DA:1409,0
DA:1410,0
DA:1412,0
DA:1414,0
DA:1415,0
DA:1417,0
DA:1418,0
DA:1419,0
DA:1420,0
DA:1421,0
DA:1422,0
DA:1423,0
DA:1425,0
DA:1427,0
DA:1428,0
DA:1429,0
DA:1430,0
DA:1431,0
DA:1432,0
DA:1433,0
DA:1434,0
DA:1435,0
DA:1440,8
DA:1441,8
DA:1444,296
DA:1445,296
DA:1447,8
DA:1448,8
DA:1449,8
DA:1450,2
DA:1451,2
DA:1452,74
DA:1453,72
DA:1454,74
DA:1456,2
DA:1459,296
DA:1460,288
DA:1461,0
DA:1463,288
DA:1464,1448
DA:1465,288
DA:1469,8
DA:1471,8
DA:1473,8
DA:1474,8
DA:1476,8
DA:1477,8
DA:1478,8
DA:1480,8
DA:1482,8
DA:1483,8
DA:1484,296
DA:1485,296
DA:1486,675864
DA:1487,4424
DA:1488,4128
DA:1489,4128
DA:1490,43488
DA:1491,43200
DA:1492,19768
DA:1493,19768
DA:1494,79072
DA:1495,4128
DA:1496,4128
DA:1498,19768
DA:1502,8
DA:1504,8
DA:1505,296
DA:1506,296
DA:1507,4424
DA:1508,4128
DA:1509,4128
DA:1510,4128
DA:1511,4128
DA:1512,10622832
DA:1513,10619448
DA:1514,42477792
DA:1515,10622544
DA:1521,8
DA:1522,148
DA:1523,8
DA:1524,148
DA:1525,8
DA:1526,148
DA:1527,8
DA:1528,148
DA:1529,140
DA:1530,32
DA:1531,32
DA:1532,32
DA:1533,32
DA:1534,1096
DA:1535,1056
DA:1536,1056
DA:1537,108
DA:1538,1196
DA:1541,8
DA:1547,8
DA:1548,8
DA:1549,88
DA:1550,80
DA:1551,80
DA:1552,264
DA:1553,264
DA:1558,88
DA:1559,32
DA:1560,32
DA:1561,32
DA:1563,48
DA:1570,8
DA:1571,296
DA:1572,8
DA:1573,296
DA:1574,288
DA:1575,288
DA:1576,296
DA:1577,8
DA:1578,8
DA:1579,8
DA:1580,8
DA:1581,32
DA:1582,0
DA:1586,296
DA:1587,1632
DA:1588,1640
DA:1589,1344
DA:1590,1344
DA:1591,4320
DA:1592,4320
DA:1593,2016
DA:1594,2016
DA:1595,8064
DA:1596,1344
DA:1597,1344
DA:1598,1344
DA:1601,1632
DA:1602,0
DA:1603,0
DA:1604,0
DA:1605,0
DA:1609,8
DA:1610,296
DA:1611,1640
DA:1612,1344
DA:1613,1344
DA:1614,1344
DA:1615,1344
DA:1616,1632
DA:1619,104
DA:1620,168
DA:1621,264
DA:1622,264
DA:1624,104
DA:1625,168
DA:1627,8
DA:1628,48
DA:1629,88
DA:1630,48
DA:1631,48
DA:1636,8
DA:1637,296
DA:1638,88
DA:1639,88
DA:1641,296
DA:1642,3368
DA:1643,3072
DA:1644,3072
DA:1645,3072
DA:1646,37152
DA:1647,33792
DA:1648,329472
DA:1649,329472
DA:1651,9984
DA:1652,356352
DA:1656,8
DA:1657,296
DA:1658,3368
DA:1659,3072
DA:1660,3360
DA:1661,0
DA:1662,0
DA:1663,0
DA:1664,0
DA:1669,8
DA:1670,8
DA:1671,8
DA:1672,8
DA:1673,8
DA:1674,2
DA:1675,2
DA:1676,2
DA:1680,8
DA:1681,2
DA:1682,2
DA:1683,2
DA:1684,2
DA:1685,10
DA:1686,8
DA:1687,10
DA:1690,8
DA:1691,88
DA:1692,8
DA:1693,8
DA:1694,40
DA:1695,32
DA:1696,32
DA:1697,32
DA:1698,32
DA:1699,1096
DA:1700,11808
DA:1701,10752
DA:1702,10752
DA:1703,10752
DA:1704,10752
DA:1705,10752
DA:1707,11808
DA:1709,1088
DA:1710,264
DA:1711,264
DA:1715,8
DA:1716,8
DA:1717,8
DA:1722,8
DA:1723,4
DA:1724,4
DA:1725,0
DA:1727,4
DA:1733,8
DA:1735,8
DA:1736,8
DA:1738,8
DA:1739,40
DA:1740,32
DA:1741,1096
DA:1742,1056
DA:1747,1056
DA:1748,1088
DA:1755,8
DA:1757,4
DA:1758,4
DA:1760,4
DA:1761,4
DA:1763,12
DA:1764,12
DA:1765,152
DA:1766,2744
DA:1767,2592
DA:1768,2736
DA:1774,4
DA:1778,8
DA:1779,8
DA:1781,8
DA:1782,8
DA:1785,8
DA:1786,8
DA:1788,8
DA:1789,40
DA:1790,32
DA:1791,32
DA:1792,32
DA:1793,32
DA:1794,32
DA:1795,32
DA:1796,32
DA:1800,32
DA:1801,20
DA:1803,20
DA:1807,1096
DA:1808,1056
DA:1809,1056
DA:1811,1056
DA:1815,1056
DA:1817,1056
DA:1818,17568
DA:1819,3023904
DA:1820,3022848
DA:1824,1056
DA:1826,1056
DA:1827,1056
DA:1828,17568
DA:1829,16512
DA:1830,11712
DA:1831,11712
DA:1833,11712
DA:1836,11712
DA:1839,11712
DA:1841,11712
DA:1846,11712
DA:1848,11712
DA:1849,17568
DA:1854,1056
DA:1855,480
DA:1857,480
DA:1858,0
DA:1860,480
DA:1865,17568
DA:1867,1056
DA:1868,480
DA:1869,1440
DA:1870,1440
DA:1871,2880
DA:1873,1920
DA:1874,1920
DA:1876,2880
DA:1877,18240
DA:1878,17280
DA:1879,329280
DA:1880,311040
DA:1882,6549120
DA:1883,6220800
DA:1884,3421440
DA:1885,0
DA:1887,65318400
DA:1888,62208000
DA:1891,37324800
DA:1897,960
DA:1901,0
DA:1902,0
DA:1911,1056
DA:1912,1056
DA:1915,17568
DA:1916,16512
DA:1922,12768
DA:1923,0
DA:1924,11712
DA:1925,0
DA:1927,190656
DA:1928,178944
DA:1929,130944
DA:1930,130944
DA:1931,195456
DA:1936,1056
DA:1937,17600
DA:1938,16512
DA:1939,11712
DA:1940,11712
DA:1941,191712
DA:1942,178944
DA:1943,130944
DA:1944,147456
DA:1945,130944
DA:1946,0
DA:1947,0
DA:1949,0
DA:1956,8
DA:1957,8
DA:1959,8
DA:1961,8
DA:1962,8
DA:1963,8
DA:1964,8
DA:1966,8
DA:1967,4
DA:1968,4
DA:1969,4
DA:1970,0
DA:1972,4
DA:1976,8
DA:1978,8
DA:1979,8
DA:1982,60
DA:2019,120
DA:2020,120
DA:2021,60
DA:2022,120
DA:2023,180
DA:2035,60
DA:2037,60
DA:2039,60
DA:2040,60
DA:2042,60
DA:2043,16
DA:2045,44
DA:2048,60
DA:2050,60
DA:2052,60
DA:2053,60
DA:2054,60
DA:2055,60
DA:2056,60
DA:2057,60
DA:2058,15
DA:2059,15
DA:2067,60
DA:2068,44
DA:2069,44
DA:2070,20
DA:2071,24
DA:2072,12
DA:2074,12
DA:2079,44
DA:2081,44
DA:2082,44
DA:2084,44
DA:2085,408
DA:2086,3476
DA:2087,3068
DA:2088,3068
DA:2090,3068
DA:2091,3068
DA:2092,3068
DA:2093,3432
DA:2098,44
DA:2099,44
DA:2100,44
DA:2102,44
DA:2103,44
DA:2105,112
DA:2106,112
DA:2107,1064
DA:2108,21464
DA:2109,20400
DA:2110,21400
DA:2116,44
DA:2120,60
DA:2122,60
DA:2124,60
DA:2125,552
DA:2126,492
DA:2127,492
DA:2128,492
DA:2129,492
DA:2130,492
DA:2131,492
DA:2135,492
DA:2136,364
DA:2138,364
DA:2143,5028
DA:2144,4476
DA:2145,4476
DA:2147,4476
DA:2151,4476
DA:2154,4476
DA:2155,2460
DA:2156,2460
DA:2157,2460
DA:2162,4476
DA:2163,4476
DA:2164,3068
DA:2166,3068
DA:2167,60
DA:2168,3008
DA:2169,1376
DA:2171,1376
DA:2172,3232
DA:2173,1184
DA:2177,1632
DA:2182,110828
DA:2186,4476
DA:2187,4476
DA:2190,110828
DA:2191,106352
DA:2193,82160
DA:2194,48128
DA:2195,240640
DA:2196,96256
DA:2197,96256
DA:2198,96256
DA:2199,96256
DA:2200,51296
DA:2202,51296
DA:2203,51296
DA:2205,144384
DA:2208,34032
DA:2209,34032
DA:2210,34032
DA:2211,34032
DA:2212,19760
DA:2213,19760
DA:2214,19760
DA:2216,34032
DA:2218,82160
DA:2219,816
DA:2220,816
DA:2226,86636
DA:2227,13344
DA:2228,6264
DA:2230,6264
DA:2231,6264
DA:2232,7080
DA:2234,81344
DA:2235,2459008
DA:2236,2410880
DA:2237,1810304
DA:2241,1810304
DA:2243,2459008
DA:2246,543936
DA:2247,510720
DA:2248,424320
DA:2249,568128
DA:2256,110828
DA:2257,106352
DA:2258,28668
DA:2261,4476
DA:2262,3068
DA:2263,8452
DA:2264,8452
DA:2265,15880
DA:2267,10688
DA:2268,10688
DA:2270,15880
DA:2271,114496
DA:2272,109136
DA:2273,2658912
DA:2274,2544416
DA:2276,86009328
DA:2277,83355776
DA:2278,62648224
DA:2279,3186432
DA:2280,1507392
DA:2283,1507392
DA:2284,1679040
DA:2286,59932160
DA:2287,5174433792
DA:2288,2561792000
DA:2289,1972922368
DA:2296,1059123200
DA:2301,862949376
DA:2305,330573312
DA:2306,160745472
DA:2309,88321536
DA:2315,5360
DA:2319,960
DA:2320,192
DA:2326,4476
DA:2327,111320
DA:2328,106352
DA:2329,82160
DA:2330,82160
DA:2331,3019948
DA:2332,2933312
DA:2333,2246336
DA:2334,2352688
DA:2335,2246336
DA:2336,0
DA:2337,0
DA:2339,0
DA:2347,60
DA:2349,60
DA:2350,60
DA:2351,60
DA:2352,60
DA:2353,16
DA:2355,44
DA:2357,60
DA:2359,60
DA:2360,44
DA:2361,44
DA:2362,44
DA:2363,44
DA:2364,20
DA:2365,24
DA:2366,12
DA:2368,12
DA:2372,60
DA:2373,60
DA:2375,60
DA:2377,60
DA:2378,60
DA:2381,20
DA:2436,20
DA:2440,20
DA:2443,20
DA:2445,20
DA:2446,12
DA:2447,12
DA:2448,12
DA:2452,20
DA:2453,20
DA:2454,11812
DA:2457,20
DA:2459,0
DA:2462,20
DA:2463,20
DA:2464,5
DA:2465,5
DA:2466,5
DA:2467,5
DA:2468,2
DA:2469,2
DA:2470,2
DA:2472,3
DA:2473,3
DA:2474,3
DA:2479,20
DA:2481,20
DA:2482,332
DA:2483,312
DA:2484,312
DA:2485,312
DA:2486,312
DA:2490,312
DA:2491,248
DA:2493,248
DA:2497,332
DA:2498,312
DA:2499,10952
DA:2500,10640
DA:2501,485944
DA:2502,239152
DA:2503,126256
DA:2504,126256
DA:2505,126256
DA:2506,126256
DA:2507,126256
DA:2508,126256
DA:2510,126256
DA:2511,126256
DA:2512,126256
DA:2513,126256
DA:2514,126256
DA:2515,126256
DA:2517,136896
DA:2518,120432
DA:2519,120432
DA:2520,120432
DA:2521,120432
DA:2523,511440
DA:2524,511440
DA:2525,1398240
DA:2526,1398240
DA:2527,947808
DA:2528,947808
DA:2529,6547104
DA:2530,6231168
DA:2531,6547104
DA:2532,63504000
DA:2534,61326720
DA:2535,2177280
DA:2536,7983360
DA:2537,23950080
DA:2538,87816960
DA:2541,31933440
DA:2545,47900160
DA:2551,20269440
DA:2552,8107776
DA:2553,12161664
DA:2557,6547104
DA:2558,275140512
DA:2560,134296704
DA:2566,134296704
DA:2569,140527872
DA:2572,315936
DA:2576,375360
DA:2577,75072
DA:2581,120432
DA:2582,120432
DA:2583,120432
DA:2587,312
DA:2588,78
DA:2589,35
DA:2590,679
DA:2591,6433
DA:2592,6398
DA:2593,26236
DA:2594,25592
DA:2599,43
DA:2608,20
DA:2610,20
DA:2611,20
DA:2612,12
DA:2613,12
DA:2616,20
DA:2617,20
DA:2619,20
DA:2620,20
DA:2623,20
DA:2665,60
DA:2666,20
DA:2682,40
DA:2683,20
DA:2687,20
DA:2689,20
DA:2690,0
DA:2691,20
DA:2692,0
DA:2694,20
DA:2695,20
DA:2697,20
DA:2698,8
DA:2700,12
DA:2705,20
DA:2707,20
DA:2708,20
DA:2713,20
DA:2715,0
DA:2734,20
DA:2741,20
DA:2743,20
DA:2744,20
DA:2745,20
DA:2746,20
DA:2747,20
DA:2748,20
DA:2749,20
DA:2750,20
DA:2751,20
DA:2752,5
DA:2753,5
DA:2754,5
DA:2755,1
DA:2756,1
DA:2757,1
DA:2759,4
DA:2760,4
DA:2761,4
DA:2765,20
DA:2766,20
DA:2767,20
DA:2768,20
DA:2769,20
DA:2770,20
DA:2771,20
DA:2772,20
DA:2773,5
DA:2774,5
DA:2775,5
DA:2776,1
DA:2777,1
DA:2778,1
DA:2780,4
DA:2781,4
DA:2782,4
DA:2787,20
DA:2788,20
DA:2791,20
DA:2792,180
DA:2794,160
DA:2796,160
DA:2798,160
DA:2799,160
DA:2800,160
DA:2804,1972
DA:2807,1792
DA:2810,1792
DA:2813,1792
DA:2816,1792
DA:2817,1112
DA:2818,1112
DA:2819,1112
DA:2823,27136
DA:2824,27136
DA:2827,25344
DA:2828,25600
DA:2829,9984
DA:2830,49920
DA:2832,19968
DA:2833,19968
DA:2835,19968
DA:2836,19968
DA:2839,12480
DA:2840,12480
DA:2841,12480
DA:2844,19968
DA:2845,29952
DA:2848,13824
DA:2850,13824
DA:2851,13824
DA:2852,8544
DA:2853,8544
DA:2854,8544
DA:2856,13824
DA:2860,1792
DA:2864,1792
DA:2866,1792
DA:2872,22432
DA:2875,20480
DA:2877,20480
DA:2881,20480
DA:2884,20480
DA:2885,12736
DA:2886,12736
DA:2888,12736
DA:2892,20480
DA:2893,312320
DA:2894,291840
DA:2895,273408
DA:2896,273408
DA:2897,359424
DA:2898,119808
DA:2899,599040
DA:2901,239616
DA:2902,239616
DA:2903,239616
DA:2904,239616
DA:2906,149760
DA:2908,149760
DA:2909,149760
DA:2912,359424
DA:2915,11444736
DA:2916,153600
DA:2919,153600
DA:2920,153600
DA:2921,95232
DA:2923,95232
DA:2924,95232
DA:2926,153600
DA:2931,273408
DA:2932,273408
DA:2933,4171776
DA:2934,3898368
DA:2935,3658752
DA:2936,3658752
DA:2938,1557504
DA:2940,2101248
DA:2942,3658752
DA:2943,3658752
DA:2945,4171776
DA:2949,293888
DA:2950,273408
DA:2951,4171776
DA:2952,3898368
DA:2953,3658752
DA:2954,3658752
DA:2956,1557504
DA:2958,2101248
DA:2960,3658752
DA:2962,4171776
DA:2968,22272
DA:2969,5120
DA:2970,5120
DA:2971,16128
DA:2972,195840
DA:2973,209664
DA:2977,3968
DA:2980,5120
DA:2981,5120
DA:2982,16128
DA:2983,195840
DA:2984,209664
DA:2988,3968
DA:2996,20
DA:2997,20
DA:2998,20
DA:2999,20
DA:3001,20
DA:3002,20
DA:3003,20
DA:3007,0
DA:3008,0
DA:3009,0
DA:3010,0
DA:3011,0
DA:3013,0
DA:3014,0
DA:3015,0
DA:3016,0
DA:3017,0
DA:3018,0
DA:3039,20
DA:3040,20
DA:3041,8
DA:3043,12
DA:3045,20
DA:3056,20
DA:3058,20
DA:3059,20
DA:3060,20
DA:3062,20
DA:3063,20
DA:3066,8
DA:3106,8
DA:3107,8
DA:3108,8
DA:3110,8
DA:3111,0
DA:3112,0
DA:3113,0
DA:3114,0
DA:3115,0
DA:3117,0
DA:3121,8
DA:3125,8
DA:3126,0
DA:3129,8
DA:3130,0
DA:3131,8
DA:3132,0
DA:3133,8
DA:3134,0
DA:3136,8
DA:3137,8
DA:3138,8
DA:3140,8
DA:3141,8
DA:3142,8
DA:3144,8
DA:3147,8
DA:3148,8
DA:3149,8
DA:3150,2
DA:3151,2
DA:3152,2
DA:3153,1
DA:3154,1
DA:3155,1
DA:3157,1
DA:3158,1
DA:3159,1
DA:3163,8
DA:3164,8
DA:3165,8
DA:3166,2
DA:3167,2
DA:3168,2
DA:3169,1
DA:3170,1
DA:3171,1
DA:3173,1
DA:3174,1
DA:3175,1
DA:3180,8
DA:3181,8
DA:3183,8
DA:3184,8
DA:3186,72
DA:3188,64
DA:3189,64
DA:3190,64
DA:3192,64
DA:3194,64
DA:3195,64
DA:3198,64
DA:3199,64
DA:3203,840
DA:3206,768
DA:3208,768
DA:3209,768
DA:3212,768
DA:3213,480
DA:3214,480
DA:3215,480
DA:3219,12288
DA:3220,12288
DA:3221,11520
DA:3222,9984
DA:3223,50688
DA:3224,19968
DA:3225,19968
DA:3226,19968
DA:3230,19968
DA:3231,12480
DA:3232,12480
DA:3233,12480
DA:3237,19968
DA:3238,31488
DA:3242,768
DA:3246,768
DA:3248,768
DA:3252,768
DA:3253,768
DA:3256,768
DA:3257,12288
DA:3258,11520
DA:3259,9984
DA:3261,9984
DA:3262,160512
DA:3263,149760
DA:3264,129792
DA:3270,129792
DA:3271,129792
DA:3272,7207512
DA:3273,129792
DA:3274,129792
DA:3276,7207512
DA:3278,129792
DA:3279,129792
DA:3280,129792
DA:3283,141312
DA:3284,129792
DA:3285,7207512
DA:3286,129792
DA:3287,129792
DA:3289,7207512
DA:3291,129792
DA:3292,129792
DA:3293,129792
DA:3299,768
DA:3300,768
DA:3302,832
DA:3303,1344
DA:3304,576
DA:3305,576
DA:3306,4032
DA:3307,48960
DA:3308,52416
DA:3312,288
DA:3315,768
DA:3316,576
DA:3317,4032
DA:3318,48960
DA:3319,52416
DA:3323,288
DA:3332,8
DA:3333,8
DA:3334,8
DA:3335,8
DA:3336,8
DA:3337,8
DA:3339,8
DA:3341,8
DA:3342,8
DA:3344,8
DA:3345,8
DA:3347,8
DA:3349,8
DA:3351,8
DA:3353,52
DA:3383,52
DA:3397,52
DA:3399,52
DA:3401,52
DA:3403,52
DA:3404,52
DA:3405,52
DA:3408,52
DA:3410,52
DA:3411,52
DA:3412,52
DA:3413,52
DA:3414,13
DA:3415,13
DA:3420,52
DA:3421,52
DA:3422,52
DA:3424,52
DA:3425,36
DA:3429,480
DA:3430,428
DA:3431,428
DA:3432,428
DA:3433,428
DA:3437,428
DA:3439,428
DA:3440,428
DA:3443,428
DA:3444,140
DA:3445,140
DA:3452,428
DA:3453,300
DA:3455,300
DA:3456,20
DA:3457,280
DA:3458,108
DA:3460,172
DA:3463,300
DA:3464,108
DA:3466,192
DA:3473,128
DA:3478,480
DA:3480,140
DA:3482,0
DA:3483,0
DA:3484,0
DA:3485,0
DA:3486,0
DA:3487,0
DA:3488,0
DA:3490,0
DA:3491,0
DA:3492,0
DA:3494,0
DA:3496,0
DA:3497,0
DA:3498,0
DA:3499,0
DA:3500,0
DA:3501,0
DA:3503,0
DA:3509,3852
DA:3510,3712
DA:3513,3712
DA:3516,1440
DA:3517,0
DA:3519,3852
DA:3520,2272
DA:3521,49312
DA:3522,47040
DA:3523,35584
DA:3524,35584
DA:3526,0
DA:3528,35584
DA:3529,35584
DA:3530,35584
DA:3531,17280
DA:3532,17280
DA:3534,18304
DA:3536,35584
DA:3537,35584
DA:3538,37856
DA:3539,35584
DA:3540,0
DA:3541,0
DA:3543,0
DA:3551,1440
DA:3552,720
DA:3553,720
DA:3555,720
DA:3556,720
DA:3558,1440
DA:3559,36000
DA:3560,34560
DA:3561,24768
DA:3562,74304
DA:3563,49536
DA:3564,49536
DA:3565,74304
DA:3566,34560
DA:3567,34560
DA:3568,34560
DA:3570,14976
DA:3571,14976
DA:3572,14976
DA:3575,24768
DA:3576,26208
DA:3577,24768
DA:3578,0
DA:3579,0
DA:3581,0
DA:3588,2888
DA:3589,2600
DA:3590,43880
DA:3591,40992
DA:3592,32352
DA:3593,2976
DA:3594,2976
DA:3596,29376
DA:3598,32352
DA:3599,32352
DA:3600,34952
DA:3601,32352
DA:3602,0
DA:3603,0
DA:3605,0
DA:3611,52
DA:3612,52
DA:3613,36
DA:3616,52
DA:3618,52
DA:3619,52
DA:3622,52
DA:3623,52
DA:3626,12
DA:3653,24
DA:3654,48
DA:3655,12
DA:3656,36
DA:3657,12
DA:3671,12
DA:3672,12
DA:3676,12
DA:3677,4
DA:3678,8
DA:3680,8
DA:3681,8
DA:3684,12
DA:3686,12
DA:3694,12
DA:3695,0
DA:3701,12
DA:3702,4
DA:3703,4
DA:3705,8
DA:3706,8
DA:3708,12
DA:3709,12
DA:3710,12
DA:3711,12
DA:3712,12
DA:3713,165900
DA:3714,12
DA:3715,331788
DA:3717,12
DA:3718,12
DA:3719,12
DA:3720,12
DA:3721,12
DA:3722,12
DA:3723,12
DA:3724,12
DA:3726,12
DA:3727,12
DA:3728,12
DA:3729,12
DA:3730,12
DA:3731,12
DA:3732,12
DA:3734,12
DA:3736,12
DA:3737,12
DA:3738,12
DA:3741,12
DA:3743,12
DA:3744,12
DA:3745,12
DA:3746,12
DA:3747,3
DA:3748,3
DA:3753,12
DA:3754,12
DA:3755,12
DA:3756,12
DA:3757,12
DA:3758,12
DA:3759,24
DA:3760,12
DA:3761,12
DA:3762,24
DA:3763,12
DA:3764,12
DA:3767,12
DA:3769,12
DA:3770,12
DA:3771,12
DA:3772,12
DA:3773,156
DA:3774,144
DA:3775,96
DA:3777,96
DA:3778,96
DA:3780,80
DA:3781,48
DA:3782,32
DA:3783,32
DA:3785,0
DA:3787,96
DA:3789,96
DA:3790,96
DA:3791,96
DA:3793,96
DA:3796,96
DA:3797,96
DA:3798,96
DA:3799,108
DA:3810,12
DA:3811,12
DA:3812,12
DA:3813,12
DA:3814,165900
DA:3815,331788
DA:3816,12
DA:3817,5308812
DA:3819,12
DA:3820,3
DA:3821,3
DA:3823,12
DA:3829,12
DA:3830,12
DA:3833,12
DA:3834,48
DA:3835,48
DA:3836,300
DA:3837,7212
DA:3838,173088
DA:3839,165888
DA:3840,165888
DA:3841,165888
DA:3842,172800
DA:3846,76
DA:3847,64
DA:3848,268
DA:3851,108
DA:3852,96
DA:3853,96
DA:3854,96
DA:3855,96
DA:3861,608
DA:3862,864
DA:3863,96
DA:3864,96
DA:3865,96
DA:3866,608
DA:3867,608
DA:3868,2656
DA:3871,96
DA:3872,96
DA:3873,608
DA:3877,512
DA:3879,72240
DA:3880,71632
DA:3883,71632
DA:3884,72144
DA:3888,96
DA:3889,96
DA:3891,1248
DA:3892,1152
DA:3893,768
DA:3895,768
DA:3896,128
DA:3897,640
DA:3898,384
DA:3899,256
DA:3900,256
DA:3902,0
DA:3905,768
DA:3906,768
DA:3907,768
DA:3910,5472
DA:3911,4608
DA:3912,5760
DA:3916,96
DA:3917,96
DA:3920,96
DA:3921,96
DA:3922,96
DA:3923,96
DA:3925,96
DA:3928,24
DA:3929,24
DA:3931,96
DA:3932,96
DA:3939,96
DA:3941,96
DA:3942,620
DA:3943,512
DA:3944,6752
DA:3945,6144
DA:3946,4608
DA:3947,5120
DA:3953,12
DA:3954,12
DA:3955,12
DA:3956,12
DA:3957,12
DA:3958,12
DA:3959,12
DA:3960,12
DA:3961,12
DA:3962,12
DA:3963,12
DA:3964,12
DA:3965,12
DA:3966,12
DA:3967,12
DA:3970,12
DA:3973,12
DA:3974,12
DA:3975,12
DA:3976,12
DA:3978,12
DA:3979,12
DA:3982,8
DA:4010,16
DA:4011,32
DA:4012,8
DA:4013,24
DA:4014,8
DA:4015,8
DA:4028,8
DA:4029,8
DA:4030,8
DA:4034,8
DA:4035,0
DA:4036,8
DA:4038,8
DA:4039,8
DA:4042,8
DA:4044,8
DA:4052,8
DA:4053,0
DA:4059,8
DA:4060,0
DA:4061,0
DA:4063,8
DA:4064,8
DA:4066,8
DA:4067,8
DA:4068,8
DA:4069,8
DA:4070,8
DA:4071,8
DA:4072,8
DA:4073,189008
DA:4074,8
DA:4075,378008
DA:4077,8
DA:4078,8
DA:4079,8
DA:4080,8
DA:4081,8
DA:4082,8
DA:4083,8
DA:4084,8
DA:4086,8
DA:4087,8
DA:4088,8
DA:4089,8
DA:4090,8
DA:4091,8
DA:4092,8
DA:4094,8
DA:4096,8
DA:4097,8
DA:4098,8
DA:4101,8
DA:4103,8
DA:4104,8
DA:4105,8
DA:4106,8
DA:4107,2
DA:4108,2
DA:4113,8
DA:4114,8
DA:4115,8
DA:4116,8
DA:4117,8
DA:4118,8
DA:4119,16
DA:4120,8
DA:4121,8
DA:4122,16
DA:4123,8
DA:4124,8
DA:4127,8
DA:4129,8
DA:4130,8
DA:4131,8
DA:4132,8
DA:4133,568
DA:4134,560
DA:4135,432
DA:4137,432
DA:4138,432
DA:4140,432
DA:4141,432
DA:4142,0
DA:4143,0
DA:4145,0
DA:4147,432
DA:4149,432
DA:4150,432
DA:4151,432
DA:4152,432
DA:4153,432
DA:4156,432
DA:4157,432
DA:4159,5530432
DA:4162,432
DA:4163,440
DA:4174,8
DA:4175,8
DA:4176,8
DA:4177,8
DA:4178,189008
DA:4179,378008
DA:4180,8
DA:4181,6048264
DA:4183,8
DA:4184,2
DA:4185,2
DA:4187,8
DA:4193,8
DA:4194,8
DA:4197,8
DA:4198,224
DA:4199,224
DA:4200,108
DA:4201,108
DA:4202,108
DA:4204,108
DA:4205,108
DA:4208,8
DA:4209,8
DA:4212,8
DA:4213,32
DA:4214,32
DA:4215,188
DA:4216,4288
DA:4217,98780
DA:4218,94500
DA:4219,94500
DA:4220,94500
DA:4221,98600
DA:4225,224
DA:4226,216
DA:4227,872
DA:4230,72
DA:4231,64
DA:4232,64
DA:4233,64
DA:4234,64
DA:4240,1792
DA:4241,3520
DA:4242,64
DA:4243,64
DA:4244,64
DA:4245,1792
DA:4246,1792
DA:4247,8704
DA:4250,64
DA:4251,64
DA:4252,1792
DA:4256,1728
DA:4258,338230
DA:4259,336438
DA:4262,336438
DA:4263,338166
DA:4267,64
DA:4268,64
DA:4269,4544
DA:4270,4480
DA:4271,3456
DA:4273,3456
DA:4274,0
DA:4275,3456
DA:4276,3456
DA:4277,0
DA:4278,0
DA:4280,0
DA:4284,3456
DA:4285,3456
DA:4286,3456
DA:4289,104896
DA:4290,101376
DA:4291,50688
DA:4293,50688
DA:4296,105856
DA:4300,64
DA:4301,64
DA:4304,64
DA:4305,64
DA:4306,64
DA:4307,64
DA:4309,64
DA:4312,16
DA:4313,16
DA:4315,64
DA:4316,64
DA:4323,64
DA:4325,64
DA:4327,64
DA:4328,1792
DA:4329,1728
DA:4330,140032
DA:4331,138240
DA:4332,101376
DA:4333,103104
DA:4336,72
DA:4340,8
DA:4341,8
DA:4342,8
DA:4343,8
DA:4344,8
DA:4345,8
DA:4346,8
DA:4347,8
DA:4348,8
DA:4349,8
DA:4350,8
DA:4351,8
DA:4352,8
DA:4353,8
DA:4354,8
DA:4355,8
DA:4356,8
DA:4359,8
DA:4362,8
DA:4363,8
DA:4364,8
DA:4365,8
DA:4367,8
DA:4368,8
DA:4371,140
DA:4384,140
DA:4385,140
DA:4386,0
DA:4387,0
DA:4388,0
DA:4389,0
DA:4391,0
DA:4392,0
DA:4396,3852
DA:4397,3712
DA:4400,3712
DA:4403,1440
DA:4404,0
DA:4406,3852
DA:4407,2272
DA:4408,2272
DA:4410,0
DA:4412,2272
DA:4413,2272
DA:4415,1440
DA:4416,720
DA:4417,720
DA:4419,720
DA:4420,720
DA:4422,1440
DA:4423,1440
DA:4427,140
DA:4429,428
DA:4450,856
DA:4451,428
DA:4453,428
DA:4454,428
DA:4456,207680
DA:4457,103626
DA:4458,103626
DA:4459,103626
DA:4460,104054
DA:4463,428
DA:4465,428
DA:4467,6740
DA:4469,6312
DA:4471,6312
DA:4473,107304
DA:4474,100992
DA:4475,17160
DA:4476,17160
DA:4478,3247546
DA:4479,100992
DA:4482,1341658
DA:4483,1335346
DA:4485,1335346
DA:4487,1335346
DA:4488,1341658
DA:4490,6312
DA:4491,200
DA:4492,200
DA:4494,6112
DA:4496,6312
DA:4498,6740
DA:4501,428
DA:4502,428
DA:4505,112
DA:4518,112
DA:4519,112
DA:4520,112
DA:4523,112
DA:4525,1020
DA:4526,908
DA:4527,908
DA:4528,18948
DA:4529,17928
DA:4530,11224
DA:4531,12132
DA:4532,11224
DA:4533,0
DA:4534,0
DA:4536,0
DA:4541,112
DA:4542,112
DA:4545,112
DA:4548,40
DA:4572,40
DA:4579,40
DA:4580,40
DA:4581,40
DA:4582,24
DA:4584,16
DA:4588,40
DA:4590,40
DA:4591,16
DA:4592,16
DA:4593,16
DA:4594,16
DA:4595,16
DA:4596,16
DA:4597,8
DA:4598,4104
DA:4600,8
DA:4601,24
DA:4605,40
DA:4607,360
DA:4609,320
DA:4610,320
DA:4611,320
DA:4613,320
DA:4615,320
DA:4617,320
DA:4618,320
DA:4619,320
DA:4620,192
DA:4622,128
DA:4627,320
DA:4628,80
DA:4629,32
DA:4630,32
DA:4631,16
DA:4633,16
DA:4636,48
DA:4637,48
DA:4638,16
DA:4640,32
DA:4645,320
DA:4647,320
DA:4648,320
DA:4649,4288
DA:4650,3968
DA:4651,896
DA:4652,896
DA:4653,640
DA:4654,640
DA:4655,640
DA:4656,640
DA:4658,256
DA:4659,768
DA:4660,512
DA:4661,768
DA:4664,896
DA:4666,896
DA:4667,640
DA:4669,768
DA:4670,768
DA:4673,896
DA:4674,2880
DA:4675,23360
DA:4676,186880
DA:4677,163840
DA:4678,163840
DA:4679,184320
DA:4680,98304
DA:4682,196608
DA:4683,196608
DA:4690,1216
DA:4691,224
DA:4692,80
DA:4693,40
DA:4694,24
DA:4696,48
DA:4697,48
DA:4701,40
DA:4702,24
DA:4704,48
DA:4705,16
DA:4710,144
DA:4711,40
DA:4712,24
DA:4714,48
DA:4715,16
DA:4719,104
DA:4720,88
DA:4722,48
DA:4723,16
DA:4783,360
DA:4787,40
DA:4788,16
DA:4789,8
DA:4791,8
DA:4796,40
DA:4797,24
DA:4799,16
DA:4803,40
DA:4804,40
DA:4806,40
DA:4808,40
DA:4809,40
DA:4811,32
DA:4834,128
DA:4837,32
DA:4838,32
DA:4841,32
DA:4847,32
DA:4848,12
DA:4850,12
DA:4853,12
DA:4854,12
DA:4857,0
DA:4861,20
DA:4862,12
DA:4864,8
DA:4870,32
DA:4871,32
DA:4875,32
DA:4876,32
DA:4877,8
DA:4878,8
DA:4884,32
DA:4885,45453
DA:4886,45453
DA:4892,32
DA:4893,160
DA:4894,45453
DA:4897,45421
DA:4899,8
DA:4900,8
DA:4901,8
DA:4905,45413
DA:4907,8
DA:4908,8
DA:4909,8
DA:4912,45405
DA:4914,8
DA:4915,8
DA:4916,8
DA:4919,45397
DA:4921,8
DA:4922,8
DA:4923,8
DA:4927,45389
DA:4929,8
DA:4930,8
DA:4931,8
DA:4934,45381
DA:4936,8
DA:4937,8
DA:4938,8
DA:4941,45373
DA:4943,8
DA:4944,8
DA:4945,8
DA:4948,45365
DA:4950,8
DA:4951,8
DA:4952,8
DA:4955,45357
DA:4957,8
DA:4958,8
DA:4959,8
DA:4962,45349
DA:4964,8
DA:4965,8
DA:4966,8
DA:4969,45341
DA:4971,8
DA:4972,8
DA:4973,8
DA:4976,45333
DA:4978,8
DA:4979,8
DA:4980,8
DA:4983,45325
DA:4985,8
DA:4986,8
DA:4987,8
DA:4991,45317
DA:4993,8
DA:4994,8
DA:4995,8
DA:4998,45309
DA:5000,8
DA:5001,8
DA:5002,8
DA:5005,45301
DA:5007,8
DA:5008,8
DA:5009,8
DA:5012,45293
DA:5014,8
DA:5015,8
DA:5016,8
DA:5019,45285
DA:5021,8
DA:5022,8
DA:5023,8
DA:5026,45277
DA:5028,8
DA:5029,8
DA:5030,8
DA:5033,45269
DA:5035,8
DA:5036,8
DA:5037,8
DA:5040,45261
DA:5042,8
DA:5043,8
DA:5044,8
DA:5047,45253
DA:5049,8
DA:5050,8
DA:5051,8
DA:5054,45245
DA:5056,8
DA:5057,8
DA:5058,8
DA:5061,45237
DA:5063,8
DA:5064,8
DA:5065,8
DA:5068,45229
DA:5070,8
DA:5071,8
DA:5072,8
DA:5075,45221
DA:5077,8
DA:5078,8
DA:5079,8
DA:5082,45213
DA:5084,8
DA:5085,8
DA:5086,8
DA:5089,45205
DA:5091,8
DA:5092,8
DA:5093,8
DA:5096,45197
DA:5098,8
DA:5099,8
DA:5100,8
DA:5103,45189
DA:5105,8
DA:5106,8
DA:5107,8
DA:5110,45181
DA:5112,8
DA:5113,8
DA:5114,8
DA:5117,45173
DA:5118,32
DA:5119,8
DA:5120,8
DA:5121,8
DA:5128,32
DA:5130,32
DA:5131,160
DA:5132,32
DA:5133,8
DA:5134,8
DA:5135,40
DA:5136,40
DA:5138,8
DA:5144,32
DA:5145,32
DA:5146,32
DA:5150,160
DA:5151,32
DA:5152,464
DA:5153,160
DA:5154,32
DA:5155,32
DA:5159,32
DA:5160,32
DA:5161,224
DA:5162,128
DA:5168,288
DA:5169,288
DA:5175,288
DA:5177,288
DA:5182,464
DA:5183,432
DA:5184,432
DA:5185,464
DA:5188,224
DA:5189,96
DA:5190,96
DA:5191,128
DA:5196,464
DA:5197,14288
DA:5198,17280
DA:5199,3456
DA:5200,3456
DA:5201,3456
DA:5202,7344
DA:5205,32
DA:5207,32
DA:5209,32
DA:5210,32
DA:5211,32
DA:5213,32
DA:5215,64
DA:5218,0
DA:5233,0
DA:5236,0
DA:5237,0
DA:5239,0
DA:5240,0
DA:5243,0
DA:5244,0
DA:5245,0
DA:5246,0
DA:5248,0
DA:5249,0
DA:5255,0
DA:5256,0
DA:5257,0
DA:5258,0
DA:5259,0
DA:5260,0
DA:5261,0
DA:5262,0
DA:5263,0
DA:5264,0
DA:5265,0
DA:5266,0
DA:5270,0
DA:5273,0
DA:5274,0
DA:5275,0
DA:5276,0
DA:5278,0
DA:5280,120
DA:5290,120
DA:5293,120
DA:5294,120
DA:5297,3960
DA:5298,5880
DA:5299,7680
DA:5302,2040
DA:5304,120
DA:5306,120
DA:5308,120
DA:5310,1400
DA:5313,1280
DA:5315,1280
DA:5317,1280
DA:5319,1400
DA:5327,120
DA:5329,120
DA:5332,120
DA:5333,3815
DA:5340,120
DA:5344,120
DA:5345,120
DA:5346,120
DA:5347,2040
DA:5348,2040
DA:5350,120
DA:5352,120
DA:5353,0
DA:5354,120
DA:5355,120
DA:5358,1360
DA:5367,1360
DA:5368,1360
DA:5370,1360
DA:5371,1360
DA:5374,1360
DA:5375,1360
DA:5377,1360
DA:5378,1360
DA:5379,1360
DA:5381,5440
DA:5382,5440
DA:5383,5440
DA:5387,1360
DA:5391,14376
DA:5418,14376
DA:5419,14376
DA:5420,14376
DA:5421,14376
DA:5423,14376
DA:5424,14376
DA:5425,2280
DA:5427,12096
DA:5430,453928
DA:5431,439552
DA:5432,439552
DA:5434,439552
DA:5438,439552
DA:5439,197032
DA:5440,242520
DA:5441,203016
DA:5443,39504
DA:5447,439552
DA:5448,105216
DA:5450,439552
DA:5451,4864
DA:5452,3456
DA:5453,3456
DA:5455,439552
DA:5456,4608
DA:5457,3840
DA:5458,3840
DA:5459,3840
DA:5460,3840
DA:5462,439552
DA:5463,2048
DA:5464,1792
DA:5465,1792
DA:5466,1792
DA:5467,1792
DA:5468,1792
DA:5469,1792
DA:5471,439552
DA:5472,768
DA:5473,768
DA:5475,439552
DA:5476,1024
DA:5477,1024
DA:5478,1024
DA:5480,439552
DA:5481,560640
DA:5482,560640
DA:5483,560640
DA:5484,560640
DA:5486,439552
DA:5487,1536
DA:5488,1536
DA:5489,1536
DA:5490,1792
DA:5491,1792
DA:5493,453928
DA:5494,2048
DA:5495,2048
DA:5496,2048
DA:5497,2048
DA:5498,2304
DA:5499,2304
DA:5504,14376
DA:5509,0
DA:5514,429952
DA:5518,0
DA:5523,376192
DA:5526,377344
DA:5531,377344
DA:5532,377344
DA:5535,376320
DA:5540,376320
DA:5541,376320
DA:5545,0
DA:5550,2816
DA:5553,768
DA:5558,768
DA:5559,768
DA:5562,768
DA:5567,768
DA:5568,768
DA:5571,1792
DA:5576,1792
DA:5577,1792
DA:5580,768
DA:5585,768
DA:5586,768
DA:5590,0
DA:5595,256
DA:5598,256
DA:5603,256
DA:5604,256
DA:5607,256
DA:5612,256
DA:5613,256
DA:5616,256
DA:5621,256
DA:5622,256
DA:5625,256
DA:5630,256
DA:5631,256
DA:5634,256
DA:5639,256
DA:5640,256
DA:5643,256
DA:5648,256
DA:5649,256
DA:5655,6312
DA:5674,6312
DA:5676,6312
DA:5677,6312
DA:5678,6312
DA:5682,4210104
DA:5683,2101896
DA:5684,2101896
DA:5685,2108208
DA:5688,6312
DA:5689,6312
DA:5690,192
DA:5691,6312
DA:5693,576
DA:5694,6312
DA:5696,31560
DA:5697,5372944
DA:5698,5341384
DA:5699,1784022256
DA:5701,5341384
DA:5702,5366632
DA:5706,6312
DA:5707,6312
LF:2839
LH:2453
end_of_record
