TN:
SF:/home/jmlihm/dipole/qe-new/PP/src/pw2wannier90.f90
FN:99,__wannier_MOD_utility_setup_wfc_and_pw
FN:196,__wannier_MOD_utility_compute_u_kb
FN:378,MAIN__
FN:382,main
FN:813,lib_dealloc_
FN:826,setup_nnkp_
FN:1012,run_wannier_
FN:1050,find_mp_grid_
FN:1108,read_nnkp_
FN:1468,scan_file_to_
FN:1495,pw2wan_set_symm_
FN:1594,compute_dmn_
FN:2270,compute_mmn_
FN:2600,utility_merge_files_
FN:2674,compute_spin_
FN:2912,compute_orb_
FN:3189,compute_shc_
FN:3421,utility_write_array_
FN:3466,utility_open_output_file_
FN:3515,compute_amn_
FN:3765,compute_amn_with_scdm_
FN:4167,orient_gf_spinor_
FN:4213,generate_guiding_functions_
FN:4289,write_band_
FN:4350,write_plot_
FN:4613,write_parity_
FN:4752,wan2sic_
FN:4814,ylm_expansion_
FN:4866,check_inverse_
FN:4892,set_u_matrix_
FN:4925,ylm_wannier_
FN:5043,s_
FN:5052,p_z_
FN:5060,px_
FN:5069,py_
FN:5079,dz2_
FN:5087,dxz_
FN:5096,dyz_
FN:5105,dx2my2_
FN:5114,dxy_
FN:5124,fz3_
FN:5132,fxz2_
FN:5141,fyz2_
FN:5150,fzx2my2_
FN:5159,fxyz_
FN:5168,fxx2m3y2_
FN:5177,fy3x2my2_
FN:5189,radialpart_
FNDA:23262,__wannier_MOD_utility_setup_wfc_and_pw
FNDA:20748,__wannier_MOD_utility_compute_u_kb
FNDA:324,MAIN__
FNDA:324,main
FNDA:0,lib_dealloc_
FNDA:0,setup_nnkp_
FNDA:0,run_wannier_
FNDA:0,find_mp_grid_
FNDA:324,read_nnkp_
FNDA:567,scan_file_to_
FNDA:24,pw2wan_set_symm_
FNDA:24,compute_dmn_
FNDA:116,compute_mmn_
FNDA:996,utility_merge_files_
FNDA:80,compute_spin_
FNDA:104,compute_orb_
FNDA:64,compute_shc_
FNDA:64236,utility_write_array_
FNDA:712,utility_open_output_file_
FNDA:108,compute_amn_
FNDA:48,compute_amn_with_scdm_
FNDA:354,orient_gf_spinor_
FNDA:856,generate_guiding_functions_
FNDA:284,write_band_
FNDA:128,write_plot_
FNDA:44,write_parity_
FNDA:0,wan2sic_
FNDA:324,ylm_expansion_
FNDA:324,check_inverse_
FNDA:4672,set_u_matrix_
FNDA:49080,ylm_wannier_
FNDA:0,s_
FNDA:0,p_z_
FNDA:1259136,px_
FNDA:1255040,py_
FNDA:0,dz2_
FNDA:3456,dxz_
FNDA:3456,dyz_
FNDA:7552,dx2my2_
FNDA:3456,dxy_
FNDA:0,fz3_
FNDA:1024,fxz2_
FNDA:1024,fyz2_
FNDA:1024,fzx2my2_
FNDA:1024,fxyz_
FNDA:1024,fxx2m3y2_
FNDA:1024,fy3x2my2_
FNDA:15048,radialpart_
FNF:48
FNH:39
DA:99,23262
DA:143,46524
DA:147,399414
DA:150,23262
DA:152,23262
DA:157,20370
DA:164,2892
DA:166,2892
DA:169,2892
DA:170,2892
DA:173,2892
DA:174,2892
DA:175,0
DA:176,2892
DA:177,2892
DA:182,23262
DA:184,20370
DA:185,20370
DA:188,2892
DA:192,23262
DA:196,20760
DA:264,41496
DA:269,20748
DA:271,20748
DA:276,20748
DA:277,0
DA:279,20748
DA:281,20748
DA:282,20748
DA:284,311772
DA:286,20748
DA:288,20748
DA:290,20748
DA:291,20748
DA:292,20748
DA:296,20748
DA:300,20748
DA:301,360732
DA:302,339984
DA:303,291024
DA:304,311772
DA:310,20748
DA:311,35510304
DA:312,12432
DA:313,12432
DA:318,311772
DA:320,797676
DA:321,485904
DA:325,485904
DA:326,485904
DA:327,485904
DA:329,485904
DA:334,485904
DA:335,292224
DA:336,292224
DA:337,292224
DA:342,485904
DA:343,485904
DA:344,485904
DA:346,776928
DA:347,240
DA:348,240
DA:355,20748
DA:359,4236
DA:360,4236
DA:364,20748
DA:365,20748
DA:367,20748
DA:370,41496
DA:378,324
DA:382,324
DA:424,324
DA:427,324
DA:429,324
DA:433,324
DA:434,324
DA:438,81
DA:442,81
DA:443,81
DA:444,81
DA:445,81
DA:446,81
DA:447,81
DA:448,81
DA:449,81
DA:450,81
DA:451,81
DA:452,81
DA:453,81
DA:454,81
DA:455,81
DA:456,81
DA:458,81
DA:459,81
DA:462,81
DA:463,81
DA:464,81
DA:465,81
DA:467,81
DA:468,81
DA:469,81
DA:470,81
DA:471,81
DA:472,81
DA:473,81
DA:474,81
DA:478,81
DA:482,81
DA:486,324
DA:487,324
DA:491,324
DA:492,324
DA:493,324
DA:494,324
DA:495,324
DA:496,324
DA:497,324
DA:498,324
DA:499,324
DA:500,324
DA:501,324
DA:503,324
DA:504,324
DA:507,324
DA:508,324
DA:510,324
DA:511,324
DA:512,324
DA:513,324
DA:514,324
DA:515,324
DA:516,324
DA:517,324
DA:518,324
DA:519,324
DA:520,324
DA:521,324
DA:522,324
DA:523,324
DA:527,324
DA:528,0
DA:530,324
DA:531,0
DA:534,324
DA:538,324
DA:539,324
DA:540,324
DA:541,324
DA:542,324
DA:545,324
DA:546,0
DA:548,324
DA:549,0
DA:550,324
DA:551,0
DA:552,324
DA:554,48
DA:558,0
DA:561,324
DA:562,0
DA:564,348
DA:566,24
DA:567,24
DA:568,24
DA:569,24
DA:570,24
DA:572,32
DA:573,32
DA:574,32
DA:575,32
DA:576,32
DA:578,268
DA:579,168
DA:581,100
DA:583,268
DA:584,268
DA:585,268
DA:586,592
DA:590,324
DA:591,324
DA:593,324
DA:595,324
DA:596,324
DA:597,324
DA:599,324
DA:601,324
DA:602,324
DA:603,324
DA:604,324
DA:605,324
DA:606,324
DA:607,324
DA:608,324
DA:609,324
DA:610,324
DA:611,324
DA:612,24
DA:613,24
DA:614,24
DA:615,24
DA:616,24
DA:617,24
DA:619,324
DA:620,156
DA:621,48
DA:622,48
DA:623,48
DA:624,48
DA:625,48
DA:627,108
DA:628,108
DA:629,108
DA:630,108
DA:631,108
DA:633,156
DA:635,168
DA:636,168
DA:637,168
DA:638,168
DA:640,324
DA:641,116
DA:642,116
DA:643,116
DA:644,116
DA:645,116
DA:646,116
DA:648,208
DA:649,208
DA:650,208
DA:651,208
DA:653,324
DA:654,168
DA:655,80
DA:656,80
DA:657,80
DA:658,80
DA:659,80
DA:660,80
DA:662,88
DA:663,88
DA:664,88
DA:665,88
DA:667,156
DA:668,8
DA:669,8
DA:670,8
DA:671,8
DA:672,8
DA:674,324
DA:675,104
DA:676,104
DA:677,104
DA:678,104
DA:679,104
DA:680,104
DA:682,220
DA:683,220
DA:684,220
DA:685,220
DA:687,324
DA:688,64
DA:689,64
DA:690,64
DA:691,64
DA:692,64
DA:693,64
DA:695,260
DA:696,260
DA:697,260
DA:698,260
DA:700,324
DA:701,284
DA:702,284
DA:703,284
DA:704,284
DA:705,284
DA:706,284
DA:708,40
DA:709,40
DA:710,40
DA:711,40
DA:713,324
DA:714,128
DA:715,128
DA:716,128
DA:717,128
DA:718,128
DA:719,128
DA:721,196
DA:722,196
DA:723,196
DA:724,196
DA:726,324
DA:727,44
DA:728,44
DA:729,44
DA:730,44
DA:731,44
DA:732,44
DA:734,280
DA:735,280
DA:736,280
DA:737,280
DA:739,324
DA:740,324
DA:741,324
DA:742,324
DA:744,324
DA:745,324
DA:746,324
DA:747,324
DA:748,324
DA:749,324
DA:750,324
DA:751,324
DA:752,324
DA:753,324
DA:755,324
DA:756,324
DA:757,324
DA:758,324
DA:760,324
DA:763,324
DA:764,324
DA:765,324
DA:769,0
DA:772,0
DA:773,0
DA:774,0
DA:775,0
DA:776,0
DA:777,0
DA:778,0
DA:779,0
DA:780,0
DA:781,0
DA:782,0
DA:783,0
DA:784,0
DA:785,0
DA:788,0
DA:789,0
DA:791,0
DA:792,0
DA:793,0
DA:794,0
DA:796,0
DA:797,0
DA:798,0
DA:802,0
DA:804,0
DA:805,0
DA:809,0
DA:813,0
DA:820,0
DA:822,0
DA:826,0
DA:847,0
DA:849,0
DA:873,0
DA:874,0
DA:875,0
DA:876,0
DA:877,0
DA:878,0
DA:881,0
DA:883,0
DA:885,0
DA:886,0
DA:888,0
DA:890,0
DA:891,0
DA:892,0
DA:896,0
DA:898,0
DA:901,0
DA:905,0
DA:909,0
DA:910,0
DA:911,0
DA:912,0
DA:913,0
DA:914,0
DA:915,0
DA:916,0
DA:917,0
DA:918,0
DA:919,0
DA:920,0
DA:921,0
DA:923,0
DA:924,0
DA:926,0
DA:929,0
DA:931,0
DA:933,0
DA:934,0
DA:935,0
DA:936,0
DA:937,0
DA:938,0
DA:939,0
DA:942,0
DA:943,0
DA:947,0
DA:948,0
DA:950,0
DA:952,0
DA:953,0
DA:955,0
DA:956,0
DA:958,0
DA:959,0
DA:960,0
DA:961,0
DA:962,0
DA:964,0
DA:966,0
DA:968,0
DA:969,0
DA:971,0
DA:972,0
DA:973,0
DA:975,0
DA:976,0
DA:978,0
DA:979,0
DA:980,0
DA:981,0
DA:982,0
DA:983,0
DA:984,0
DA:985,0
DA:987,0
DA:988,0
DA:989,0
DA:994,0
DA:995,0
DA:996,0
DA:997,0
DA:998,0
DA:1000,0
DA:1003,0
DA:1005,0
DA:1006,0
DA:1008,0
DA:1012,0
DA:1024,0
DA:1025,0
DA:1026,0
DA:1027,0
DA:1028,0
DA:1031,0
DA:1035,0
DA:1039,0
DA:1040,0
DA:1041,0
DA:1042,0
DA:1043,0
DA:1044,0
DA:1046,0
DA:1050,0
DA:1061,0
DA:1063,0
DA:1065,0
DA:1066,0
DA:1067,0
DA:1068,0
DA:1071,0
DA:1073,0
DA:1075,0
DA:1076,0
DA:1077,0
DA:1080,0
DA:1082,0
DA:1084,0
DA:1085,0
DA:1086,0
DA:1089,0
DA:1091,0
DA:1092,0
DA:1094,0
DA:1096,0
DA:1098,0
DA:1099,0
DA:1101,0
DA:1102,0
DA:1104,0
DA:1108,324
DA:1131,324
DA:1136,324
DA:1138,81
DA:1139,81
DA:1141,0
DA:1144,81
DA:1145,81
DA:1149,324
DA:1152,324
DA:1153,324
DA:1155,324
DA:1157,81
DA:1158,81
DA:1160,0
DA:1162,567
DA:1163,243
DA:1164,1053
DA:1165,972
DA:1168,567
DA:1169,1053
DA:1170,972
DA:1171,0
DA:1172,0
DA:1173,0
DA:1177,81
DA:1179,81
DA:1180,81
DA:1182,0
DA:1184,567
DA:1185,243
DA:1186,1053
DA:1187,972
DA:1190,567
DA:1191,1053
DA:1192,972
DA:1193,0
DA:1194,0
DA:1195,0
DA:1199,81
DA:1201,81
DA:1202,81
DA:1204,0
DA:1206,81
DA:1207,81
DA:1208,0
DA:1209,0
DA:1210,0
DA:1212,81
DA:1213,836
DA:1214,755
DA:1215,755
DA:1217,755
DA:1218,81
DA:1219,0
DA:1220,0
DA:1221,0
DA:1222,0
DA:1223,0
DA:1227,81
DA:1232,324
DA:1233,324
DA:1235,324
DA:1236,81
DA:1237,42
DA:1238,42
DA:1239,42
DA:1241,0
DA:1242,0
DA:1243,0
DA:1246,0
DA:1250,39
DA:1251,39
DA:1252,39
DA:1254,0
DA:1257,81
DA:1261,324
DA:1262,324
DA:1264,324
DA:1265,0
DA:1266,0
DA:1267,0
DA:1268,0
DA:1269,0
DA:1270,0
DA:1275,324
DA:1277,0
DA:1278,0
DA:1279,2268
DA:1280,324
DA:1281,168
DA:1284,324
DA:1285,2289
DA:1286,1104
DA:1287,1104
DA:1289,1104
DA:1290,1104
DA:1292,1104
DA:1293,1104
DA:1295,1104
DA:1296,1104
DA:1297,0
DA:1298,1104
DA:1299,0
DA:1301,1104
DA:1302,1185
DA:1303,832
DA:1305,832
DA:1306,832
DA:1307,832
DA:1313,324
DA:1314,81
DA:1315,81
DA:1316,12
DA:1317,12
DA:1319,12
DA:1320,12
DA:1321,0
DA:1322,0
DA:1323,0
DA:1324,0
DA:1325,0
DA:1326,0
DA:1328,12
DA:1329,0
DA:1334,0
DA:1337,69
DA:1340,0
DA:1346,324
DA:1347,324
DA:1348,324
DA:1349,324
DA:1350,324
DA:1351,324
DA:1352,324
DA:1353,324
DA:1354,324
DA:1355,168
DA:1356,168
DA:1359,324
DA:1361,324
DA:1363,324
DA:1364,324
DA:1365,4740
DA:1367,4740
DA:1370,324
DA:1371,81
DA:1372,81
DA:1374,0
DA:1376,81
DA:1380,324
DA:1382,324
DA:1384,0
DA:1385,972
DA:1386,324
DA:1387,3392
DA:1390,324
DA:1391,324
DA:1392,324
DA:1394,324
DA:1395,836
DA:1396,7863
DA:1397,7782
DA:1403,324
DA:1404,324
DA:1406,3344
DA:1407,31452
DA:1409,28108
DA:1410,11872
DA:1411,28108
DA:1412,28108
DA:1413,28108
DA:1414,28108
DA:1415,28108
DA:1416,163360
DA:1418,66116
DA:1419,9451
DA:1420,94224
DA:1424,324
DA:1425,324
DA:1426,3344
DA:1427,31452
DA:1428,28108
DA:1430,3020
DA:1433,324
DA:1435,324
DA:1436,324
DA:1438,324
DA:1440,324
DA:1441,81
DA:1442,81
DA:1444,0
DA:1446,81
DA:1447,81
DA:1448,573
DA:1449,492
DA:1450,492
DA:1451,0
DA:1452,573
DA:1455,324
DA:1458,324
DA:1459,324
DA:1460,324
DA:1462,324
DA:1464,324
DA:1468,567
DA:1484,12747
DA:1485,12609
DA:1486,912
DA:1487,498
DA:1488,498
DA:1489,69
DA:1490,69
DA:1495,24
DA:1512,24
DA:1513,24
DA:1516,48
DA:1518,24
DA:1519,24
DA:1520,24
DA:1521,24
DA:1522,24
DA:1523,24
DA:1524,24
DA:1527,24
DA:1528,24
DA:1529,0
DA:1530,0
DA:1532,0
DA:1534,0
DA:1535,0
DA:1536,0
DA:1537,0
DA:1538,0
DA:1539,0
DA:1541,0
DA:1542,0
DA:1543,0
DA:1546,24
DA:1547,24
DA:1550,24
DA:1551,24
DA:1552,24
DA:1554,984
DA:1561,960
DA:1564,0
DA:1566,960
DA:1567,960
DA:1568,960
DA:1570,960
DA:1571,960
DA:1572,960
DA:1575,14396928
DA:1576,14396928
DA:1578,24600
DA:1579,606912
DA:1580,15001920
DA:1582,14395968
DA:1584,14395968
DA:1585,14978304
DA:1590,24
DA:1591,24
DA:1594,24
DA:1671,48
DA:1672,48
DA:1673,24
DA:1674,48
DA:1677,24
DA:1678,72
DA:1679,48
DA:1680,48
DA:1681,24
DA:1688,48
DA:1690,24
DA:1691,48
DA:1693,48
DA:1698,24
DA:1699,24
DA:1700,24
DA:1702,24
DA:1704,24
DA:1705,24
DA:1706,24
DA:1707,24
DA:1708,24
DA:1709,0
DA:1710,0
DA:1711,0
DA:1712,0
DA:1713,0
DA:1715,0
DA:1717,0
DA:1718,0
DA:1720,0
DA:1721,0
DA:1722,0
DA:1723,0
DA:1724,0
DA:1725,0
DA:1726,0
DA:1728,0
DA:1730,0
DA:1731,0
DA:1732,0
DA:1733,0
DA:1734,0
DA:1735,0
DA:1736,0
DA:1737,0
DA:1738,0
DA:1743,24
DA:1744,24
DA:1747,984
DA:1748,984
DA:1750,24
DA:1751,24
DA:1752,24
DA:1753,6
DA:1754,6
DA:1755,246
DA:1756,240
DA:1757,246
DA:1759,6
DA:1762,984
DA:1763,960
DA:1764,0
DA:1766,960
DA:1767,4800
DA:1768,24
DA:1769,960
DA:1773,24
DA:1776,24
DA:1777,984
DA:1778,960
DA:1779,960
DA:1780,984
DA:1781,24
DA:1782,24
DA:1783,24
DA:1784,24
DA:1785,96
DA:1786,0
DA:1794,24
DA:1795,24
DA:1796,984
DA:1797,984
DA:1799,24
DA:1800,984
DA:1801,2672376
DA:1802,12312
DA:1803,11328
DA:1804,11328
DA:1805,101184
DA:1806,100224
DA:1807,46384
DA:1808,46384
DA:1809,94288
DA:1810,11328
DA:1811,11328
DA:1813,46384
DA:1817,24
DA:1818,984
DA:1819,12312
DA:1820,11328
DA:1821,11328
DA:1822,11328
DA:1823,11328
DA:1824,27799704
DA:1825,27791664
DA:1826,28773714
DA:1827,4248
DA:1828,4248
DA:1833,984
DA:1839,24
DA:1840,24
DA:1841,368
DA:1842,368
DA:1844,24
DA:1845,368
DA:1846,344
DA:1847,88
DA:1848,88
DA:1849,88
DA:1850,3376
DA:1851,3264
DA:1852,3264
DA:1853,3352
DA:1863,24
DA:1864,24
DA:1866,24
DA:1867,280
DA:1868,256
DA:1869,256
DA:1870,960
DA:1871,960
DA:1876,280
DA:1877,112
DA:1878,112
DA:1879,112
DA:1881,144
DA:1885,24
DA:1886,24
DA:1887,984
DA:1888,984
DA:1889,5952
DA:1890,5976
DA:1891,4992
DA:1892,4992
DA:1893,16704
DA:1894,16704
DA:1895,7680
DA:1896,7680
DA:1897,30720
DA:1898,4992
DA:1899,4992
DA:1900,4992
DA:1903,5952
DA:1904,0
DA:1905,0
DA:1906,0
DA:1907,0
DA:1911,24
DA:1912,984
DA:1913,5976
DA:1914,4992
DA:1915,4992
DA:1916,4992
DA:1917,4992
DA:1918,5952
DA:1921,312
DA:1922,504
DA:1923,792
DA:1924,792
DA:1926,312
DA:1927,504
DA:1929,24
DA:1930,144
DA:1931,280
DA:1932,144
DA:1933,144
DA:1938,24
DA:1939,984
DA:1940,280
DA:1941,280
DA:1943,984
DA:1944,11736
DA:1945,10752
DA:1946,10752
DA:1947,10752
DA:1948,134592
DA:1949,122880
DA:1950,1115136
DA:1951,1115136
DA:1953,33792
DA:1954,1214976
DA:1958,24
DA:1959,984
DA:1960,11736
DA:1961,10752
DA:1962,11712
DA:1963,0
DA:1964,0
DA:1965,0
DA:1966,0
DA:1971,24
DA:1972,24
DA:1973,6
DA:1974,6
DA:1975,6
DA:1976,6
DA:1977,6
DA:1978,28
DA:1979,22
DA:1980,28
DA:1986,24
DA:1987,6
DA:1988,70
DA:1989,6
DA:1990,6
DA:1991,28
DA:1992,22
DA:1993,22
DA:1994,22
DA:1995,22
DA:1996,844
DA:1997,9648
DA:1998,8832
DA:1999,8832
DA:2000,8832
DA:2001,8832
DA:2002,8832
DA:2004,9648
DA:2007,816
DA:2008,838
DA:2011,6
DA:2012,6
DA:2013,6
DA:2018,24
DA:2019,24
DA:2020,24
DA:2021,24
DA:2027,24
DA:2028,8
DA:2029,8
DA:2030,0
DA:2032,8
DA:2038,24
DA:2039,8
DA:2040,8
DA:2041,8
DA:2045,8
DA:2046,32
DA:2047,8
DA:2049,8
DA:2051,24
DA:2052,24
DA:2053,304
DA:2054,5488
DA:2055,5184
DA:2056,5472
DA:2062,8
DA:2063,8
DA:2067,24
DA:2068,24
DA:2071,24
DA:2072,24
DA:2075,24
DA:2077,24
DA:2078,24
DA:2079,24
DA:2081,90
DA:2082,66
DA:2083,66
DA:2084,66
DA:2085,66
DA:2088,66
DA:2089,66
DA:2092,66
DA:2093,66
DA:2094,1098
DA:2095,1032
DA:2096,732
DA:2097,798
DA:2102,66
DA:2103,30
DA:2104,30
DA:2108,2538
DA:2109,2448
DA:2112,2448
DA:2113,2448
DA:2116,2448
DA:2117,2448
DA:2118,37584
DA:2119,35136
DA:2120,27936
DA:2121,30384
DA:2125,526320
DA:2126,523872
DA:2127,523872
DA:2128,6402864
DA:2129,6400416
DA:2133,2448
DA:2135,2448
DA:2136,2448
DA:2137,30384
DA:2138,27936
DA:2139,27936
DA:2141,27936
DA:2144,27936
DA:2147,27936
DA:2149,27936
DA:2154,27936
DA:2156,27936
DA:2157,30384
DA:2162,2448
DA:2163,720
DA:2164,0
DA:2166,720
DA:2170,2448
DA:2177,2448
DA:2178,0
DA:2179,2448
DA:2180,0
DA:2184,2448
DA:2186,2448
DA:2190,2448
DA:2191,720
DA:2192,2160
DA:2193,2160
DA:2194,4320
DA:2196,4320
DA:2197,27360
DA:2198,25920
DA:2199,493920
DA:2200,466560
DA:2202,5158080
DA:2203,5132160
DA:2204,0
DA:2206,51321600
DA:2208,51321600
DA:2214,1440
DA:2218,0
DA:2219,0
DA:2227,2514
DA:2228,816
DA:2229,10128
DA:2230,117072
DA:2231,116256
DA:2238,24
DA:2239,24
DA:2241,24
DA:2243,24
DA:2247,24
DA:2249,24
DA:2250,24
DA:2251,24
DA:2252,24
DA:2253,24
DA:2255,24
DA:2256,8
DA:2257,8
DA:2258,8
DA:2259,0
DA:2261,8
DA:2265,24
DA:2267,48
DA:2270,116
DA:2306,348
DA:2307,232
DA:2308,116
DA:2310,232
DA:2311,348
DA:2318,116
DA:2322,116
DA:2324,116
DA:2325,116
DA:2326,116
DA:2327,116
DA:2329,116
DA:2330,48
DA:2332,68
DA:2335,116
DA:2337,116
DA:2339,116
DA:2340,116
DA:2341,116
DA:2346,116
DA:2347,44
DA:2348,44
DA:2352,44
DA:2353,44
DA:2354,44
DA:2355,44
DA:2356,44
DA:2357,44
DA:2358,612
DA:2360,612
DA:2361,568
DA:2362,472
DA:2364,4708
DA:2365,4236
DA:2367,4236
DA:2368,4236
DA:2369,4236
DA:2370,17416
DA:2374,472
DA:2375,472
DA:2377,1316
DA:2378,568
DA:2379,17808
DA:2380,428672
DA:2381,410864
DA:2382,427872
DA:2389,44
DA:2393,116
DA:2395,1260
DA:2397,1144
DA:2398,1144
DA:2399,1144
DA:2401,1144
DA:2403,904
DA:2404,904
DA:2408,904
DA:2410,904
DA:2411,18396
DA:2412,17492
DA:2413,13868
DA:2414,14772
DA:2419,904
DA:2422,472
DA:2423,472
DA:2429,10056
DA:2434,9036
DA:2435,4236
DA:2436,12
DA:2438,4224
DA:2441,4800
DA:2442,0
DA:2444,4800
DA:2448,9036
DA:2451,9036
DA:2455,9036
DA:2456,9036
DA:2457,3011
DA:2463,9036
DA:2464,252
DA:2465,2532
DA:2467,2520
DA:2468,2520
DA:2469,2760
DA:2472,9024
DA:2475,4080
DA:2479,4944
DA:2484,9036
DA:2486,9036
DA:2487,4236
DA:2488,11076
DA:2490,6840
DA:2491,0
DA:2492,0
DA:2497,23364
DA:2499,12288
DA:2501,6960
DA:2502,6960
DA:2504,153600
DA:2505,146640
DA:2506,3678624
DA:2507,3525024
DA:2509,74632176
DA:2510,74485536
DA:2511,2154240
DA:2514,1126080
DA:2516,70862592
DA:2517,1645923840
DA:2518,57239040
DA:2525,1588684800
DA:2530,0
DA:2534,170760960
DA:2537,13623552
DA:2543,19128
DA:2549,10180
DA:2550,146844
DA:2551,2494284
DA:2552,2623056
DA:2555,0
DA:2556,0
DA:2558,0
DA:2564,116
DA:2566,116
DA:2571,116
DA:2573,116
DA:2574,116
DA:2575,116
DA:2576,116
DA:2577,116
DA:2578,116
DA:2579,48
DA:2581,68
DA:2584,116
DA:2585,44
DA:2586,44
DA:2587,44
DA:2588,44
DA:2589,44
DA:2592,116
DA:2593,116
DA:2595,116
DA:2597,116
DA:2600,996
DA:2624,996
DA:2626,996
DA:2627,428
DA:2629,107
DA:2631,76
DA:2632,76
DA:2634,152
DA:2635,76
DA:2636,76
DA:2638,1242604
DA:2639,1242452
DA:2641,152
DA:2644,76
DA:2648,31
DA:2650,31
DA:2651,31
DA:2653,62
DA:2654,31
DA:2655,31
DA:2656,11421
DA:2657,11483
DA:2658,2059464
DA:2660,62
DA:2663,31
DA:2665,31
DA:2674,80
DA:2721,80
DA:2725,80
DA:2729,80
DA:2730,0
DA:2731,0
DA:2732,0
DA:2733,0
DA:2737,80
DA:2739,80
DA:2740,16
DA:2741,16
DA:2742,16
DA:2743,16
DA:2746,80
DA:2750,80
DA:2751,0
DA:2754,80
DA:2756,80
DA:2757,20
DA:2758,10
DA:2760,10
DA:2764,80
DA:2766,788
DA:2768,708
DA:2769,708
DA:2770,708
DA:2772,708
DA:2774,708
DA:2775,708
DA:2779,708
DA:2780,324
DA:2782,324
DA:2785,708
DA:2786,16188
DA:2787,15480
DA:2788,348516
DA:2789,168168
DA:2790,102984
DA:2792,102984
DA:2793,21959504
DA:2794,102984
DA:2795,102984
DA:2797,21959504
DA:2798,102984
DA:2799,102984
DA:2800,102984
DA:2802,118464
DA:2804,68040
DA:2805,68040
DA:2806,68040
DA:2807,68040
DA:2809,204120
DA:2810,136080
DA:2811,0
DA:2812,0
DA:2817,476280
DA:2818,272160
DA:2820,408240
DA:2821,408240
DA:2822,3402000
DA:2823,3265920
DA:2824,3402000
DA:2825,95256000
DA:2827,91990080
DA:2828,3265920
DA:2829,11975040
DA:2830,35925120
DA:2831,131725440
DA:2834,47900160
DA:2838,71850240
DA:2844,0
DA:2845,0
DA:2846,0
DA:2851,3402000
DA:2852,187382160
DA:2854,91990080
DA:2860,91990080
DA:2863,95256000
DA:2867,408240
DA:2870,68040
DA:2871,68040
DA:2872,68040
DA:2877,708
DA:2878,708
DA:2882,788
DA:2883,236
DA:2888,80
DA:2890,80
DA:2895,80
DA:2897,80
DA:2898,80
DA:2899,16
DA:2900,16
DA:2901,16
DA:2904,80
DA:2905,80
DA:2907,80
DA:2909,80
DA:2912,104
DA:2950,104
DA:2952,104
DA:2954,104
DA:2956,104
DA:2958,104
DA:2960,104
DA:2962,104
DA:2967,104
DA:2968,0
DA:2969,0
DA:2970,0
DA:2971,0
DA:2972,0
DA:2973,0
DA:2976,104
DA:2978,104
DA:2979,0
DA:2980,104
DA:2981,0
DA:2984,104
DA:2986,0
DA:2989,104
DA:2990,104
DA:2991,104
DA:2992,104
DA:2994,104
DA:2995,104
DA:2996,104
DA:2997,1288
DA:3000,104
DA:3001,104
DA:3002,1288
DA:3014,104
DA:3015,104
DA:3016,104
DA:3017,104
DA:3018,26
DA:3019,8
DA:3021,18
DA:3026,104
DA:3027,104
DA:3028,104
DA:3029,104
DA:3030,26
DA:3031,8
DA:3033,18
DA:3038,104
DA:3039,104
DA:3041,104
DA:3043,872
DA:3045,768
DA:3046,768
DA:3047,768
DA:3049,768
DA:3051,624
DA:3054,624
DA:3055,624
DA:3056,624
DA:3057,624
DA:3062,7728
DA:3064,7728
DA:3070,7728
DA:3073,7104
DA:3076,7104
DA:3081,52368
DA:3084,44640
DA:3090,44640
DA:3091,44640
DA:3094,29952
DA:3098,14688
DA:3102,44640
DA:3105,44640
DA:3109,51744
DA:3110,44640
DA:3113,29952
DA:3117,14688
DA:3121,44640
DA:3124,44640
DA:3131,624
DA:3132,624
DA:3133,624
DA:3137,7832
DA:3138,82944
DA:3139,89280
DA:3140,27392
DA:3141,27392
DA:3143,27392
DA:3144,27392
DA:3151,104
DA:3152,39
DA:3153,39
DA:3156,104
DA:3161,104
DA:3162,104
DA:3166,104
DA:3167,104
DA:3168,104
DA:3169,104
DA:3171,104
DA:3172,104
DA:3173,104
DA:3176,104
DA:3177,104
DA:3180,104
DA:3181,104
DA:3182,104
DA:3184,104
DA:3186,104
DA:3189,64
DA:3230,64
DA:3231,64
DA:3232,64
DA:3235,64
DA:3236,0
DA:3237,0
DA:3238,0
DA:3239,0
DA:3240,0
DA:3242,0
DA:3246,64
DA:3248,64
DA:3249,0
DA:3250,64
DA:3251,0
DA:3252,64
DA:3253,0
DA:3254,64
DA:3255,0
DA:3257,64
DA:3258,64
DA:3260,64
DA:3261,64
DA:3262,64
DA:3264,64
DA:3267,64
DA:3268,64
DA:3269,64
DA:3270,64
DA:3271,16
DA:3272,8
DA:3274,8
DA:3279,64
DA:3280,64
DA:3281,64
DA:3282,64
DA:3283,16
DA:3284,8
DA:3286,8
DA:3291,64
DA:3292,64
DA:3294,64
DA:3295,64
DA:3297,448
DA:3299,384
DA:3300,384
DA:3301,384
DA:3303,384
DA:3305,384
DA:3309,384
DA:3311,384
DA:3312,6144
DA:3313,5760
DA:3314,4992
DA:3315,5376
DA:3319,384
DA:3320,384
DA:3321,384
DA:3323,5056
DA:3327,4608
DA:3329,4608
DA:3331,4608
DA:3332,4608
DA:3335,64512
DA:3337,1622016
DA:3343,778752
DA:3344,778752
DA:3345,57400512
DA:3346,778752
DA:3347,778752
DA:3349,57400512
DA:3351,778752
DA:3352,778752
DA:3353,778752
DA:3356,838656
DA:3357,778752
DA:3358,57400512
DA:3359,778752
DA:3360,778752
DA:3362,57400512
DA:3364,778752
DA:3365,778752
DA:3366,778752
DA:3372,4608
DA:3373,4608
DA:3374,4608
DA:3376,4992
DA:3377,10752
DA:3378,4608
DA:3379,4608
DA:3381,6144
DA:3382,4608
DA:3390,64
DA:3391,24
DA:3392,24
DA:3395,64
DA:3400,64
DA:3401,64
DA:3403,64
DA:3404,64
DA:3405,64
DA:3406,64
DA:3407,64
DA:3409,64
DA:3411,64
DA:3412,64
DA:3414,64
DA:3416,64
DA:3418,64
DA:3421,64236
DA:3448,64236
DA:3450,656526
DA:3451,3968410
DA:3452,4261936
DA:3457,41078
DA:3462,64236
DA:3466,712
DA:3491,712
DA:3492,266
DA:3493,266
DA:3494,266
DA:3495,173
DA:3497,93
DA:3501,712
DA:3502,178
DA:3503,178
DA:3504,178
DA:3505,116
DA:3507,62
DA:3511,712
DA:3515,108
DA:3558,108
DA:3559,108
DA:3560,108
DA:3569,108
DA:3571,108
DA:3572,108
DA:3573,108
DA:3574,108
DA:3575,108
DA:3577,108
DA:3579,108
DA:3580,108
DA:3581,108
DA:3584,108
DA:3586,108
DA:3588,1204
DA:3590,1096
DA:3591,1096
DA:3592,1096
DA:3594,1096
DA:3596,856
DA:3597,856
DA:3601,856
DA:3603,856
DA:3604,16428
DA:3605,15572
DA:3606,11948
DA:3607,12804
DA:3610,856
DA:3612,856
DA:3613,354
DA:3614,354
DA:3619,856
DA:3620,424
DA:3623,424
DA:3624,4
DA:3625,420
DA:3626,162
DA:3628,258
DA:3632,424
DA:3633,162
DA:3635,262
DA:3638,432
DA:3641,856
DA:3643,856
DA:3644,10722
DA:3645,10368
DA:3646,10368
DA:3650,10368
DA:3653,3600
DA:3654,0
DA:3657,10722
DA:3659,6768
DA:3660,6768
DA:3662,0
DA:3664,6768
DA:3666,6768
DA:3668,1296
DA:3670,1296
DA:3673,5472
DA:3680,3600
DA:3681,1800
DA:3682,1800
DA:3684,1800
DA:3685,1800
DA:3688,10800
DA:3689,7200
DA:3690,10800
DA:3692,2592
DA:3695,4608
DA:3701,502
DA:3702,76
DA:3703,1444
DA:3704,1440
DA:3705,1440
DA:3706,1512
DA:3712,498
DA:3716,856
DA:3720,964
DA:3721,15904
DA:3722,227296
DA:3723,211392
DA:3724,85392
DA:3727,0
DA:3728,0
DA:3729,0
DA:3730,0
DA:3737,108
DA:3739,108
DA:3744,108
DA:3746,108
DA:3747,108
DA:3748,108
DA:3749,108
DA:3750,108
DA:3752,108
DA:3753,36
DA:3756,108
DA:3758,108
DA:3759,108
DA:3761,108
DA:3763,108
DA:3765,48
DA:3796,48
DA:3798,48
DA:3800,48
DA:3802,48
DA:3804,96
DA:3805,144
DA:3807,48
DA:3809,48
DA:3814,48
DA:3815,16
DA:3816,32
DA:3818,32
DA:3819,32
DA:3822,48
DA:3830,48
DA:3831,0
DA:3837,48
DA:3838,48
DA:3839,48
DA:3840,48
DA:3841,48
DA:3842,48
DA:3843,48
DA:3844,681008
DA:3845,1361968
DA:3847,48
DA:3848,48
DA:3849,48
DA:3850,48
DA:3852,48
DA:3853,48
DA:3854,48
DA:3855,48
DA:3856,48
DA:3857,48
DA:3858,48
DA:3859,48
DA:3860,48
DA:3861,48
DA:3863,48
DA:3865,48
DA:3867,48
DA:3870,48
DA:3871,12
DA:3876,48
DA:3877,48
DA:3878,48
DA:3879,48
DA:3880,48
DA:3883,48
DA:3886,48
DA:3890,48
DA:3892,48
DA:3894,36
DA:3895,36
DA:3896,36
DA:3898,636
DA:3899,600
DA:3900,456
DA:3901,456
DA:3902,0
DA:3904,456
DA:3906,408
DA:3907,312
DA:3908,96
DA:3909,96
DA:3911,0
DA:3914,456
DA:3916,492
DA:3917,240
DA:3918,240
DA:3919,240
DA:3920,240
DA:3921,240
DA:3924,240
DA:3925,240
DA:3931,240
DA:3932,240
DA:3933,240
DA:3937,216
DA:3938,216
DA:3939,216
DA:3941,2986200
DA:3943,216
DA:3949,216
DA:3950,216
DA:3958,36
DA:3960,12
DA:3961,12
DA:3962,12
DA:3963,170252
DA:3964,12
DA:3966,12
DA:3967,12
DA:3969,36
DA:3970,36
DA:3973,48
DA:3974,48
DA:3975,48
DA:3977,48
DA:3980,48
DA:3981,8
DA:3982,152
DA:3983,152
DA:3984,72
DA:3985,72
DA:3986,72
DA:3988,72
DA:3989,72
DA:3992,8
DA:3993,8
DA:3995,40
DA:3996,232
DA:3997,40
DA:4001,384
DA:4002,336
DA:4003,336
DA:4004,336
DA:4005,336
DA:4006,336
DA:4007,336
DA:4008,336
DA:4009,336
DA:4010,1392
DA:4014,48
DA:4015,8
DA:4017,40
DA:4019,384
DA:4020,336
DA:4021,336
DA:4022,384
DA:4023,144
DA:4025,192
DA:4028,48
DA:4030,48
DA:4032,336
DA:4033,288
DA:4034,288
DA:4035,288
DA:4037,288
DA:4038,288
DA:4040,288
DA:4042,288
DA:4048,2304
DA:4049,288
DA:4050,288
DA:4051,288
DA:4052,2304
DA:4053,2304
DA:4054,10368
DA:4057,288
DA:4058,288
DA:4060,2304
DA:4061,2016
DA:4062,2016
DA:4064,298452
DA:4065,296148
DA:4066,298164
DA:4070,288
DA:4072,5088
DA:4073,4800
DA:4074,3648
DA:4076,3648
DA:4078,3264
DA:4079,2496
DA:4080,768
DA:4081,768
DA:4083,0
DA:4086,3648
DA:4087,3648
DA:4088,3648
DA:4089,3648
DA:4092,47712
DA:4093,43776
DA:4094,34560
DA:4096,17280
DA:4099,17280
DA:4103,9216
DA:4105,48576
DA:4109,288
DA:4111,288
DA:4113,96
DA:4114,96
DA:4115,96
DA:4118,96
DA:4119,96
DA:4121,288
DA:4122,288
DA:4123,0
DA:4125,336
DA:4126,96
DA:4127,768
DA:4128,15360
DA:4129,15264
DA:4135,48
DA:4137,48
DA:4142,48
DA:4145,48
DA:4146,48
DA:4147,48
DA:4148,48
DA:4149,48
DA:4150,48
DA:4151,48
DA:4152,48
DA:4153,48
DA:4154,48
DA:4155,48
DA:4156,48
DA:4157,48
DA:4158,48
DA:4159,48
DA:4161,48
DA:4162,48
DA:4163,48
DA:4165,48
DA:4167,354
DA:4180,354
DA:4181,10722
DA:4182,10368
DA:4185,10368
DA:4188,3600
DA:4189,0
DA:4191,10722
DA:4192,6768
DA:4193,6768
DA:4195,0
DA:4197,6768
DA:4198,6768
DA:4200,3600
DA:4201,1800
DA:4202,1800
DA:4204,1800
DA:4205,1800
DA:4207,3600
DA:4208,3600
DA:4211,354
DA:4213,856
DA:4234,1712
DA:4235,856
DA:4237,856
DA:4238,856
DA:4240,324104
DA:4241,161624
DA:4242,161624
DA:4243,161624
DA:4244,162480
DA:4247,856
DA:4249,856
DA:4251,15904
DA:4253,15048
DA:4255,15048
DA:4257,255816
DA:4258,240768
DA:4259,35928
DA:4260,35928
DA:4262,6701562
DA:4263,240768
DA:4266,2422002
DA:4267,2406954
DA:4269,2406954
DA:4271,2406954
DA:4272,2422002
DA:4274,15048
DA:4275,72
DA:4276,72
DA:4278,14976
DA:4280,15048
DA:4282,15904
DA:4285,856
DA:4286,856
DA:4289,284
DA:4308,284
DA:4309,284
DA:4310,90
DA:4311,90
DA:4312,90
DA:4314,0
DA:4315,0
DA:4316,0
DA:4318,0
DA:4322,2820
DA:4323,2536
DA:4324,2168
DA:4325,2168
DA:4327,2168
DA:4328,39208
DA:4329,36756
DA:4330,20716
DA:4331,23252
DA:4332,20716
DA:4333,0
DA:4334,0
DA:4339,284
DA:4340,284
DA:4342,284
DA:4344,284
DA:4346,284
DA:4348,284
DA:4350,128
DA:4374,128
DA:4381,128
DA:4382,128
DA:4383,128
DA:4384,48
DA:4386,80
DA:4390,128
DA:4392,128
DA:4393,56
DA:4394,56
DA:4395,56
DA:4396,56
DA:4397,56
DA:4398,56
DA:4399,16
DA:4400,8208
DA:4402,40
DA:4403,120
DA:4407,128
DA:4409,1152
DA:4411,1024
DA:4412,1024
DA:4413,1024
DA:4415,1024
DA:4417,1024
DA:4419,1024
DA:4420,1024
DA:4421,1024
DA:4422,384
DA:4424,640
DA:4429,1024
DA:4430,256
DA:4431,112
DA:4432,112
DA:4433,56
DA:4435,56
DA:4438,144
DA:4439,144
DA:4440,56
DA:4442,88
DA:4447,1024
DA:4449,1024
DA:4450,1024
DA:4451,17408
DA:4452,16384
DA:4453,5120
DA:4454,5120
DA:4455,1280
DA:4456,1280
DA:4457,1280
DA:4458,1280
DA:4460,3840
DA:4461,11520
DA:4462,7680
DA:4463,11520
DA:4466,5120
DA:4468,5120
DA:4469,1280
DA:4471,11520
DA:4472,11520
DA:4475,5120
DA:4476,27392
DA:4477,307968
DA:4478,3508736
DA:4479,3203072
DA:4480,3203072
DA:4481,3483648
DA:4482,196608
DA:4484,9019392
DA:4485,9019392
DA:4492,6144
DA:4493,1280
DA:4494,576
DA:4495,288
DA:4496,48
DA:4498,720
DA:4499,720
DA:4503,288
DA:4504,48
DA:4506,720
DA:4507,240
DA:4512,704
DA:4513,288
DA:4514,48
DA:4516,720
DA:4517,240
DA:4521,416
DA:4522,176
DA:4524,720
DA:4525,240
DA:4585,1152
DA:4589,128
DA:4590,56
DA:4591,16
DA:4593,40
DA:4598,128
DA:4599,48
DA:4601,80
DA:4605,128
DA:4606,128
DA:4608,128
DA:4610,128
DA:4611,128
DA:4613,44
DA:4634,44
DA:4637,44
DA:4639,44
DA:4642,176
DA:4643,176
DA:4644,176
DA:4645,176
DA:4646,176
DA:4647,176
DA:4648,176
DA:4649,176
DA:4650,176
DA:4651,176
DA:4652,176
DA:4653,176
DA:4654,176
DA:4655,176
DA:4656,176
DA:4657,176
DA:4658,176
DA:4659,176
DA:4660,176
DA:4661,176
DA:4662,176
DA:4663,176
DA:4664,176
DA:4665,176
DA:4666,176
DA:4667,176
DA:4668,176
DA:4669,176
DA:4670,176
DA:4671,176
DA:4672,176
DA:4673,176
DA:4678,44
DA:4679,40
DA:4680,168
DA:4681,158
DA:4682,56
DA:4683,30
DA:4684,30
DA:4689,4
DA:4690,4
DA:4692,0
DA:4697,44
DA:4698,34
DA:4699,510
DA:4703,34
DA:4704,34
DA:4709,34
DA:4710,23858
DA:4711,780418
DA:4712,780384
DA:4713,352
DA:4714,352
DA:4719,34
DA:4725,34
DA:4726,34
DA:4730,34
DA:4731,11
DA:4732,11
DA:4733,163
DA:4734,5027
DA:4735,4864
DA:4736,4864
DA:4737,9880
DA:4740,11
DA:4743,34
DA:4747,44
DA:4749,44
DA:4752,0
DA:4767,0
DA:4770,0
DA:4771,0
DA:4773,0
DA:4774,0
DA:4777,0
DA:4778,0
DA:4779,0
DA:4780,0
DA:4782,0
DA:4783,0
DA:4789,0
DA:4790,0
DA:4791,0
DA:4792,0
DA:4793,0
DA:4794,0
DA:4795,0
DA:4796,0
DA:4797,0
DA:4798,0
DA:4799,0
DA:4800,0
DA:4804,0
DA:4807,0
DA:4808,0
DA:4809,0
DA:4810,0
DA:4812,0
DA:4814,324
DA:4824,324
DA:4827,324
DA:4828,324
DA:4831,10692
DA:4832,15876
DA:4833,20736
DA:4836,5508
DA:4838,324
DA:4840,324
DA:4842,324
DA:4844,4740
DA:4847,4416
DA:4849,4416
DA:4851,4416
DA:4853,4740
DA:4861,324
DA:4863,324
DA:4866,324
DA:4867,12111
DA:4874,324
DA:4878,324
DA:4879,324
DA:4880,324
DA:4881,5508
DA:4882,5508
DA:4884,324
DA:4886,324
DA:4887,0
DA:4888,324
DA:4889,324
DA:4892,4672
DA:4901,4672
DA:4902,4672
DA:4904,4672
DA:4905,4672
DA:4908,4672
DA:4909,4672
DA:4911,4672
DA:4912,4672
DA:4913,4672
DA:4915,18688
DA:4916,18688
DA:4917,18688
DA:4921,4672
DA:4925,49080
DA:4952,49080
DA:4953,49080
DA:4954,49080
DA:4955,49080
DA:4957,49080
DA:4958,49080
DA:4959,8568
DA:4961,40512
DA:4964,1548984
DA:4965,1499904
DA:4966,1499904
DA:4968,1499904
DA:4972,1499904
DA:4973,672808
DA:4974,827096
DA:4975,692712
DA:4977,134384
DA:4981,1499904
DA:4982,406784
DA:4984,1499904
DA:4985,12544
DA:4986,8960
DA:4987,8960
DA:4989,1499904
DA:4990,21760
DA:4991,17792
DA:4992,17792
DA:4993,17792
DA:4994,17792
DA:4996,1499904
DA:4997,8192
DA:4998,7168
DA:4999,7168
DA:5000,7168
DA:5001,7168
DA:5002,7168
DA:5003,7168
DA:5005,1499904
DA:5006,3072
DA:5007,3072
DA:5009,1499904
DA:5010,4096
DA:5011,4096
DA:5012,4096
DA:5014,1499904
DA:5015,1869312
DA:5016,1869312
DA:5017,1869312
DA:5018,1869312
DA:5020,1499904
DA:5021,6144
DA:5022,6144
DA:5023,6144
DA:5024,7168
DA:5025,7168
DA:5027,1548984
DA:5028,8192
DA:5029,8192
DA:5030,8192
DA:5031,8192
DA:5032,9216
DA:5033,9216
DA:5038,49080
DA:5043,0
DA:5048,1463936
DA:5052,0
DA:5057,1253888
DA:5060,1259136
DA:5065,1259136
DA:5066,1259136
DA:5069,1255040
DA:5074,1255040
DA:5075,1255040
DA:5079,0
DA:5084,12160
DA:5087,3456
DA:5092,3456
DA:5093,3456
DA:5096,3456
DA:5101,3456
DA:5102,3456
DA:5105,7552
DA:5110,7552
DA:5111,7552
DA:5114,3456
DA:5119,3456
DA:5120,3456
DA:5124,0
DA:5129,1024
DA:5132,1024
DA:5137,1024
DA:5138,1024
DA:5141,1024
DA:5146,1024
DA:5147,1024
DA:5150,1024
DA:5155,1024
DA:5156,1024
DA:5159,1024
DA:5164,1024
DA:5165,1024
DA:5168,1024
DA:5173,1024
DA:5174,1024
DA:5177,1024
DA:5182,1024
DA:5183,1024
DA:5189,15048
DA:5208,15048
DA:5210,15048
DA:5211,15048
DA:5212,15048
DA:5216,10037016
DA:5217,5010984
DA:5218,5010984
DA:5219,5026032
DA:5222,15048
DA:5223,15048
DA:5224,288
DA:5225,15048
DA:5227,864
DA:5228,15048
DA:5230,75240
DA:5231,9703056
DA:5232,9627816
DA:5233,3215690544
DA:5235,9627816
DA:5236,9688008
DA:5240,15048
DA:5241,15048
LF:2406
LH:2041
end_of_record
