TN:
SF:/home/jmlihm/dipole/qe-new-serial/PP/src/pw2wannier90.f90
FN:99,__wannier_MOD_utility_setup_wfc_and_pw
FN:196,__wannier_MOD_utility_compute_u_kb
FN:374,__wannier_MOD_print_progress
FN:404,MAIN__
FN:408,main
FN:836,lib_dealloc_
FN:849,setup_nnkp_
FN:1035,run_wannier_
FN:1073,find_mp_grid_
FN:1131,read_nnkp_
FN:1488,scan_file_to_
FN:1515,pw2wan_set_symm_
FN:1614,compute_dmn_
FN:2284,compute_mmn_
FN:2611,utility_merge_files_
FN:2685,compute_spin_
FN:2920,compute_orb_
FN:3194,compute_shc_
FN:3423,utility_write_array_
FN:3468,utility_open_output_file_
FN:3517,compute_amn_
FN:3764,compute_amn_with_scdm_
FN:4164,orient_gf_spinor_
FN:4210,generate_guiding_functions_
FN:4286,write_band_
FN:4347,write_plot_
FN:4499,write_parity_
FN:4638,wan2sic_
FN:4700,ylm_expansion_
FN:4752,check_inverse_
FN:4778,set_u_matrix_
FN:4811,ylm_wannier_
FN:4929,s_
FN:4938,p_z_
FN:4946,px_
FN:4955,py_
FN:4965,dz2_
FN:4973,dxz_
FN:4982,dyz_
FN:4991,dx2my2_
FN:5000,dxy_
FN:5010,fz3_
FN:5018,fxz2_
FN:5027,fyz2_
FN:5036,fzx2my2_
FN:5045,fxyz_
FN:5054,fxx2m3y2_
FN:5063,fy3x2my2_
FN:5075,radialpart_
FNDA:1971,__wannier_MOD_utility_setup_wfc_and_pw
FNDA:1699,__wannier_MOD_utility_compute_u_kb
FNDA:564,__wannier_MOD_print_progress
FNDA:25,MAIN__
FNDA:25,main
FNDA:0,lib_dealloc_
FNDA:0,setup_nnkp_
FNDA:0,run_wannier_
FNDA:0,find_mp_grid_
FNDA:25,read_nnkp_
FNDA:175,scan_file_to_
FNDA:2,pw2wan_set_symm_
FNDA:2,compute_dmn_
FNDA:10,compute_mmn_
FNDA:66,utility_merge_files_
FNDA:4,compute_spin_
FNDA:5,compute_orb_
FNDA:2,compute_shc_
FNDA:11462,utility_write_array_
FNDA:43,utility_open_output_file_
FNDA:9,compute_amn_
FNDA:4,compute_amn_with_scdm_
FNDA:35,orient_gf_spinor_
FNDA:103,generate_guiding_functions_
FNDA:23,write_band_
FNDA:10,write_plot_
FNDA:4,write_parity_
FNDA:0,wan2sic_
FNDA:25,ylm_expansion_
FNDA:25,check_inverse_
FNDA:308,set_u_matrix_
FNDA:3562,ylm_wannier_
FNDA:0,s_
FNDA:0,p_z_
FNDA:94208,px_
FNDA:93952,py_
FNDA:0,dz2_
FNDA:192,dxz_
FNDA:192,dyz_
FNDA:448,dx2my2_
FNDA:192,dxy_
FNDA:0,fz3_
FNDA:64,fxz2_
FNDA:64,fyz2_
FNDA:64,fzx2my2_
FNDA:64,fxyz_
FNDA:64,fxx2m3y2_
FNDA:64,fy3x2my2_
FNDA:1546,radialpart_
FNF:49
FNH:40
DA:99,1971
DA:143,3942
DA:147,37095
DA:150,1971
DA:152,1971
DA:157,1971
DA:164,0
DA:166,0
DA:169,0
DA:170,0
DA:173,0
DA:174,0
DA:175,0
DA:176,0
DA:177,0
DA:182,1971
DA:184,1971
DA:185,1971
DA:188,0
DA:192,1971
DA:196,1702
DA:264,3398
DA:269,1699
DA:271,1699
DA:276,1699
DA:277,0
DA:279,1699
DA:281,1699
DA:282,1699
DA:284,27279
DA:286,1699
DA:288,1699
DA:290,1699
DA:291,1699
DA:292,1699
DA:296,1699
DA:300,1699
DA:301,32559
DA:302,30860
DA:303,25580
DA:304,27279
DA:310,1699
DA:311,11141393
DA:312,977
DA:313,977
DA:318,27279
DA:320,66619
DA:321,39340
DA:325,39340
DA:326,39340
DA:327,39340
DA:329,39340
DA:334,39340
DA:335,22732
DA:336,22732
DA:337,22732
DA:342,39340
DA:343,39340
DA:344,39340
DA:346,64920
DA:347,60
DA:348,60
DA:355,1699
DA:359,707
DA:360,707
DA:364,1699
DA:365,1699
DA:367,1699
DA:370,3398
DA:374,564
DA:388,564
DA:390,564
DA:392,564
DA:393,564
DA:396,564
DA:404,25
DA:408,25
DA:453,25
DA:455,25
DA:459,25
DA:460,25
DA:464,25
DA:468,25
DA:469,25
DA:470,25
DA:471,25
DA:472,25
DA:473,25
DA:474,25
DA:475,25
DA:476,25
DA:477,25
DA:478,25
DA:479,25
DA:480,25
DA:481,25
DA:482,25
DA:484,25
DA:485,25
DA:488,25
DA:489,25
DA:490,25
DA:491,25
DA:493,25
DA:494,25
DA:495,25
DA:496,25
DA:497,25
DA:498,25
DA:499,25
DA:500,25
DA:504,25
DA:508,25
DA:512,25
DA:513,25
DA:517,25
DA:518,25
DA:519,25
DA:520,25
DA:521,25
DA:522,25
DA:523,25
DA:524,25
DA:525,25
DA:526,25
DA:527,25
DA:529,25
DA:530,25
DA:533,25
DA:534,25
DA:536,25
DA:537,25
DA:538,25
DA:539,25
DA:540,25
DA:541,25
DA:542,25
DA:543,25
DA:544,25
DA:545,25
DA:546,25
DA:547,25
DA:548,25
DA:549,25
DA:553,25
DA:554,0
DA:557,25
DA:561,25
DA:562,25
DA:563,25
DA:564,25
DA:565,25
DA:568,25
DA:569,0
DA:571,25
DA:572,0
DA:573,25
DA:574,0
DA:575,25
DA:577,4
DA:581,0
DA:584,25
DA:585,0
DA:587,28
DA:589,3
DA:590,3
DA:591,3
DA:592,3
DA:593,3
DA:595,3
DA:596,3
DA:597,3
DA:598,3
DA:599,3
DA:601,19
DA:602,9
DA:604,10
DA:606,19
DA:607,19
DA:608,19
DA:609,44
DA:613,25
DA:614,25
DA:616,25
DA:618,25
DA:619,25
DA:620,25
DA:622,25
DA:624,25
DA:625,25
DA:626,25
DA:627,25
DA:628,25
DA:629,25
DA:630,25
DA:631,25
DA:632,25
DA:633,25
DA:634,25
DA:635,2
DA:636,2
DA:637,2
DA:638,2
DA:639,2
DA:640,2
DA:642,25
DA:643,13
DA:644,4
DA:645,4
DA:646,4
DA:647,4
DA:648,4
DA:650,9
DA:651,9
DA:652,9
DA:653,9
DA:654,9
DA:656,13
DA:658,12
DA:659,12
DA:660,12
DA:661,12
DA:663,25
DA:664,10
DA:665,10
DA:666,10
DA:667,10
DA:668,10
DA:669,10
DA:671,15
DA:672,15
DA:673,15
DA:674,15
DA:676,25
DA:677,9
DA:678,4
DA:679,4
DA:680,4
DA:681,4
DA:682,4
DA:683,4
DA:685,5
DA:686,5
DA:687,5
DA:688,5
DA:690,16
DA:691,1
DA:692,1
DA:693,1
DA:694,1
DA:695,1
DA:697,25
DA:698,5
DA:699,5
DA:700,5
DA:701,5
DA:702,5
DA:703,5
DA:705,20
DA:706,20
DA:707,20
DA:708,20
DA:710,25
DA:711,2
DA:712,2
DA:713,2
DA:714,2
DA:715,2
DA:716,2
DA:718,23
DA:719,23
DA:720,23
DA:721,23
DA:723,25
DA:724,23
DA:725,23
DA:726,23
DA:727,23
DA:728,23
DA:729,23
DA:731,2
DA:732,2
DA:733,2
DA:734,2
DA:736,25
DA:737,10
DA:738,10
DA:739,10
DA:740,10
DA:741,10
DA:742,10
DA:744,15
DA:745,15
DA:746,15
DA:747,15
DA:749,25
DA:750,4
DA:751,4
DA:752,4
DA:753,4
DA:754,4
DA:755,4
DA:757,21
DA:758,21
DA:759,21
DA:760,21
DA:762,25
DA:763,25
DA:764,25
DA:765,25
DA:767,25
DA:768,25
DA:769,25
DA:770,25
DA:771,25
DA:772,25
DA:773,25
DA:774,25
DA:775,25
DA:776,25
DA:778,25
DA:779,25
DA:780,25
DA:781,25
DA:783,25
DA:786,25
DA:787,25
DA:788,25
DA:792,0
DA:795,0
DA:796,0
DA:797,0
DA:798,0
DA:799,0
DA:800,0
DA:801,0
DA:802,0
DA:803,0
DA:804,0
DA:805,0
DA:806,0
DA:807,0
DA:808,0
DA:811,0
DA:812,0
DA:814,0
DA:815,0
DA:816,0
DA:817,0
DA:819,0
DA:820,0
DA:821,0
DA:825,0
DA:827,0
DA:828,0
DA:832,0
DA:836,0
DA:843,0
DA:845,0
DA:849,0
DA:870,0
DA:872,0
DA:896,0
DA:897,0
DA:898,0
DA:899,0
DA:900,0
DA:901,0
DA:904,0
DA:906,0
DA:908,0
DA:909,0
DA:911,0
DA:913,0
DA:914,0
DA:915,0
DA:919,0
DA:921,0
DA:932,0
DA:933,0
DA:934,0
DA:935,0
DA:936,0
DA:937,0
DA:938,0
DA:939,0
DA:940,0
DA:941,0
DA:942,0
DA:943,0
DA:944,0
DA:946,0
DA:947,0
DA:949,0
DA:952,0
DA:954,0
DA:956,0
DA:957,0
DA:958,0
DA:959,0
DA:960,0
DA:961,0
DA:962,0
DA:965,0
DA:966,0
DA:970,0
DA:971,0
DA:973,0
DA:975,0
DA:976,0
DA:978,0
DA:979,0
DA:981,0
DA:982,0
DA:983,0
DA:984,0
DA:985,0
DA:987,0
DA:989,0
DA:991,0
DA:992,0
DA:994,0
DA:995,0
DA:996,0
DA:998,0
DA:999,0
DA:1001,0
DA:1002,0
DA:1003,0
DA:1004,0
DA:1005,0
DA:1006,0
DA:1007,0
DA:1008,0
DA:1010,0
DA:1011,0
DA:1012,0
DA:1017,0
DA:1018,0
DA:1019,0
DA:1020,0
DA:1021,0
DA:1023,0
DA:1026,0
DA:1028,0
DA:1029,0
DA:1031,0
DA:1035,0
DA:1047,0
DA:1048,0
DA:1049,0
DA:1050,0
DA:1051,0
DA:1062,0
DA:1063,0
DA:1064,0
DA:1065,0
DA:1066,0
DA:1067,0
DA:1069,0
DA:1073,0
DA:1084,0
DA:1086,0
DA:1088,0
DA:1089,0
DA:1090,0
DA:1091,0
DA:1094,0
DA:1096,0
DA:1098,0
DA:1099,0
DA:1100,0
DA:1103,0
DA:1105,0
DA:1107,0
DA:1108,0
DA:1109,0
DA:1112,0
DA:1114,0
DA:1115,0
DA:1117,0
DA:1119,0
DA:1121,0
DA:1122,0
DA:1124,0
DA:1125,0
DA:1127,0
DA:1131,25
DA:1152,25
DA:1157,25
DA:1159,25
DA:1160,25
DA:1162,0
DA:1165,25
DA:1169,25
DA:1172,25
DA:1173,25
DA:1175,25
DA:1177,25
DA:1178,25
DA:1180,0
DA:1182,175
DA:1183,75
DA:1184,325
DA:1185,300
DA:1188,175
DA:1189,325
DA:1190,300
DA:1191,0
DA:1192,0
DA:1193,0
DA:1197,25
DA:1199,25
DA:1200,25
DA:1202,0
DA:1204,175
DA:1205,75
DA:1206,325
DA:1207,300
DA:1210,175
DA:1211,325
DA:1212,300
DA:1213,0
DA:1214,0
DA:1215,0
DA:1219,25
DA:1221,25
DA:1222,25
DA:1224,0
DA:1226,25
DA:1227,25
DA:1228,0
DA:1229,0
DA:1230,0
DA:1232,25
DA:1233,275
DA:1234,250
DA:1235,250
DA:1237,250
DA:1238,25
DA:1239,0
DA:1240,0
DA:1241,0
DA:1242,0
DA:1243,0
DA:1247,25
DA:1252,25
DA:1253,25
DA:1255,25
DA:1256,25
DA:1257,9
DA:1258,9
DA:1259,9
DA:1261,0
DA:1262,0
DA:1263,0
DA:1266,0
DA:1270,16
DA:1271,16
DA:1272,16
DA:1274,0
DA:1277,25
DA:1281,25
DA:1282,25
DA:1284,25
DA:1285,0
DA:1286,0
DA:1287,0
DA:1288,0
DA:1289,0
DA:1290,0
DA:1295,25
DA:1297,0
DA:1298,0
DA:1299,175
DA:1300,25
DA:1301,9
DA:1304,25
DA:1305,601
DA:1306,288
DA:1307,288
DA:1309,288
DA:1310,288
DA:1312,288
DA:1313,288
DA:1315,288
DA:1316,288
DA:1317,0
DA:1318,288
DA:1319,0
DA:1321,288
DA:1322,313
DA:1323,164
DA:1325,164
DA:1326,164
DA:1327,164
DA:1333,25
DA:1334,25
DA:1335,25
DA:1336,4
DA:1337,4
DA:1339,4
DA:1340,4
DA:1341,0
DA:1342,0
DA:1343,0
DA:1344,0
DA:1345,0
DA:1346,0
DA:1348,4
DA:1349,0
DA:1354,0
DA:1357,21
DA:1360,0
DA:1366,25
DA:1367,25
DA:1368,25
DA:1369,25
DA:1370,25
DA:1371,25
DA:1372,25
DA:1373,25
DA:1374,25
DA:1375,9
DA:1376,9
DA:1379,25
DA:1381,25
DA:1383,25
DA:1384,25
DA:1385,313
DA:1387,313
DA:1390,25
DA:1391,25
DA:1392,25
DA:1394,0
DA:1396,25
DA:1400,25
DA:1402,25
DA:1404,0
DA:1405,75
DA:1406,25
DA:1407,254
DA:1410,25
DA:1411,25
DA:1412,25
DA:1414,25
DA:1415,275
DA:1416,2542
DA:1417,2517
DA:1423,25
DA:1424,25
DA:1426,275
DA:1427,2542
DA:1429,2267
DA:1430,998
DA:1431,2267
DA:1432,2267
DA:1433,2267
DA:1434,2267
DA:1435,2267
DA:1436,32773
DA:1438,15128
DA:1439,2267
DA:1440,17395
DA:1444,25
DA:1445,25
DA:1446,275
DA:1447,2542
DA:1448,2267
DA:1450,250
DA:1453,25
DA:1455,25
DA:1456,25
DA:1458,25
DA:1460,25
DA:1461,25
DA:1462,25
DA:1464,0
DA:1466,25
DA:1467,25
DA:1468,167
DA:1469,142
DA:1470,142
DA:1471,0
DA:1472,167
DA:1475,25
DA:1478,25
DA:1479,25
DA:1480,25
DA:1482,25
DA:1484,25
DA:1488,175
DA:1504,3815
DA:1505,3773
DA:1506,280
DA:1507,154
DA:1508,154
DA:1509,21
DA:1510,21
DA:1515,2
DA:1532,2
DA:1533,2
DA:1536,4
DA:1538,2
DA:1539,2
DA:1540,2
DA:1541,2
DA:1542,2
DA:1543,2
DA:1544,2
DA:1547,2
DA:1548,2
DA:1549,0
DA:1550,0
DA:1552,0
DA:1554,0
DA:1555,0
DA:1556,0
DA:1557,0
DA:1558,0
DA:1559,0
DA:1561,0
DA:1562,0
DA:1563,0
DA:1566,2
DA:1567,2
DA:1570,2
DA:1571,2
DA:1572,2
DA:1574,74
DA:1581,72
DA:1584,0
DA:1586,72
DA:1587,72
DA:1588,72
DA:1590,72
DA:1591,72
DA:1592,72
DA:1595,1136016
DA:1596,1136016
DA:1598,1874
DA:1599,47016
DA:1600,1182888
DA:1602,1135944
DA:1604,1135944
DA:1605,1181088
DA:1610,2
DA:1611,2
DA:1614,2
DA:1691,4
DA:1692,4
DA:1693,2
DA:1694,4
DA:1697,2
DA:1698,6
DA:1699,4
DA:1700,4
DA:1701,2
DA:1708,4
DA:1710,2
DA:1711,4
DA:1713,4
DA:1718,2
DA:1719,2
DA:1720,2
DA:1722,2
DA:1724,2
DA:1725,2
DA:1726,2
DA:1727,2
DA:1728,2
DA:1729,0
DA:1730,0
DA:1731,0
DA:1732,0
DA:1733,0
DA:1735,0
DA:1737,0
DA:1738,0
DA:1740,0
DA:1741,0
DA:1742,0
DA:1743,0
DA:1744,0
DA:1745,0
DA:1746,0
DA:1748,0
DA:1750,0
DA:1751,0
DA:1752,0
DA:1753,0
DA:1754,0
DA:1755,0
DA:1756,0
DA:1757,0
DA:1758,0
DA:1763,2
DA:1764,2
DA:1767,74
DA:1768,74
DA:1770,2
DA:1771,2
DA:1772,2
DA:1773,2
DA:1774,2
DA:1775,74
DA:1776,72
DA:1777,74
DA:1779,2
DA:1782,74
DA:1783,72
DA:1784,0
DA:1786,72
DA:1787,360
DA:1788,2
DA:1789,72
DA:1793,2
DA:1796,2
DA:1797,74
DA:1798,72
DA:1799,72
DA:1800,74
DA:1801,2
DA:1802,2
DA:1803,2
DA:1804,2
DA:1805,8
DA:1806,0
DA:1814,2
DA:1815,2
DA:1816,74
DA:1817,74
DA:1819,2
DA:1820,74
DA:1821,675648
DA:1822,1106
DA:1823,1032
DA:1824,1032
DA:1825,10872
DA:1826,10800
DA:1827,4942
DA:1828,4942
DA:1829,9514
DA:1830,1032
DA:1831,1032
DA:1833,4942
DA:1837,2
DA:1838,74
DA:1839,1106
DA:1840,1032
DA:1841,1032
DA:1842,1032
DA:1843,1032
DA:1844,3864
DA:1845,3792
DA:1846,7392
DA:1847,1032
DA:1848,1032
DA:1853,74
DA:1859,2
DA:1860,2
DA:1861,37
DA:1862,37
DA:1864,2
DA:1865,37
DA:1866,35
DA:1867,8
DA:1868,8
DA:1869,8
DA:1870,274
DA:1871,264
DA:1872,264
DA:1873,272
DA:1883,2
DA:1884,2
DA:1886,2
DA:1887,22
DA:1888,20
DA:1889,20
DA:1890,66
DA:1891,66
DA:1896,22
DA:1897,8
DA:1898,8
DA:1899,8
DA:1901,12
DA:1905,2
DA:1906,2
DA:1907,74
DA:1908,74
DA:1909,408
DA:1910,410
DA:1911,336
DA:1912,336
DA:1913,1080
DA:1914,1080
DA:1915,504
DA:1916,504
DA:1917,2016
DA:1918,336
DA:1919,336
DA:1920,336
DA:1923,408
DA:1924,0
DA:1925,0
DA:1926,0
DA:1927,0
DA:1931,2
DA:1932,74
DA:1933,410
DA:1934,336
DA:1935,336
DA:1936,336
DA:1937,336
DA:1938,408
DA:1941,26
DA:1942,42
DA:1943,66
DA:1944,66
DA:1946,26
DA:1947,42
DA:1949,2
DA:1950,12
DA:1951,22
DA:1952,12
DA:1953,12
DA:1958,2
DA:1959,74
DA:1960,22
DA:1961,22
DA:1963,74
DA:1964,842
DA:1965,768
DA:1966,768
DA:1967,768
DA:1968,9288
DA:1969,8448
DA:1970,82368
DA:1971,82368
DA:1973,2496
DA:1974,89088
DA:1978,2
DA:1979,74
DA:1980,842
DA:1981,768
DA:1982,840
DA:1983,0
DA:1984,0
DA:1985,0
DA:1986,0
DA:1991,2
DA:1992,2
DA:1993,2
DA:1994,2
DA:1995,2
DA:1996,2
DA:1997,2
DA:1998,10
DA:1999,8
DA:2000,10
DA:2006,2
DA:2007,2
DA:2008,22
DA:2009,2
DA:2010,2
DA:2011,10
DA:2012,8
DA:2013,8
DA:2014,274
DA:2015,2952
DA:2016,2688
DA:2017,2688
DA:2018,2688
DA:2019,2688
DA:2020,2688
DA:2022,2952
DA:2025,264
DA:2026,272
DA:2029,2
DA:2030,2
DA:2035,2
DA:2036,2
DA:2037,2
DA:2038,2
DA:2044,2
DA:2045,1
DA:2046,1
DA:2047,0
DA:2049,1
DA:2055,2
DA:2056,1
DA:2057,1
DA:2058,1
DA:2062,1
DA:2063,4
DA:2064,1
DA:2066,1
DA:2068,3
DA:2069,3
DA:2070,38
DA:2071,686
DA:2072,648
DA:2073,684
DA:2079,1
DA:2080,1
DA:2084,2
DA:2085,2
DA:2088,2
DA:2089,2
DA:2092,2
DA:2094,2
DA:2095,2
DA:2096,2
DA:2098,10
DA:2099,8
DA:2100,8
DA:2103,8
DA:2104,8
DA:2107,8
DA:2108,8
DA:2109,144
DA:2110,136
DA:2111,86
DA:2112,94
DA:2117,8
DA:2118,5
DA:2119,5
DA:2123,274
DA:2124,264
DA:2127,264
DA:2128,264
DA:2131,264
DA:2132,264
DA:2133,4392
DA:2134,4128
DA:2135,2928
DA:2136,3192
DA:2140,182472
DA:2141,182208
DA:2142,182208
DA:2143,2164008
DA:2144,2163744
DA:2148,264
DA:2150,264
DA:2151,264
DA:2152,3192
DA:2153,2928
DA:2154,2928
DA:2156,2928
DA:2166,2928
DA:2169,2928
DA:2171,2928
DA:2172,3192
DA:2177,264
DA:2178,120
DA:2179,0
DA:2181,120
DA:2185,264
DA:2192,264
DA:2193,0
DA:2194,264
DA:2195,0
DA:2199,264
DA:2201,264
DA:2205,264
DA:2206,120
DA:2207,360
DA:2208,360
DA:2209,720
DA:2211,720
DA:2212,4560
DA:2213,4320
DA:2214,82320
DA:2215,77760
DA:2217,859680
DA:2218,855360
DA:2219,0
DA:2221,8553600
DA:2223,8553600
DA:2229,240
DA:2233,0
DA:2234,0
DA:2242,272
DA:2243,264
DA:2244,3192
DA:2245,35928
DA:2246,35664
DA:2253,2
DA:2255,2
DA:2257,2
DA:2261,2
DA:2263,2
DA:2264,2
DA:2265,2
DA:2266,2
DA:2267,2
DA:2269,2
DA:2270,1
DA:2271,1
DA:2272,1
DA:2273,0
DA:2275,1
DA:2279,2
DA:2281,4
DA:2284,10
DA:2320,30
DA:2321,20
DA:2322,10
DA:2324,20
DA:2325,30
DA:2332,10
DA:2336,10
DA:2338,10
DA:2339,10
DA:2340,10
DA:2341,10
DA:2343,10
DA:2344,3
DA:2346,7
DA:2349,10
DA:2351,10
DA:2353,10
DA:2354,10
DA:2355,10
DA:2360,10
DA:2361,6
DA:2362,6
DA:2366,6
DA:2367,6
DA:2368,6
DA:2369,6
DA:2370,6
DA:2371,6
DA:2372,101
DA:2374,101
DA:2375,95
DA:2376,79
DA:2378,786
DA:2379,707
DA:2381,707
DA:2382,707
DA:2383,707
DA:2384,2907
DA:2388,79
DA:2389,79
DA:2391,219
DA:2392,95
DA:2393,2972
DA:2394,71472
DA:2395,68500
DA:2396,71338
DA:2403,6
DA:2407,10
DA:2409,153
DA:2411,143
DA:2413,143
DA:2415,111
DA:2416,111
DA:2420,111
DA:2422,111
DA:2423,2465
DA:2424,2354
DA:2425,1798
DA:2426,1909
DA:2431,111
DA:2434,79
DA:2435,79
DA:2441,1180
DA:2446,1059
DA:2447,707
DA:2448,3
DA:2450,704
DA:2453,352
DA:2454,0
DA:2456,352
DA:2460,1059
DA:2463,1059
DA:2467,1059
DA:2468,1059
DA:2469,1059
DA:2475,1059
DA:2476,63
DA:2477,633
DA:2479,630
DA:2480,630
DA:2481,690
DA:2484,1056
DA:2487,392
DA:2491,664
DA:2496,1059
DA:2498,1059
DA:2499,707
DA:2500,1849
DA:2502,1142
DA:2503,0
DA:2504,0
DA:2509,3921
DA:2511,2072
DA:2513,1172
DA:2514,1172
DA:2516,25672
DA:2517,24500
DA:2518,613584
DA:2519,587912
DA:2521,12447324
DA:2522,12422824
DA:2523,538560
DA:2526,281520
DA:2528,11810432
DA:2529,274320640
DA:2530,9539840
DA:2537,264780800
DA:2542,0
DA:2546,28460160
DA:2549,2270592
DA:2555,3214
DA:2561,1202
DA:2562,18191
DA:2563,338963
DA:2564,355036
DA:2567,0
DA:2568,0
DA:2570,0
DA:2576,10
DA:2578,10
DA:2583,10
DA:2585,10
DA:2586,10
DA:2587,10
DA:2588,10
DA:2589,10
DA:2590,10
DA:2591,3
DA:2593,7
DA:2596,10
DA:2597,6
DA:2598,6
DA:2599,6
DA:2600,6
DA:2601,6
DA:2604,10
DA:2606,10
DA:2608,10
DA:2611,66
DA:2635,66
DA:2637,66
DA:2638,0
DA:2640,0
DA:2642,0
DA:2643,0
DA:2645,0
DA:2646,0
DA:2647,0
DA:2649,0
DA:2650,0
DA:2652,0
DA:2655,0
DA:2659,0
DA:2661,0
DA:2662,0
DA:2664,0
DA:2665,0
DA:2666,0
DA:2667,0
DA:2668,0
DA:2669,0
DA:2671,0
DA:2674,0
DA:2676,0
DA:2685,4
DA:2732,4
DA:2736,4
DA:2740,4
DA:2741,0
DA:2742,0
DA:2743,0
DA:2744,0
DA:2748,4
DA:2750,4
DA:2751,2
DA:2752,2
DA:2753,2
DA:2754,2
DA:2757,4
DA:2761,4
DA:2762,0
DA:2765,4
DA:2767,4
DA:2768,4
DA:2769,2
DA:2771,2
DA:2775,4
DA:2777,74
DA:2779,70
DA:2781,70
DA:2783,70
DA:2784,70
DA:2788,70
DA:2789,54
DA:2791,54
DA:2794,70
DA:2795,1930
DA:2796,1860
DA:2797,48582
DA:2798,23612
DA:2799,12796
DA:2801,12796
DA:2802,9988286
DA:2803,12796
DA:2804,12796
DA:2806,9988286
DA:2807,12796
DA:2808,12796
DA:2809,12796
DA:2811,14656
DA:2813,11340
DA:2814,11340
DA:2815,11340
DA:2816,11340
DA:2818,34020
DA:2819,22680
DA:2820,0
DA:2821,0
DA:2826,79380
DA:2827,45360
DA:2829,68040
DA:2830,68040
DA:2831,567000
DA:2832,544320
DA:2833,567000
DA:2834,15876000
DA:2836,15331680
DA:2837,544320
DA:2838,1995840
DA:2839,5987520
DA:2840,21954240
DA:2843,7983360
DA:2847,11975040
DA:2853,0
DA:2854,0
DA:2855,0
DA:2860,567000
DA:2861,31230360
DA:2863,15331680
DA:2869,15331680
DA:2872,15876000
DA:2876,68040
DA:2879,11340
DA:2880,11340
DA:2881,11340
DA:2886,70
DA:2887,70
DA:2891,74
DA:2892,70
DA:2897,4
DA:2899,4
DA:2904,4
DA:2906,4
DA:2907,4
DA:2908,2
DA:2909,2
DA:2910,2
DA:2913,4
DA:2915,4
DA:2917,4
DA:2920,5
DA:2958,5
DA:2960,5
DA:2962,5
DA:2964,5
DA:2966,5
DA:2968,5
DA:2970,5
DA:2975,5
DA:2976,0
DA:2977,0
DA:2978,0
DA:2979,0
DA:2980,0
DA:2981,0
DA:2984,5
DA:2986,5
DA:2987,0
DA:2988,5
DA:2989,0
DA:2992,5
DA:2994,0
DA:2997,5
DA:2998,5
DA:2999,5
DA:3000,5
DA:3002,5
DA:3003,5
DA:3004,5
DA:3005,61
DA:3008,5
DA:3009,5
DA:3010,61
DA:3022,5
DA:3023,5
DA:3024,5
DA:3025,5
DA:3026,5
DA:3027,1
DA:3029,4
DA:3034,5
DA:3035,5
DA:3036,5
DA:3037,5
DA:3038,5
DA:3039,1
DA:3041,4
DA:3046,5
DA:3047,5
DA:3049,5
DA:3051,61
DA:3053,56
DA:3055,56
DA:3057,40
DA:3060,40
DA:3061,40
DA:3062,40
DA:3063,40
DA:3068,488
DA:3070,488
DA:3076,488
DA:3079,448
DA:3082,448
DA:3087,3272
DA:3090,2784
DA:3096,2784
DA:3097,2784
DA:3100,1248
DA:3104,1536
DA:3108,2784
DA:3111,2784
DA:3115,3232
DA:3116,2784
DA:3119,1248
DA:3123,1536
DA:3127,2784
DA:3130,2784
DA:3137,40
DA:3138,40
DA:3139,40
DA:3143,493
DA:3144,5176
DA:3145,5568
DA:3146,5120
DA:3147,5120
DA:3149,5120
DA:3150,5120
DA:3157,5
DA:3158,5
DA:3159,5
DA:3162,5
DA:3167,5
DA:3168,5
DA:3172,5
DA:3173,5
DA:3174,5
DA:3175,5
DA:3177,5
DA:3178,5
DA:3179,5
DA:3182,5
DA:3183,5
DA:3186,5
DA:3187,5
DA:3189,5
DA:3191,5
DA:3194,2
DA:3235,2
DA:3236,2
DA:3237,2
DA:3240,2
DA:3241,0
DA:3242,0
DA:3243,0
DA:3244,0
DA:3245,0
DA:3247,0
DA:3251,2
DA:3253,2
DA:3254,0
DA:3255,2
DA:3256,0
DA:3257,2
DA:3258,0
DA:3259,2
DA:3260,0
DA:3262,2
DA:3263,2
DA:3265,2
DA:3266,2
DA:3267,2
DA:3269,2
DA:3272,2
DA:3273,2
DA:3274,2
DA:3275,2
DA:3276,2
DA:3277,1
DA:3279,1
DA:3284,2
DA:3285,2
DA:3286,2
DA:3287,2
DA:3288,2
DA:3289,1
DA:3291,1
DA:3296,2
DA:3297,2
DA:3299,2
DA:3300,2
DA:3302,18
DA:3304,16
DA:3306,16
DA:3308,16
DA:3312,16
DA:3314,16
DA:3315,256
DA:3316,240
DA:3317,208
DA:3318,224
DA:3322,16
DA:3323,16
DA:3324,16
DA:3326,210
DA:3330,192
DA:3332,192
DA:3334,192
DA:3335,192
DA:3338,2688
DA:3340,67584
DA:3346,32448
DA:3347,32448
DA:3348,7110168
DA:3349,32448
DA:3350,32448
DA:3352,7110168
DA:3354,32448
DA:3355,32448
DA:3356,32448
DA:3359,34944
DA:3360,32448
DA:3361,7110168
DA:3362,32448
DA:3363,32448
DA:3365,7110168
DA:3367,32448
DA:3368,32448
DA:3369,32448
DA:3375,192
DA:3376,192
DA:3377,192
DA:3379,208
DA:3380,1344
DA:3381,576
DA:3382,576
DA:3384,768
DA:3385,576
DA:3393,2
DA:3394,2
DA:3395,2
DA:3398,2
DA:3403,2
DA:3404,2
DA:3406,2
DA:3407,2
DA:3408,2
DA:3409,2
DA:3410,2
DA:3412,2
DA:3414,2
DA:3416,2
DA:3418,2
DA:3420,2
DA:3423,11462
DA:3450,11462
DA:3452,90591
DA:3453,508829
DA:3454,549752
DA:3459,8547
DA:3464,11462
DA:3468,43
DA:3493,43
DA:3494,43
DA:3495,43
DA:3496,43
DA:3497,31
DA:3499,12
DA:3503,43
DA:3504,43
DA:3505,43
DA:3506,43
DA:3507,31
DA:3509,12
DA:3513,43
DA:3517,9
DA:3560,9
DA:3561,9
DA:3562,9
DA:3571,9
DA:3573,9
DA:3574,9
DA:3575,9
DA:3576,9
DA:3577,9
DA:3579,9
DA:3581,9
DA:3582,9
DA:3583,9
DA:3586,9
DA:3588,9
DA:3590,144
DA:3592,135
DA:3594,135
DA:3596,103
DA:3597,103
DA:3601,103
DA:3603,103
DA:3604,2137
DA:3605,2034
DA:3606,1478
DA:3607,1581
DA:3610,103
DA:3612,103
DA:3613,35
DA:3614,35
DA:3619,103
DA:3620,71
DA:3623,71
DA:3624,1
DA:3625,70
DA:3626,27
DA:3628,43
DA:3632,71
DA:3633,27
DA:3635,44
DA:3638,32
DA:3641,103
DA:3643,103
DA:3644,963
DA:3645,928
DA:3646,928
DA:3650,928
DA:3653,360
DA:3654,0
DA:3657,963
DA:3659,568
DA:3660,568
DA:3662,0
DA:3664,568
DA:3666,568
DA:3668,216
DA:3670,216
DA:3673,352
DA:3680,360
DA:3681,180
DA:3682,180
DA:3684,180
DA:3685,180
DA:3688,1080
DA:3689,720
DA:3690,1080
DA:3692,432
DA:3695,288
DA:3701,68
DA:3702,19
DA:3703,361
DA:3704,360
DA:3705,360
DA:3706,378
DA:3712,67
DA:3716,103
DA:3720,112
DA:3721,1649
DA:3722,24441
DA:3723,22792
DA:3724,24338
DA:3727,0
DA:3728,0
DA:3729,0
DA:3730,0
DA:3737,9
DA:3739,9
DA:3744,9
DA:3746,9
DA:3747,9
DA:3748,9
DA:3749,9
DA:3750,9
DA:3752,9
DA:3753,5
DA:3756,9
DA:3758,9
DA:3760,9
DA:3762,9
DA:3764,4
DA:3795,4
DA:3797,4
DA:3799,4
DA:3801,4
DA:3803,8
DA:3804,12
DA:3806,4
DA:3808,4
DA:3813,4
DA:3814,1
DA:3815,3
DA:3817,3
DA:3818,3
DA:3821,4
DA:3829,4
DA:3830,0
DA:3836,4
DA:3837,4
DA:3838,4
DA:3839,4
DA:3840,4
DA:3841,4
DA:3842,4
DA:3843,57476
DA:3844,114948
DA:3846,4
DA:3847,4
DA:3848,4
DA:3849,4
DA:3851,4
DA:3852,4
DA:3853,4
DA:3854,4
DA:3855,4
DA:3856,4
DA:3857,4
DA:3858,4
DA:3859,4
DA:3860,4
DA:3862,4
DA:3864,4
DA:3866,4
DA:3869,4
DA:3870,4
DA:3875,4
DA:3876,4
DA:3877,4
DA:3878,4
DA:3879,4
DA:3882,4
DA:3885,4
DA:3889,4
DA:3891,4
DA:3893,4
DA:3894,4
DA:3895,4
DA:3897,80
DA:3898,76
DA:3899,64
DA:3900,64
DA:3901,0
DA:3903,64
DA:3905,60
DA:3906,52
DA:3907,8
DA:3908,8
DA:3910,0
DA:3913,64
DA:3915,68
DA:3916,40
DA:3917,40
DA:3918,40
DA:3919,40
DA:3920,40
DA:3926,40
DA:3930,40
DA:3931,40
DA:3932,40
DA:3936,24
DA:3937,24
DA:3938,24
DA:3940,24
DA:3944,24
DA:3948,331800
DA:3949,24
DA:3957,4
DA:3959,4
DA:3960,4
DA:3961,4
DA:3962,57476
DA:3963,4
DA:3965,4
DA:3966,4
DA:3968,4
DA:3969,4
DA:3972,4
DA:3973,4
DA:3974,4
DA:3976,4
DA:3979,4
DA:3980,1
DA:3981,19
DA:3982,19
DA:3983,9
DA:3984,9
DA:3985,9
DA:3987,9
DA:3988,9
DA:3991,1
DA:3992,1
DA:3994,3
DA:3995,19
DA:3996,3
DA:4000,38
DA:4001,34
DA:4002,34
DA:4003,34
DA:4004,34
DA:4005,34
DA:4006,34
DA:4007,34
DA:4008,34
DA:4009,140
DA:4013,4
DA:4014,1
DA:4016,3
DA:4018,38
DA:4019,34
DA:4020,34
DA:4021,38
DA:4022,18
DA:4024,16
DA:4027,4
DA:4029,4
DA:4031,36
DA:4033,32
DA:4035,32
DA:4036,32
DA:4038,32
DA:4040,32
DA:4046,304
DA:4047,32
DA:4048,32
DA:4049,32
DA:4050,304
DA:4051,304
DA:4052,1392
DA:4055,32
DA:4056,32
DA:4058,304
DA:4059,272
DA:4060,272
DA:4062,112562
DA:4063,112258
DA:4064,112530
DA:4068,32
DA:4070,640
DA:4071,608
DA:4072,512
DA:4074,512
DA:4076,480
DA:4077,416
DA:4078,64
DA:4079,64
DA:4081,0
DA:4084,512
DA:4085,512
DA:4086,512
DA:4087,512
DA:4090,7456
DA:4091,6912
DA:4092,5760
DA:4094,2880
DA:4097,2880
DA:4101,1152
DA:4103,7520
DA:4107,32
DA:4109,32
DA:4111,32
DA:4112,32
DA:4113,32
DA:4116,32
DA:4117,32
DA:4119,32
DA:4120,32
DA:4121,0
DA:4123,36
DA:4124,32
DA:4125,304
DA:4126,7216
DA:4127,7184
DA:4133,4
DA:4135,4
DA:4140,4
DA:4143,4
DA:4144,4
DA:4145,4
DA:4146,4
DA:4147,4
DA:4148,4
DA:4149,4
DA:4150,4
DA:4151,4
DA:4152,4
DA:4153,4
DA:4154,4
DA:4155,4
DA:4156,4
DA:4157,4
DA:4159,4
DA:4160,4
DA:4162,4
DA:4164,35
DA:4177,35
DA:4178,963
DA:4179,928
DA:4182,928
DA:4185,360
DA:4186,0
DA:4188,963
DA:4189,568
DA:4190,568
DA:4192,0
DA:4194,568
DA:4195,568
DA:4197,360
DA:4198,180
DA:4199,180
DA:4201,180
DA:4202,180
DA:4204,360
DA:4205,360
DA:4208,35
DA:4210,103
DA:4231,206
DA:4232,103
DA:4234,103
DA:4235,103
DA:4237,159139
DA:4238,79518
DA:4239,79518
DA:4240,79518
DA:4241,79621
DA:4244,103
DA:4246,103
DA:4248,1649
DA:4250,1546
DA:4252,1546
DA:4254,26282
DA:4255,24736
DA:4256,4258
DA:4257,4258
DA:4259,3037014
DA:4260,24736
DA:4263,1144028
DA:4264,1142482
DA:4266,1142482
DA:4268,1142482
DA:4269,1144028
DA:4271,1546
DA:4272,18
DA:4273,18
DA:4275,1528
DA:4277,1546
DA:4279,1649
DA:4282,103
DA:4283,103
DA:4286,23
DA:4305,23
DA:4306,23
DA:4307,23
DA:4308,23
DA:4309,23
DA:4311,0
DA:4312,0
DA:4313,0
DA:4315,0
DA:4319,286
DA:4320,263
DA:4321,215
DA:4322,215
DA:4324,215
DA:4325,3872
DA:4326,3634
DA:4327,2214
DA:4328,2477
DA:4329,2214
DA:4330,0
DA:4331,0
DA:4336,23
DA:4337,23
DA:4339,23
DA:4341,23
DA:4343,23
DA:4345,23
DA:4347,10
DA:4373,10
DA:4375,10
DA:4380,10
DA:4382,10
DA:4383,10
DA:4384,10
DA:4385,24
DA:4386,24
DA:4388,10
DA:4390,4
DA:4391,4
DA:4392,4
DA:4393,4
DA:4394,4
DA:4395,4
DA:4396,10
DA:4398,6
DA:4399,6
DA:4400,6
DA:4401,6
DA:4404,10
DA:4406,106
DA:4408,96
DA:4410,96
DA:4411,80
DA:4413,80
DA:4415,80
DA:4416,48
DA:4417,48
DA:4418,48
DA:4420,32
DA:4423,80
DA:4424,80
DA:4425,32
DA:4426,32
DA:4428,48
DA:4429,48
DA:4433,80
DA:4435,80
DA:4436,1072
DA:4437,992
DA:4442,512
DA:4443,512
DA:4444,288
DA:4445,512
DA:4453,224
DA:4456,224
DA:4457,80
DA:4458,720
DA:4459,5840
DA:4460,46720
DA:4461,40960
DA:4462,40960
DA:4463,103424
DA:4464,98304
DA:4471,304
DA:4472,512
DA:4473,512
DA:4474,112
DA:4476,176
DA:4482,90
DA:4486,10
DA:4487,4
DA:4489,10
DA:4490,10
DA:4492,10
DA:4494,10
DA:4496,10
DA:4499,4
DA:4520,4
DA:4523,4
DA:4525,4
DA:4528,16
DA:4529,16
DA:4530,16
DA:4531,16
DA:4532,16
DA:4533,16
DA:4534,16
DA:4535,16
DA:4536,16
DA:4537,16
DA:4538,16
DA:4539,16
DA:4540,16
DA:4541,16
DA:4542,16
DA:4543,16
DA:4544,16
DA:4545,16
DA:4546,16
DA:4547,16
DA:4548,16
DA:4549,16
DA:4550,16
DA:4551,16
DA:4552,16
DA:4553,16
DA:4554,16
DA:4555,16
DA:4556,16
DA:4557,16
DA:4558,16
DA:4559,16
DA:4564,4
DA:4565,3
DA:4566,11
DA:4567,11
DA:4568,3
DA:4569,3
DA:4570,3
DA:4575,1
DA:4576,1
DA:4578,0
DA:4583,4
DA:4584,4
DA:4585,64
DA:4589,4
DA:4590,4
DA:4595,4
DA:4596,21317
DA:4597,701221
DA:4598,701217
DA:4599,128
DA:4600,128
DA:4605,4
DA:4611,4
DA:4612,4
DA:4616,4
DA:4617,4
DA:4618,4
DA:4619,64
DA:4620,1984
DA:4621,1920
DA:4622,1920
DA:4623,3900
DA:4626,4
DA:4629,4
DA:4633,4
DA:4635,4
DA:4638,0
DA:4653,0
DA:4656,0
DA:4657,0
DA:4659,0
DA:4660,0
DA:4663,0
DA:4664,0
DA:4665,0
DA:4666,0
DA:4668,0
DA:4669,0
DA:4675,0
DA:4676,0
DA:4677,0
DA:4678,0
DA:4679,0
DA:4680,0
DA:4681,0
DA:4682,0
DA:4683,0
DA:4684,0
DA:4685,0
DA:4686,0
DA:4690,0
DA:4693,0
DA:4694,0
DA:4695,0
DA:4696,0
DA:4698,0
DA:4700,25
DA:4710,25
DA:4713,25
DA:4714,25
DA:4717,825
DA:4718,1225
DA:4719,1600
DA:4722,425
DA:4724,25
DA:4726,25
DA:4728,25
DA:4730,313
DA:4733,288
DA:4735,288
DA:4737,288
DA:4739,313
DA:4747,25
DA:4749,25
DA:4752,25
DA:4753,3619
DA:4760,25
DA:4764,25
DA:4765,25
DA:4766,25
DA:4767,425
DA:4768,425
DA:4770,25
DA:4772,25
DA:4773,0
DA:4774,25
DA:4775,25
DA:4778,308
DA:4787,308
DA:4788,308
DA:4790,308
DA:4791,308
DA:4794,308
DA:4795,308
DA:4797,308
DA:4798,308
DA:4799,308
DA:4801,1232
DA:4802,1232
DA:4803,1232
DA:4807,308
DA:4811,3562
DA:4838,3562
DA:4839,3562
DA:4840,3562
DA:4841,3562
DA:4843,3562
DA:4844,3562
DA:4845,538
DA:4847,3024
DA:4850,112938
DA:4851,109376
DA:4852,109376
DA:4854,109376
DA:4858,109376
DA:4859,49098
DA:4860,60278
DA:4861,50402
DA:4863,9876
DA:4867,109376
DA:4868,26048
DA:4870,109376
DA:4871,704
DA:4872,480
DA:4873,480
DA:4875,109376
DA:4876,1152
DA:4877,960
DA:4878,960
DA:4879,960
DA:4880,960
DA:4882,109376
DA:4883,512
DA:4884,448
DA:4885,448
DA:4886,448
DA:4887,448
DA:4888,448
DA:4889,448
DA:4891,109376
DA:4892,192
DA:4893,192
DA:4895,109376
DA:4896,256
DA:4897,256
DA:4898,256
DA:4900,109376
DA:4901,140160
DA:4902,140160
DA:4903,140160
DA:4904,140160
DA:4906,109376
DA:4907,384
DA:4908,384
DA:4909,384
DA:4910,448
DA:4911,448
DA:4913,112938
DA:4914,512
DA:4915,512
DA:4916,512
DA:4917,512
DA:4918,576
DA:4919,576
DA:4924,3562
DA:4929,0
DA:4934,107360
DA:4938,0
DA:4943,93920
DA:4946,94208
DA:4951,94208
DA:4952,94208
DA:4955,93952
DA:4960,93952
DA:4961,93952
DA:4965,0
DA:4970,704
DA:4973,192
DA:4978,192
DA:4979,192
DA:4982,192
DA:4987,192
DA:4988,192
DA:4991,448
DA:4996,448
DA:4997,448
DA:5000,192
DA:5005,192
DA:5006,192
DA:5010,0
DA:5015,64
DA:5018,64
DA:5023,64
DA:5024,64
DA:5027,64
DA:5032,64
DA:5033,64
DA:5036,64
DA:5041,64
DA:5042,64
DA:5045,64
DA:5050,64
DA:5051,64
DA:5054,64
DA:5059,64
DA:5060,64
DA:5063,64
DA:5068,64
DA:5069,64
DA:5075,1546
DA:5094,1546
DA:5096,1546
DA:5097,1546
DA:5098,1546
DA:5102,1031182
DA:5103,514818
DA:5104,514818
DA:5105,516364
DA:5108,1546
DA:5109,1546
DA:5110,48
DA:5111,1546
DA:5113,144
DA:5114,1546
DA:5116,7730
DA:5117,4577658
DA:5118,4569928
DA:5119,1526355952
DA:5121,4569928
DA:5122,4576112
DA:5126,1546
DA:5127,1546
LF:2342
LH:1950
end_of_record
