TN:
SF:/home/jmlihm/dipole/qe-new-serial/PP/src/pw2wannier90.f90
FN:99,__wannier_MOD_utility_setup_wfc_and_pw
FN:196,__wannier_MOD_utility_compute_u_kb
FN:374,__wannier_MOD_utility_merge_files
FN:450,__wannier_MOD_print_progress
FN:480,MAIN__
FN:484,main
FN:912,lib_dealloc_
FN:925,setup_nnkp_
FN:1111,run_wannier_
FN:1149,find_mp_grid_
FN:1207,read_nnkp_
FN:1564,scan_file_to_
FN:1591,pw2wan_set_symm_
FN:1690,compute_dmn_
FN:2360,compute_mmn_
FN:2698,compute_spin_
FN:2943,compute_orb_
FN:3217,compute_shc_
FN:3446,utility_write_array_
FN:3490,utility_open_output_file_
FN:3539,compute_amn_
FN:3786,compute_amn_with_scdm_
FN:4187,scdm_occupation.9452
FN:4206,orient_gf_spinor_
FN:4252,generate_guiding_functions_
FN:4328,write_band_
FN:4389,write_plot_
FN:4541,write_parity_
FN:4680,wan2sic_
FN:4742,ylm_expansion_
FN:4794,check_inverse_
FN:4820,set_u_matrix_
FN:4853,ylm_wannier_
FN:4971,s_
FN:4980,p_z_
FN:4988,px_
FN:4997,py_
FN:5007,dz2_
FN:5015,dxz_
FN:5024,dyz_
FN:5033,dx2my2_
FN:5042,dxy_
FN:5052,fz3_
FN:5060,fxz2_
FN:5069,fyz2_
FN:5078,fzx2my2_
FN:5087,fxyz_
FN:5096,fxx2m3y2_
FN:5105,fy3x2my2_
FN:5117,radialpart_
FNDA:4056,__wannier_MOD_utility_setup_wfc_and_pw
FNDA:3512,__wannier_MOD_utility_compute_u_kb
FNDA:158,__wannier_MOD_utility_merge_files
FNDA:1200,__wannier_MOD_print_progress
FNDA:58,MAIN__
FNDA:58,main
FNDA:0,lib_dealloc_
FNDA:0,setup_nnkp_
FNDA:0,run_wannier_
FNDA:0,find_mp_grid_
FNDA:58,read_nnkp_
FNDA:406,scan_file_to_
FNDA:4,pw2wan_set_symm_
FNDA:4,compute_dmn_
FNDA:28,compute_mmn_
FNDA:10,compute_spin_
FNDA:10,compute_orb_
FNDA:4,compute_shc_
FNDA:22940,utility_write_array_
FNDA:104,utility_open_output_file_
FNDA:24,compute_amn_
FNDA:10,compute_amn_with_scdm_
FNDA:2376,scdm_occupation.9452
FNDA:70,orient_gf_spinor_
FNDA:212,generate_guiding_functions_
FNDA:54,write_band_
FNDA:20,write_plot_
FNDA:14,write_parity_
FNDA:0,wan2sic_
FNDA:58,ylm_expansion_
FNDA:58,check_inverse_
FNDA:664,set_u_matrix_
FNDA:7172,ylm_wannier_
FNDA:0,s_
FNDA:0,p_z_
FNDA:188608,px_
FNDA:188096,py_
FNDA:0,dz2_
FNDA:384,dxz_
FNDA:384,dyz_
FNDA:896,dx2my2_
FNDA:384,dxy_
FNDA:0,fz3_
FNDA:128,fxz2_
FNDA:128,fyz2_
FNDA:128,fzx2my2_
FNDA:128,fxyz_
FNDA:128,fxx2m3y2_
FNDA:128,fy3x2my2_
FNDA:3140,radialpart_
FNF:50
FNH:41
DA:99,4056
DA:143,8112
DA:147,84120
DA:150,4056
DA:152,4056
DA:157,4056
DA:164,0
DA:166,0
DA:169,0
DA:170,0
DA:173,0
DA:174,0
DA:175,0
DA:176,0
DA:177,0
DA:182,4056
DA:184,4056
DA:185,4056
DA:188,0
DA:192,4056
DA:196,3536
DA:264,7024
DA:269,3512
DA:271,3512
DA:276,3512
DA:277,0
DA:279,3512
DA:281,3512
DA:282,3512
DA:284,61416
DA:286,3512
DA:288,3512
DA:290,3512
DA:291,3512
DA:292,3512
DA:296,3512
DA:300,3512
DA:301,75048
DA:302,71536
DA:303,57904
DA:304,61416
DA:310,3512
DA:311,26920852
DA:312,2020
DA:313,2020
DA:318,61416
DA:320,153368
DA:321,91952
DA:325,91952
DA:326,91952
DA:327,91952
DA:329,91952
DA:334,91952
DA:335,52208
DA:336,52208
DA:337,52208
DA:342,91952
DA:343,91952
DA:344,91952
DA:346,149856
DA:347,336
DA:348,336
DA:355,3512
DA:359,1528
DA:360,1528
DA:364,3512
DA:365,3512
DA:367,3512
DA:370,7024
DA:374,158
DA:397,158
DA:399,158
DA:400,0
DA:403,158
DA:404,0
DA:406,0
DA:408,0
DA:409,0
DA:411,0
DA:412,0
DA:413,0
DA:415,0
DA:416,0
DA:418,0
DA:421,0
DA:425,0
DA:427,0
DA:428,0
DA:430,0
DA:431,0
DA:432,0
DA:433,0
DA:434,0
DA:435,0
DA:437,0
DA:440,0
DA:442,0
DA:450,1200
DA:464,1200
DA:466,1200
DA:468,1200
DA:469,1200
DA:472,1200
DA:480,58
DA:484,58
DA:529,58
DA:531,58
DA:535,58
DA:536,58
DA:540,58
DA:544,58
DA:545,58
DA:546,58
DA:547,58
DA:548,58
DA:549,58
DA:550,58
DA:551,58
DA:552,58
DA:553,58
DA:554,58
DA:555,58
DA:556,58
DA:557,58
DA:558,58
DA:560,58
DA:561,58
DA:564,58
DA:565,58
DA:566,58
DA:567,58
DA:569,58
DA:570,58
DA:571,58
DA:572,58
DA:573,58
DA:574,58
DA:575,58
DA:576,58
DA:580,58
DA:584,58
DA:588,58
DA:589,58
DA:593,58
DA:594,58
DA:595,58
DA:596,58
DA:597,58
DA:598,58
DA:599,58
DA:600,58
DA:601,58
DA:602,58
DA:603,58
DA:605,58
DA:606,58
DA:609,58
DA:610,58
DA:612,58
DA:613,58
DA:614,58
DA:615,58
DA:616,58
DA:617,58
DA:618,58
DA:619,58
DA:620,58
DA:621,58
DA:622,58
DA:623,58
DA:624,58
DA:625,58
DA:629,58
DA:630,0
DA:633,58
DA:637,58
DA:638,58
DA:639,58
DA:640,58
DA:641,58
DA:644,58
DA:645,0
DA:647,58
DA:648,0
DA:649,58
DA:650,0
DA:651,58
DA:653,10
DA:657,0
DA:660,58
DA:661,0
DA:663,67
DA:665,9
DA:666,9
DA:667,9
DA:668,9
DA:669,9
DA:671,9
DA:672,9
DA:673,9
DA:674,9
DA:675,9
DA:677,40
DA:678,20
DA:680,20
DA:682,40
DA:683,40
DA:684,40
DA:685,98
DA:689,58
DA:690,58
DA:692,58
DA:694,58
DA:695,58
DA:696,58
DA:698,58
DA:700,58
DA:701,58
DA:702,58
DA:703,58
DA:704,58
DA:705,58
DA:706,58
DA:707,58
DA:708,58
DA:709,58
DA:710,58
DA:711,4
DA:712,4
DA:713,4
DA:714,4
DA:715,4
DA:716,4
DA:718,58
DA:719,34
DA:720,10
DA:721,10
DA:722,10
DA:723,10
DA:724,10
DA:726,24
DA:727,24
DA:728,24
DA:729,24
DA:730,24
DA:732,34
DA:734,24
DA:735,24
DA:736,24
DA:737,24
DA:739,58
DA:740,28
DA:741,28
DA:742,28
DA:743,28
DA:744,28
DA:745,28
DA:747,30
DA:748,30
DA:749,30
DA:750,30
DA:752,58
DA:753,20
DA:754,10
DA:755,10
DA:756,10
DA:757,10
DA:758,10
DA:759,10
DA:761,10
DA:762,10
DA:763,10
DA:764,10
DA:766,38
DA:767,2
DA:768,2
DA:769,2
DA:770,2
DA:771,2
DA:773,58
DA:774,10
DA:775,10
DA:776,10
DA:777,10
DA:778,10
DA:779,10
DA:781,48
DA:782,48
DA:783,48
DA:784,48
DA:786,58
DA:787,4
DA:788,4
DA:789,4
DA:790,4
DA:791,4
DA:792,4
DA:794,54
DA:795,54
DA:796,54
DA:797,54
DA:799,58
DA:800,54
DA:801,54
DA:802,54
DA:803,54
DA:804,54
DA:805,54
DA:807,4
DA:808,4
DA:809,4
DA:810,4
DA:812,58
DA:813,20
DA:814,20
DA:815,20
DA:816,20
DA:817,20
DA:818,20
DA:820,38
DA:821,38
DA:822,38
DA:823,38
DA:825,58
DA:826,14
DA:827,14
DA:828,14
DA:829,14
DA:830,14
DA:831,14
DA:833,44
DA:834,44
DA:835,44
DA:836,44
DA:838,58
DA:839,58
DA:840,58
DA:841,58
DA:843,58
DA:844,58
DA:845,58
DA:846,58
DA:847,58
DA:848,58
DA:849,58
DA:850,58
DA:851,58
DA:852,58
DA:854,58
DA:855,58
DA:856,58
DA:857,58
DA:859,58
DA:862,58
DA:863,58
DA:864,58
DA:868,0
DA:871,0
DA:872,0
DA:873,0
DA:874,0
DA:875,0
DA:876,0
DA:877,0
DA:878,0
DA:879,0
DA:880,0
DA:881,0
DA:882,0
DA:883,0
DA:884,0
DA:887,0
DA:888,0
DA:890,0
DA:891,0
DA:892,0
DA:893,0
DA:895,0
DA:896,0
DA:897,0
DA:901,0
DA:903,0
DA:904,0
DA:908,0
DA:912,0
DA:919,0
DA:921,0
DA:925,0
DA:946,0
DA:948,0
DA:972,0
DA:973,0
DA:974,0
DA:975,0
DA:976,0
DA:977,0
DA:980,0
DA:982,0
DA:984,0
DA:985,0
DA:987,0
DA:989,0
DA:990,0
DA:991,0
DA:995,0
DA:997,0
DA:1008,0
DA:1009,0
DA:1010,0
DA:1011,0
DA:1012,0
DA:1013,0
DA:1014,0
DA:1015,0
DA:1016,0
DA:1017,0
DA:1018,0
DA:1019,0
DA:1020,0
DA:1022,0
DA:1023,0
DA:1025,0
DA:1028,0
DA:1030,0
DA:1032,0
DA:1033,0
DA:1034,0
DA:1035,0
DA:1036,0
DA:1037,0
DA:1038,0
DA:1041,0
DA:1042,0
DA:1046,0
DA:1047,0
DA:1049,0
DA:1051,0
DA:1052,0
DA:1054,0
DA:1055,0
DA:1057,0
DA:1058,0
DA:1059,0
DA:1060,0
DA:1061,0
DA:1063,0
DA:1065,0
DA:1067,0
DA:1068,0
DA:1070,0
DA:1071,0
DA:1072,0
DA:1074,0
DA:1075,0
DA:1077,0
DA:1078,0
DA:1079,0
DA:1080,0
DA:1081,0
DA:1082,0
DA:1083,0
DA:1084,0
DA:1086,0
DA:1087,0
DA:1088,0
DA:1093,0
DA:1094,0
DA:1095,0
DA:1096,0
DA:1097,0
DA:1099,0
DA:1102,0
DA:1104,0
DA:1105,0
DA:1107,0
DA:1111,0
DA:1123,0
DA:1124,0
DA:1125,0
DA:1126,0
DA:1127,0
DA:1138,0
DA:1139,0
DA:1140,0
DA:1141,0
DA:1142,0
DA:1143,0
DA:1145,0
DA:1149,0
DA:1160,0
DA:1162,0
DA:1164,0
DA:1165,0
DA:1166,0
DA:1167,0
DA:1170,0
DA:1172,0
DA:1174,0
DA:1175,0
DA:1176,0
DA:1179,0
DA:1181,0
DA:1183,0
DA:1184,0
DA:1185,0
DA:1188,0
DA:1190,0
DA:1191,0
DA:1193,0
DA:1195,0
DA:1197,0
DA:1198,0
DA:1200,0
DA:1201,0
DA:1203,0
DA:1207,58
DA:1228,58
DA:1233,58
DA:1235,58
DA:1236,58
DA:1238,0
DA:1241,58
DA:1245,58
DA:1248,58
DA:1249,58
DA:1251,58
DA:1253,58
DA:1254,58
DA:1256,0
DA:1258,406
DA:1259,174
DA:1260,754
DA:1261,696
DA:1264,406
DA:1265,754
DA:1266,696
DA:1267,0
DA:1268,0
DA:1269,0
DA:1273,58
DA:1275,58
DA:1276,58
DA:1278,0
DA:1280,406
DA:1281,174
DA:1282,754
DA:1283,696
DA:1286,406
DA:1287,754
DA:1288,696
DA:1289,0
DA:1290,0
DA:1291,0
DA:1295,58
DA:1297,58
DA:1298,58
DA:1300,0
DA:1302,58
DA:1303,58
DA:1304,0
DA:1305,0
DA:1306,0
DA:1308,58
DA:1309,580
DA:1310,522
DA:1311,522
DA:1313,522
DA:1314,58
DA:1315,0
DA:1316,0
DA:1317,0
DA:1318,0
DA:1319,0
DA:1323,58
DA:1328,58
DA:1329,58
DA:1331,58
DA:1332,58
DA:1333,20
DA:1334,20
DA:1335,20
DA:1337,0
DA:1338,0
DA:1339,0
DA:1342,0
DA:1346,38
DA:1347,38
DA:1348,38
DA:1350,0
DA:1353,58
DA:1357,58
DA:1358,58
DA:1360,58
DA:1361,0
DA:1362,0
DA:1363,0
DA:1364,0
DA:1365,0
DA:1366,0
DA:1371,58
DA:1373,0
DA:1374,0
DA:1375,406
DA:1376,58
DA:1377,20
DA:1380,58
DA:1381,1306
DA:1382,624
DA:1383,624
DA:1385,624
DA:1386,624
DA:1388,624
DA:1389,624
DA:1391,624
DA:1392,624
DA:1393,0
DA:1394,624
DA:1395,0
DA:1397,624
DA:1398,682
DA:1399,328
DA:1401,328
DA:1402,328
DA:1403,328
DA:1409,58
DA:1410,58
DA:1411,58
DA:1412,10
DA:1413,10
DA:1415,10
DA:1416,10
DA:1417,0
DA:1418,0
DA:1419,0
DA:1420,0
DA:1421,0
DA:1422,0
DA:1424,10
DA:1425,0
DA:1430,0
DA:1433,48
DA:1436,0
DA:1442,58
DA:1443,58
DA:1444,58
DA:1445,58
DA:1446,58
DA:1447,58
DA:1448,58
DA:1449,58
DA:1450,58
DA:1451,20
DA:1452,20
DA:1455,58
DA:1457,58
DA:1459,58
DA:1460,58
DA:1461,682
DA:1463,682
DA:1466,58
DA:1467,58
DA:1468,58
DA:1470,0
DA:1472,58
DA:1476,58
DA:1478,58
DA:1480,0
DA:1481,174
DA:1482,58
DA:1483,546
DA:1486,58
DA:1487,58
DA:1488,58
DA:1490,58
DA:1491,580
DA:1492,5228
DA:1493,5170
DA:1499,58
DA:1500,58
DA:1502,580
DA:1503,5228
DA:1505,4648
DA:1506,2044
DA:1507,4648
DA:1508,4648
DA:1509,4648
DA:1510,4648
DA:1511,4648
DA:1512,66594
DA:1514,30712
DA:1515,4648
DA:1516,35360
DA:1520,58
DA:1521,58
DA:1522,580
DA:1523,5228
DA:1524,4648
DA:1526,522
DA:1529,58
DA:1531,58
DA:1532,58
DA:1534,58
DA:1536,58
DA:1537,58
DA:1538,58
DA:1540,0
DA:1542,58
DA:1543,58
DA:1544,406
DA:1545,348
DA:1546,348
DA:1547,0
DA:1548,406
DA:1551,58
DA:1554,58
DA:1555,58
DA:1556,58
DA:1558,58
DA:1560,58
DA:1564,406
DA:1580,7990
DA:1581,7894
DA:1582,646
DA:1583,358
DA:1584,358
DA:1585,48
DA:1586,48
DA:1591,4
DA:1608,4
DA:1609,4
DA:1612,8
DA:1614,4
DA:1615,4
DA:1616,4
DA:1617,4
DA:1618,4
DA:1619,4
DA:1620,4
DA:1623,4
DA:1624,4
DA:1625,0
DA:1626,0
DA:1628,0
DA:1630,0
DA:1631,0
DA:1632,0
DA:1633,0
DA:1634,0
DA:1635,0
DA:1637,0
DA:1638,0
DA:1639,0
DA:1642,4
DA:1643,4
DA:1646,4
DA:1647,4
DA:1648,4
DA:1650,148
DA:1657,144
DA:1660,0
DA:1662,144
DA:1663,144
DA:1664,144
DA:1666,144
DA:1667,144
DA:1668,144
DA:1671,2272032
DA:1672,2272032
DA:1674,3748
DA:1675,94032
DA:1676,2365776
DA:1678,2271888
DA:1680,2271888
DA:1681,2362176
DA:1686,4
DA:1687,4
DA:1690,4
DA:1767,8
DA:1768,8
DA:1769,4
DA:1770,8
DA:1773,4
DA:1774,12
DA:1775,8
DA:1776,8
DA:1777,4
DA:1784,8
DA:1786,4
DA:1787,8
DA:1789,8
DA:1794,4
DA:1795,4
DA:1796,4
DA:1798,4
DA:1800,4
DA:1801,4
DA:1802,4
DA:1803,4
DA:1804,4
DA:1805,0
DA:1806,0
DA:1807,0
DA:1808,0
DA:1809,0
DA:1811,0
DA:1813,0
DA:1814,0
DA:1816,0
DA:1817,0
DA:1818,0
DA:1819,0
DA:1820,0
DA:1821,0
DA:1822,0
DA:1824,0
DA:1826,0
DA:1827,0
DA:1828,0
DA:1829,0
DA:1830,0
DA:1831,0
DA:1832,0
DA:1833,0
DA:1834,0
DA:1839,4
DA:1840,4
DA:1843,148
DA:1844,148
DA:1846,4
DA:1847,4
DA:1848,4
DA:1849,4
DA:1850,4
DA:1851,148
DA:1852,144
DA:1853,148
DA:1855,4
DA:1858,148
DA:1859,144
DA:1860,0
DA:1862,144
DA:1863,720
DA:1864,4
DA:1865,144
DA:1869,4
DA:1872,4
DA:1873,148
DA:1874,144
DA:1875,144
DA:1876,148
DA:1877,4
DA:1878,4
DA:1879,4
DA:1880,4
DA:1881,16
DA:1882,0
DA:1890,4
DA:1891,4
DA:1892,148
DA:1893,148
DA:1895,4
DA:1896,148
DA:1897,1351296
DA:1898,2212
DA:1899,2064
DA:1900,2064
DA:1901,21744
DA:1902,21600
DA:1903,9884
DA:1904,9884
DA:1905,19028
DA:1906,2064
DA:1907,2064
DA:1909,9884
DA:1913,4
DA:1914,148
DA:1915,2212
DA:1916,2064
DA:1917,2064
DA:1918,2064
DA:1919,2064
DA:1920,7728
DA:1921,7584
DA:1922,14784
DA:1923,2064
DA:1924,2064
DA:1929,148
DA:1935,4
DA:1936,4
DA:1937,74
DA:1938,74
DA:1940,4
DA:1941,74
DA:1942,70
DA:1943,16
DA:1944,16
DA:1945,16
DA:1946,548
DA:1947,528
DA:1948,528
DA:1949,544
DA:1959,4
DA:1960,4
DA:1962,4
DA:1963,44
DA:1964,40
DA:1965,40
DA:1966,132
DA:1967,132
DA:1972,44
DA:1973,16
DA:1974,16
DA:1975,16
DA:1977,24
DA:1981,4
DA:1982,4
DA:1983,148
DA:1984,148
DA:1985,816
DA:1986,820
DA:1987,672
DA:1988,672
DA:1989,2160
DA:1990,2160
DA:1991,1008
DA:1992,1008
DA:1993,4032
DA:1994,672
DA:1995,672
DA:1996,672
DA:1999,816
DA:2000,0
DA:2001,0
DA:2002,0
DA:2003,0
DA:2007,4
DA:2008,148
DA:2009,820
DA:2010,672
DA:2011,672
DA:2012,672
DA:2013,672
DA:2014,816
DA:2017,52
DA:2018,84
DA:2019,132
DA:2020,132
DA:2022,52
DA:2023,84
DA:2025,4
DA:2026,24
DA:2027,44
DA:2028,24
DA:2029,24
DA:2034,4
DA:2035,148
DA:2036,44
DA:2037,44
DA:2039,148
DA:2040,1684
DA:2041,1536
DA:2042,1536
DA:2043,1536
DA:2044,18576
DA:2045,16896
DA:2046,164736
DA:2047,164736
DA:2049,4992
DA:2050,178176
DA:2054,4
DA:2055,148
DA:2056,1684
DA:2057,1536
DA:2058,1680
DA:2059,0
DA:2060,0
DA:2061,0
DA:2062,0
DA:2067,4
DA:2068,4
DA:2069,4
DA:2070,4
DA:2071,4
DA:2072,4
DA:2073,4
DA:2074,20
DA:2075,16
DA:2076,20
DA:2082,4
DA:2083,4
DA:2084,44
DA:2085,4
DA:2086,4
DA:2087,20
DA:2088,16
DA:2089,16
DA:2090,548
DA:2091,5904
DA:2092,5376
DA:2093,5376
DA:2094,5376
DA:2095,5376
DA:2096,5376
DA:2098,5904
DA:2101,528
DA:2102,544
DA:2105,4
DA:2106,4
DA:2111,4
DA:2112,4
DA:2113,4
DA:2114,4
DA:2120,4
DA:2121,2
DA:2122,2
DA:2123,0
DA:2125,2
DA:2131,4
DA:2132,2
DA:2133,2
DA:2134,2
DA:2138,2
DA:2139,8
DA:2140,2
DA:2142,2
DA:2144,6
DA:2145,6
DA:2146,76
DA:2147,1372
DA:2148,1296
DA:2149,1368
DA:2155,2
DA:2156,2
DA:2160,4
DA:2161,4
DA:2164,4
DA:2165,4
DA:2168,4
DA:2170,4
DA:2171,4
DA:2172,4
DA:2174,20
DA:2175,16
DA:2176,16
DA:2179,16
DA:2180,16
DA:2183,16
DA:2184,16
DA:2185,288
DA:2186,272
DA:2187,172
DA:2188,188
DA:2193,16
DA:2194,10
DA:2195,10
DA:2199,548
DA:2200,528
DA:2203,528
DA:2204,528
DA:2207,528
DA:2208,528
DA:2209,8784
DA:2210,8256
DA:2211,5856
DA:2212,6384
DA:2216,364944
DA:2217,364416
DA:2218,364416
DA:2219,4328016
DA:2220,4327488
DA:2224,528
DA:2226,528
DA:2227,528
DA:2228,6384
DA:2229,5856
DA:2230,5856
DA:2232,5856
DA:2242,5856
DA:2245,5856
DA:2247,5856
DA:2248,6384
DA:2253,528
DA:2254,240
DA:2255,0
DA:2257,240
DA:2261,528
DA:2268,528
DA:2269,0
DA:2270,528
DA:2271,0
DA:2275,528
DA:2277,528
DA:2281,528
DA:2282,240
DA:2283,720
DA:2284,720
DA:2285,1440
DA:2287,1440
DA:2288,9120
DA:2289,8640
DA:2290,164640
DA:2291,155520
DA:2293,1719360
DA:2294,1710720
DA:2295,0
DA:2297,17107200
DA:2299,17107200
DA:2305,480
DA:2309,0
DA:2310,0
DA:2318,544
DA:2319,528
DA:2320,6384
DA:2321,71856
DA:2322,71328
DA:2329,4
DA:2331,4
DA:2333,4
DA:2337,4
DA:2339,4
DA:2340,4
DA:2341,4
DA:2342,4
DA:2343,4
DA:2345,4
DA:2346,2
DA:2347,2
DA:2348,2
DA:2349,0
DA:2351,2
DA:2355,4
DA:2357,8
DA:2360,28
DA:2396,84
DA:2397,56
DA:2398,28
DA:2400,56
DA:2401,84
DA:2408,28
DA:2412,28
DA:2414,28
DA:2415,28
DA:2416,28
DA:2417,28
DA:2419,28
DA:2420,8
DA:2422,20
DA:2425,28
DA:2427,28
DA:2429,28
DA:2430,28
DA:2431,28
DA:2436,28
DA:2437,20
DA:2438,20
DA:2442,20
DA:2443,20
DA:2444,20
DA:2445,20
DA:2446,20
DA:2447,20
DA:2448,238
DA:2450,238
DA:2451,218
DA:2452,180
DA:2454,1708
DA:2455,1528
DA:2457,1528
DA:2458,1528
DA:2459,1528
DA:2460,6292
DA:2464,180
DA:2465,180
DA:2467,538
DA:2468,218
DA:2469,6910
DA:2470,159846
DA:2471,152936
DA:2472,159524
DA:2479,20
DA:2483,28
DA:2485,342
DA:2487,314
DA:2489,314
DA:2491,244
DA:2492,244
DA:2496,244
DA:2499,244
DA:2500,6624
DA:2501,6380
DA:2502,4756
DA:2503,5000
DA:2508,244
DA:2511,180
DA:2512,180
DA:2518,2504
DA:2523,2232
DA:2524,1528
DA:2525,24
DA:2527,1504
DA:2530,704
DA:2531,0
DA:2533,704
DA:2537,2232
DA:2540,2232
DA:2544,2232
DA:2545,2232
DA:2546,2232
DA:2552,2232
DA:2553,360
DA:2554,2688
DA:2557,2664
DA:2558,3000
DA:2561,2208
DA:2564,880
DA:2568,1328
DA:2573,2232
DA:2575,2232
DA:2576,1528
DA:2577,4214
DA:2579,2686
DA:2580,480
DA:2581,480
DA:2586,9450
DA:2588,5332
DA:2590,2668
DA:2591,2668
DA:2593,57140
DA:2594,54472
DA:2595,1328580
DA:2596,1271440
DA:2598,31368600
DA:2599,31314128
DA:2600,1464192
DA:2604,770400
DA:2606,29966080
DA:2607,986461184
DA:2608,25424896
DA:2615,529561600
DA:2620,431474688
DA:2624,56920320
DA:2627,4541184
DA:2633,7922
DA:2640,2232
DA:2641,24
DA:2642,2664
DA:2643,336
DA:2648,2546
DA:2649,43240
DA:2650,1124536
DA:2651,1163312
DA:2654,0
DA:2655,0
DA:2657,0
DA:2663,28
DA:2665,28
DA:2670,28
DA:2672,28
DA:2673,28
DA:2674,28
DA:2675,28
DA:2676,28
DA:2677,28
DA:2678,8
DA:2680,20
DA:2683,28
DA:2684,20
DA:2685,20
DA:2686,20
DA:2687,20
DA:2688,20
DA:2691,28
DA:2693,28
DA:2695,28
DA:2698,10
DA:2745,10
DA:2749,10
DA:2750,10
DA:2755,10
DA:2756,0
DA:2757,0
DA:2758,0
DA:2759,0
DA:2763,10
DA:2765,10
DA:2766,6
DA:2767,6
DA:2768,6
DA:2769,6
DA:2772,10
DA:2773,10
DA:2777,10
DA:2778,0
DA:2781,10
DA:2783,10
DA:2784,10
DA:2785,4
DA:2787,6
DA:2791,10
DA:2793,166
DA:2795,156
DA:2797,156
DA:2799,156
DA:2800,156
DA:2803,156
DA:2804,5476
DA:2805,5320
DA:2806,3664
DA:2807,3820
DA:2812,156
DA:2813,124
DA:2815,124
DA:2818,156
DA:2819,3820
DA:2820,130076
DA:2821,63128
DA:2823,63128
DA:2824,58568272
DA:2825,63128
DA:2826,63128
DA:2828,58568272
DA:2829,63128
DA:2830,63128
DA:2831,63128
DA:2833,66792
DA:2835,60216
DA:2836,60216
DA:2837,60216
DA:2838,60216
DA:2840,255720
DA:2841,195504
DA:2842,187680
DA:2843,187680
DA:2848,759336
DA:2849,541152
DA:2851,473904
DA:2852,473904
DA:2853,3273552
DA:2854,3115584
DA:2855,3273552
DA:2856,31752000
DA:2858,30663360
DA:2859,1088640
DA:2860,3991680
DA:2861,11975040
DA:2862,43908480
DA:2865,15966720
DA:2869,23950080
DA:2875,10134720
DA:2876,4053888
DA:2877,6080832
DA:2882,3273552
DA:2883,137570256
DA:2885,67148352
DA:2891,67148352
DA:2894,70263936
DA:2898,699120
DA:2901,60216
DA:2902,60216
DA:2903,60216
DA:2908,156
DA:2909,156
DA:2913,166
DA:2914,156
DA:2919,10
DA:2921,10
DA:2926,10
DA:2928,10
DA:2929,10
DA:2930,10
DA:2931,6
DA:2932,6
DA:2933,6
DA:2936,10
DA:2938,10
DA:2940,10
DA:2943,10
DA:2981,10
DA:2983,10
DA:2985,10
DA:2987,10
DA:2989,10
DA:2991,10
DA:2993,10
DA:2998,10
DA:2999,0
DA:3000,0
DA:3001,0
DA:3002,0
DA:3003,0
DA:3004,0
DA:3007,10
DA:3009,10
DA:3010,0
DA:3011,10
DA:3012,0
DA:3015,10
DA:3017,0
DA:3020,10
DA:3021,10
DA:3022,10
DA:3023,10
DA:3025,10
DA:3026,10
DA:3027,10
DA:3028,122
DA:3031,10
DA:3032,10
DA:3033,122
DA:3045,10
DA:3046,10
DA:3047,10
DA:3048,10
DA:3049,10
DA:3050,2
DA:3052,8
DA:3057,10
DA:3058,10
DA:3059,10
DA:3060,10
DA:3061,10
DA:3062,2
DA:3064,8
DA:3069,10
DA:3070,10
DA:3072,10
DA:3074,122
DA:3076,112
DA:3078,112
DA:3080,80
DA:3083,80
DA:3084,80
DA:3085,80
DA:3086,80
DA:3091,976
DA:3093,976
DA:3099,976
DA:3102,896
DA:3105,896
DA:3110,6544
DA:3113,5568
DA:3119,5568
DA:3120,5568
DA:3123,2496
DA:3127,3072
DA:3131,5568
DA:3134,5568
DA:3138,6464
DA:3139,5568
DA:3142,2496
DA:3146,3072
DA:3150,5568
DA:3153,5568
DA:3160,80
DA:3161,80
DA:3162,80
DA:3166,986
DA:3167,10352
DA:3168,11136
DA:3169,10240
DA:3170,10240
DA:3172,10240
DA:3173,10240
DA:3180,10
DA:3181,10
DA:3182,10
DA:3185,10
DA:3190,10
DA:3191,10
DA:3195,10
DA:3196,10
DA:3197,10
DA:3198,10
DA:3200,10
DA:3201,10
DA:3202,10
DA:3205,10
DA:3206,10
DA:3209,10
DA:3210,10
DA:3212,10
DA:3214,10
DA:3217,4
DA:3258,4
DA:3259,4
DA:3260,4
DA:3263,4
DA:3264,0
DA:3265,0
DA:3266,0
DA:3267,0
DA:3268,0
DA:3270,0
DA:3274,4
DA:3276,4
DA:3277,0
DA:3278,4
DA:3279,0
DA:3280,4
DA:3281,0
DA:3282,4
DA:3283,0
DA:3285,4
DA:3286,4
DA:3288,4
DA:3289,4
DA:3290,4
DA:3292,4
DA:3295,4
DA:3296,4
DA:3297,4
DA:3298,4
DA:3299,4
DA:3300,2
DA:3302,2
DA:3307,4
DA:3308,4
DA:3309,4
DA:3310,4
DA:3311,4
DA:3312,2
DA:3314,2
DA:3319,4
DA:3320,4
DA:3322,4
DA:3323,4
DA:3325,36
DA:3327,32
DA:3329,32
DA:3331,32
DA:3335,32
DA:3337,32
DA:3338,512
DA:3339,480
DA:3340,416
DA:3341,448
DA:3345,32
DA:3346,32
DA:3347,32
DA:3349,420
DA:3353,384
DA:3355,384
DA:3357,384
DA:3358,384
DA:3361,5376
DA:3363,135168
DA:3369,64896
DA:3370,64896
DA:3371,14220336
DA:3372,64896
DA:3373,64896
DA:3375,14220336
DA:3377,64896
DA:3378,64896
DA:3379,64896
DA:3382,69888
DA:3383,64896
DA:3384,14220336
DA:3385,64896
DA:3386,64896
DA:3388,14220336
DA:3390,64896
DA:3391,64896
DA:3392,64896
DA:3398,384
DA:3399,384
DA:3400,384
DA:3402,416
DA:3403,2688
DA:3404,1152
DA:3405,1152
DA:3407,1536
DA:3408,1152
DA:3416,4
DA:3417,4
DA:3418,4
DA:3421,4
DA:3426,4
DA:3427,4
DA:3429,4
DA:3430,4
DA:3431,4
DA:3432,4
DA:3433,4
DA:3435,4
DA:3437,4
DA:3439,4
DA:3441,4
DA:3443,4
DA:3446,22940
DA:3473,22940
DA:3475,181182
DA:3476,1017658
DA:3477,1099504
DA:3482,17110
DA:3486,22940
DA:3490,104
DA:3515,104
DA:3516,104
DA:3517,104
DA:3518,104
DA:3519,78
DA:3521,26
DA:3525,104
DA:3526,104
DA:3527,104
DA:3528,104
DA:3529,78
DA:3531,26
DA:3535,104
DA:3539,24
DA:3582,24
DA:3583,24
DA:3584,24
DA:3593,24
DA:3595,24
DA:3596,24
DA:3597,24
DA:3598,24
DA:3599,24
DA:3601,24
DA:3603,24
DA:3604,24
DA:3605,24
DA:3608,24
DA:3610,24
DA:3612,306
DA:3614,282
DA:3616,282
DA:3618,212
DA:3619,212
DA:3623,212
DA:3625,212
DA:3626,4352
DA:3627,4140
DA:3628,3028
DA:3629,3240
DA:3632,212
DA:3634,212
DA:3635,70
DA:3636,70
DA:3641,212
DA:3642,148
DA:3645,148
DA:3646,8
DA:3647,140
DA:3648,54
DA:3650,86
DA:3654,148
DA:3655,54
DA:3657,94
DA:3660,64
DA:3663,212
DA:3665,212
DA:3666,1926
DA:3667,1856
DA:3668,1856
DA:3672,1856
DA:3675,720
DA:3676,0
DA:3679,1926
DA:3681,1136
DA:3682,1136
DA:3684,0
DA:3686,1136
DA:3688,1136
DA:3690,432
DA:3692,432
DA:3695,704
DA:3702,720
DA:3703,360
DA:3704,360
DA:3706,360
DA:3707,360
DA:3710,2160
DA:3711,1440
DA:3712,2160
DA:3714,864
DA:3717,576
DA:3723,142
DA:3724,92
DA:3725,1304
DA:3726,1296
DA:3727,1296
DA:3728,1380
DA:3734,134
DA:3738,212
DA:3742,236
DA:3743,3352
DA:3744,49512
DA:3745,46160
DA:3746,49300
DA:3749,0
DA:3750,0
DA:3751,0
DA:3752,0
DA:3759,24
DA:3761,24
DA:3766,24
DA:3768,24
DA:3769,24
DA:3770,24
DA:3771,24
DA:3772,24
DA:3774,24
DA:3775,16
DA:3778,24
DA:3780,24
DA:3782,24
DA:3784,24
DA:3786,10
DA:3817,10
DA:3819,10
DA:3821,10
DA:3823,10
DA:3825,10
DA:3827,20
DA:3828,30
DA:3830,10
DA:3832,10
DA:3834,10
DA:3840,10
DA:3841,2
DA:3842,8
DA:3844,8
DA:3845,8
DA:3848,10
DA:3855,10
DA:3856,10
DA:3859,10
DA:3860,0
DA:3866,10
DA:3867,10
DA:3868,10
DA:3869,10
DA:3870,10
DA:3871,10
DA:3872,10
DA:3873,177454
DA:3874,354898
DA:3876,10
DA:3877,10
DA:3878,10
DA:3879,10
DA:3881,10
DA:3882,10
DA:3883,10
DA:3884,10
DA:3885,10
DA:3886,10
DA:3887,10
DA:3888,10
DA:3889,10
DA:3890,10
DA:3892,10
DA:3894,10
DA:3896,10
DA:3899,10
DA:3900,10
DA:3905,10
DA:3906,10
DA:3907,10
DA:3908,10
DA:3909,10
DA:3912,10
DA:3915,10
DA:3919,10
DA:3921,10
DA:3923,10
DA:3924,10
DA:3926,10
DA:3929,274
DA:3930,10
DA:3931,362
DA:3932,352
DA:3933,264
DA:3934,264
DA:3935,362
DA:3938,274
DA:3939,264
DA:3941,274
DA:3942,216
DA:3943,216
DA:3944,216
DA:3945,216
DA:3946,216
DA:3952,216
DA:3956,216
DA:3957,216
DA:3958,216
DA:3962,48
DA:3963,48
DA:3964,48
DA:3966,48
DA:3970,48
DA:3974,663600
DA:3975,48
DA:3983,10
DA:3985,10
DA:3986,10
DA:3987,10
DA:3988,10
DA:3989,10
DA:3991,10
DA:3992,10
DA:3994,10
DA:3995,10
DA:3998,10
DA:3999,10
DA:4000,10
DA:4002,10
DA:4005,10
DA:4006,4
DA:4007,112
DA:4008,112
DA:4009,54
DA:4010,54
DA:4011,54
DA:4013,54
DA:4014,54
DA:4017,4
DA:4018,4
DA:4020,6
DA:4021,38
DA:4022,6
DA:4026,150
DA:4027,140
DA:4028,140
DA:4029,140
DA:4030,140
DA:4031,140
DA:4032,140
DA:4033,140
DA:4034,140
DA:4035,570
DA:4039,10
DA:4040,4
DA:4042,6
DA:4044,150
DA:4045,140
DA:4046,140
DA:4047,150
DA:4048,108
DA:4050,32
DA:4053,10
DA:4055,10
DA:4057,90
DA:4059,80
DA:4061,80
DA:4062,80
DA:4064,80
DA:4066,80
DA:4069,2192
DA:4070,80
DA:4071,2896
DA:4072,2816
DA:4073,2112
DA:4074,2112
DA:4075,2896
DA:4082,1200
DA:4083,80
DA:4084,80
DA:4085,80
DA:4086,1200
DA:4087,1200
DA:4088,5680
DA:4091,80
DA:4092,80
DA:4094,1200
DA:4095,1120
DA:4096,1120
DA:4098,817340
DA:4099,816140
DA:4100,817260
DA:4104,2192
DA:4105,2112
DA:4107,2112
DA:4108,2112
DA:4109,2112
DA:4110,2112
DA:4113,55184
DA:4114,52992
DA:4115,50688
DA:4117,25344
DA:4120,25344
DA:4124,2304
DA:4126,55104
DA:4130,80
DA:4132,80
DA:4134,80
DA:4135,80
DA:4136,80
DA:4139,80
DA:4140,80
DA:4142,80
DA:4143,80
DA:4144,0
DA:4146,90
DA:4147,80
DA:4148,1200
DA:4149,54192
DA:4150,54112
DA:4156,10
DA:4158,10
DA:4163,10
DA:4166,10
DA:4167,10
DA:4168,10
DA:4169,10
DA:4170,10
DA:4171,10
DA:4172,10
DA:4173,10
DA:4174,10
DA:4175,10
DA:4176,10
DA:4177,10
DA:4178,10
DA:4179,10
DA:4180,10
DA:4182,10
DA:4183,10
DA:4187,2376
DA:4193,2376
DA:4195,2304
DA:4196,2160
DA:4197,144
DA:4198,144
DA:4200,0
DA:4202,2376
DA:4206,70
DA:4219,70
DA:4220,1926
DA:4221,1856
DA:4224,1856
DA:4227,720
DA:4228,0
DA:4230,1926
DA:4231,1136
DA:4232,1136
DA:4234,0
DA:4236,1136
DA:4237,1136
DA:4239,720
DA:4240,360
DA:4241,360
DA:4243,360
DA:4244,360
DA:4246,720
DA:4247,720
DA:4250,70
DA:4252,212
DA:4273,424
DA:4274,212
DA:4276,212
DA:4277,212
DA:4279,390608
DA:4280,195198
DA:4281,195198
DA:4282,195198
DA:4283,195410
DA:4286,212
DA:4288,212
DA:4290,3352
DA:4292,3140
DA:4294,3140
DA:4296,53380
DA:4297,50240
DA:4298,8564
DA:4299,8564
DA:4301,6363420
DA:4302,50240
DA:4305,2577400
DA:4306,2574260
DA:4308,2574260
DA:4310,2574260
DA:4311,2577400
DA:4313,3140
DA:4314,84
DA:4315,84
DA:4317,3056
DA:4319,3140
DA:4321,3352
DA:4324,212
DA:4325,212
DA:4328,54
DA:4347,54
DA:4348,54
DA:4349,54
DA:4350,54
DA:4351,54
DA:4353,0
DA:4354,0
DA:4355,0
DA:4357,0
DA:4361,608
DA:4362,554
DA:4363,452
DA:4364,452
DA:4366,452
DA:4367,9446
DA:4368,8940
DA:4369,5588
DA:4370,6142
DA:4371,5588
DA:4372,0
DA:4373,0
DA:4378,54
DA:4379,54
DA:4381,54
DA:4383,54
DA:4385,54
DA:4387,54
DA:4389,20
DA:4415,20
DA:4417,20
DA:4422,20
DA:4424,20
DA:4425,20
DA:4426,20
DA:4427,48
DA:4428,48
DA:4430,20
DA:4434,8
DA:4435,8
DA:4436,8
DA:4437,8
DA:4438,8
DA:4439,8
DA:4440,20
DA:4442,12
DA:4443,12
DA:4444,12
DA:4445,12
DA:4448,20
DA:4450,212
DA:4452,192
DA:4454,192
DA:4455,160
DA:4457,160
DA:4459,160
DA:4460,96
DA:4461,96
DA:4462,96
DA:4464,64
DA:4467,160
DA:4468,160
DA:4469,64
DA:4470,64
DA:4472,96
DA:4473,96
DA:4477,160
DA:4479,2144
DA:4480,1984
DA:4484,1024
DA:4485,1024
DA:4486,576
DA:4487,1024
DA:4495,448
DA:4498,448
DA:4499,160
DA:4500,1440
DA:4501,11680
DA:4502,93440
DA:4503,81920
DA:4504,81920
DA:4505,206848
DA:4506,196608
DA:4513,608
DA:4514,1024
DA:4515,1024
DA:4516,224
DA:4518,352
DA:4524,180
DA:4528,20
DA:4529,8
DA:4531,20
DA:4532,20
DA:4534,20
DA:4536,20
DA:4538,20
DA:4541,14
DA:4562,14
DA:4565,14
DA:4567,14
DA:4570,56
DA:4571,56
DA:4572,56
DA:4573,56
DA:4574,56
DA:4575,56
DA:4576,56
DA:4577,56
DA:4578,56
DA:4579,56
DA:4580,56
DA:4581,56
DA:4582,56
DA:4583,56
DA:4584,56
DA:4585,56
DA:4586,56
DA:4587,56
DA:4588,56
DA:4589,56
DA:4590,56
DA:4591,56
DA:4592,56
DA:4593,56
DA:4594,56
DA:4595,56
DA:4596,56
DA:4597,56
DA:4598,56
DA:4599,56
DA:4600,56
DA:4601,56
DA:4606,14
DA:4607,6
DA:4608,22
DA:4609,22
DA:4610,6
DA:4611,6
DA:4612,6
DA:4617,8
DA:4618,5
DA:4620,3
DA:4625,14
DA:4626,14
DA:4627,206
DA:4631,14
DA:4632,14
DA:4637,14
DA:4638,78802
DA:4639,2592626
DA:4640,2592612
DA:4641,448
DA:4642,448
DA:4647,14
DA:4653,14
DA:4654,14
DA:4658,14
DA:4659,14
DA:4660,14
DA:4661,206
DA:4662,6350
DA:4663,6144
DA:4664,6144
DA:4665,12480
DA:4668,14
DA:4671,14
DA:4675,14
DA:4677,14
DA:4680,0
DA:4695,0
DA:4698,0
DA:4699,0
DA:4701,0
DA:4702,0
DA:4705,0
DA:4706,0
DA:4707,0
DA:4708,0
DA:4710,0
DA:4711,0
DA:4717,0
DA:4718,0
DA:4719,0
DA:4720,0
DA:4721,0
DA:4722,0
DA:4723,0
DA:4724,0
DA:4725,0
DA:4726,0
DA:4727,0
DA:4728,0
DA:4732,0
DA:4735,0
DA:4736,0
DA:4737,0
DA:4738,0
DA:4740,0
DA:4742,58
DA:4752,58
DA:4755,58
DA:4756,58
DA:4759,1914
DA:4760,2842
DA:4761,3712
DA:4764,986
DA:4766,58
DA:4768,58
DA:4770,58
DA:4772,682
DA:4775,624
DA:4777,624
DA:4779,624
DA:4781,682
DA:4789,58
DA:4791,58
DA:4794,58
DA:4795,7536
DA:4802,58
DA:4806,58
DA:4807,58
DA:4808,58
DA:4809,986
DA:4810,986
DA:4812,58
DA:4814,58
DA:4815,0
DA:4816,58
DA:4817,58
DA:4820,664
DA:4829,664
DA:4830,664
DA:4832,664
DA:4833,664
DA:4836,664
DA:4837,664
DA:4839,664
DA:4840,664
DA:4841,664
DA:4843,2656
DA:4844,2656
DA:4845,2656
DA:4849,664
DA:4853,7172
DA:4880,7172
DA:4881,7172
DA:4882,7172
DA:4883,7172
DA:4885,7172
DA:4886,7172
DA:4887,1124
DA:4889,6048
DA:4892,226692
DA:4893,219520
DA:4894,219520
DA:4896,219520
DA:4900,219520
DA:4901,98436
DA:4902,121084
DA:4903,101332
DA:4905,19752
DA:4909,219520
DA:4910,52480
DA:4912,219520
DA:4913,2176
DA:4914,1536
DA:4915,1536
DA:4917,219520
DA:4918,2304
DA:4919,1920
DA:4920,1920
DA:4921,1920
DA:4922,1920
DA:4924,219520
DA:4925,1024
DA:4926,896
DA:4927,896
DA:4928,896
DA:4929,896
DA:4930,896
DA:4931,896
DA:4933,219520
DA:4934,384
DA:4935,384
DA:4937,219520
DA:4938,512
DA:4939,512
DA:4940,512
DA:4942,219520
DA:4943,280320
DA:4944,280320
DA:4945,280320
DA:4946,280320
DA:4948,219520
DA:4949,768
DA:4950,768
DA:4951,768
DA:4952,896
DA:4953,896
DA:4955,226692
DA:4956,1024
DA:4957,1024
DA:4958,1024
DA:4959,1024
DA:4960,1152
DA:4961,1152
DA:4966,7172
DA:4971,0
DA:4976,214912
DA:4980,0
DA:4985,188032
DA:4988,188608
DA:4993,188608
DA:4994,188608
DA:4997,188096
DA:5002,188096
DA:5003,188096
DA:5007,0
DA:5012,1408
DA:5015,384
DA:5020,384
DA:5021,384
DA:5024,384
DA:5029,384
DA:5030,384
DA:5033,896
DA:5038,896
DA:5039,896
DA:5042,384
DA:5047,384
DA:5048,384
DA:5052,0
DA:5057,128
DA:5060,128
DA:5065,128
DA:5066,128
DA:5069,128
DA:5074,128
DA:5075,128
DA:5078,128
DA:5083,128
DA:5084,128
DA:5087,128
DA:5092,128
DA:5093,128
DA:5096,128
DA:5101,128
DA:5102,128
DA:5105,128
DA:5110,128
DA:5111,128
DA:5117,3140
DA:5136,3140
DA:5138,3140
DA:5139,3140
DA:5140,3140
DA:5144,2094380
DA:5145,1045620
DA:5146,1045620
DA:5147,1048760
DA:5150,3140
DA:5151,3140
DA:5152,96
DA:5153,3140
DA:5155,288
DA:5156,3140
DA:5158,15700
DA:5159,10312740
DA:5160,10297040
DA:5161,3439211360
DA:5163,10297040
DA:5164,10309600
DA:5168,3140
DA:5169,3140
LF:2359
LH:1977
end_of_record
