TN:
SF:/home/jmlihm/dipole/qe-ref/PP/src/pw2wannier90.f90
FN:98,MAIN__
FN:102,main
FN:510,lib_dealloc_
FN:523,setup_nnkp_
FN:709,run_wannier_
FN:747,find_mp_grid_
FN:805,read_nnkp_
FN:1171,scan_file_to_
FN:1198,pw2wan_set_symm_
FN:1297,compute_dmn_
FN:1982,compute_mmn_
FN:2380,compute_spin_
FN:2622,compute_orb_
FN:3065,compute_shc_
FN:3352,compute_amn_
FN:3625,compute_amn_with_scdm_
FN:3981,compute_amn_with_scdm_spinor_
FN:4370,orient_gf_spinor_
FN:4428,generate_guiding_functions_
FN:4504,write_band_
FN:4547,write_plot_
FN:4810,write_parity_
FN:5217,wan2sic_
FN:5279,ylm_expansion_
FN:5331,check_inverse_
FN:5357,set_u_matrix_
FN:5390,ylm_wannier_
FN:5508,s_
FN:5517,p_z_
FN:5525,px_
FN:5534,py_
FN:5544,dz2_
FN:5552,dxz_
FN:5561,dyz_
FN:5570,dx2my2_
FN:5579,dxy_
FN:5589,fz3_
FN:5597,fxz2_
FN:5606,fyz2_
FN:5615,fzx2my2_
FN:5624,fxyz_
FN:5633,fxx2m3y2_
FN:5642,fy3x2my2_
FN:5654,radialpart_
FNDA:204,MAIN__
FNDA:204,main
FNDA:0,lib_dealloc_
FNDA:0,setup_nnkp_
FNDA:0,run_wannier_
FNDA:0,find_mp_grid_
FNDA:204,read_nnkp_
FNDA:357,scan_file_to_
FNDA:8,pw2wan_set_symm_
FNDA:8,compute_dmn_
FNDA:40,compute_mmn_
FNDA:16,compute_spin_
FNDA:20,compute_orb_
FNDA:8,compute_shc_
FNDA:36,compute_amn_
FNDA:20,compute_amn_with_scdm_
FNDA:4,compute_amn_with_scdm_spinor_
FNDA:140,orient_gf_spinor_
FNDA:412,generate_guiding_functions_
FNDA:196,write_band_
FNDA:136,write_plot_
FNDA:16,write_parity_
FNDA:0,wan2sic_
FNDA:204,ylm_expansion_
FNDA:204,check_inverse_
FNDA:1520,set_u_matrix_
FNDA:14536,ylm_wannier_
FNDA:0,s_
FNDA:0,p_z_
FNDA:382464,px_
FNDA:382464,py_
FNDA:0,dz2_
FNDA:768,dxz_
FNDA:768,dyz_
FNDA:768,dx2my2_
FNDA:768,dxy_
FNDA:0,fz3_
FNDA:0,fxz2_
FNDA:0,fyz2_
FNDA:0,fzx2my2_
FNDA:0,fxyz_
FNDA:0,fxx2m3y2_
FNDA:0,fy3x2my2_
FNDA:4712,radialpart_
FNF:44
FNH:29
DA:98,204
DA:102,204
DA:144,204
DA:147,204
DA:149,204
DA:153,204
DA:154,204
DA:158,51
DA:162,51
DA:163,51
DA:164,51
DA:165,51
DA:166,51
DA:167,51
DA:168,51
DA:169,51
DA:170,51
DA:171,51
DA:172,51
DA:173,51
DA:174,51
DA:175,51
DA:176,51
DA:178,51
DA:179,51
DA:182,51
DA:183,51
DA:184,51
DA:185,51
DA:187,51
DA:188,51
DA:189,51
DA:190,51
DA:191,51
DA:192,51
DA:193,51
DA:194,51
DA:198,51
DA:202,51
DA:206,204
DA:207,204
DA:211,204
DA:212,204
DA:213,204
DA:214,204
DA:215,204
DA:216,204
DA:217,204
DA:218,204
DA:219,204
DA:220,204
DA:221,204
DA:223,204
DA:224,204
DA:227,204
DA:228,204
DA:230,204
DA:231,204
DA:232,204
DA:233,204
DA:234,204
DA:235,204
DA:236,204
DA:237,204
DA:238,204
DA:242,204
DA:245,204
DA:249,204
DA:250,204
DA:251,204
DA:252,204
DA:253,204
DA:255,204
DA:256,0
DA:257,204
DA:258,0
DA:259,204
DA:261,24
DA:265,0
DA:268,204
DA:269,0
DA:271,224
DA:273,20
DA:274,20
DA:275,20
DA:276,20
DA:277,20
DA:279,20
DA:280,20
DA:281,20
DA:282,20
DA:283,20
DA:285,164
DA:286,100
DA:288,64
DA:290,164
DA:291,164
DA:292,164
DA:293,368
DA:296,204
DA:298,204
DA:299,204
DA:300,204
DA:302,204
DA:304,204
DA:305,204
DA:306,204
DA:307,204
DA:308,204
DA:309,204
DA:310,204
DA:311,204
DA:312,204
DA:313,204
DA:314,204
DA:315,8
DA:316,8
DA:317,8
DA:318,8
DA:319,8
DA:320,8
DA:322,204
DA:323,60
DA:324,24
DA:325,24
DA:326,24
DA:327,24
DA:328,24
DA:329,4
DA:331,20
DA:334,36
DA:335,36
DA:336,36
DA:337,36
DA:338,36
DA:340,60
DA:342,144
DA:343,144
DA:344,144
DA:345,144
DA:347,204
DA:348,40
DA:349,40
DA:350,40
DA:351,40
DA:352,40
DA:353,40
DA:355,164
DA:356,164
DA:357,164
DA:358,164
DA:360,204
DA:361,100
DA:362,16
DA:363,16
DA:364,16
DA:365,16
DA:366,16
DA:367,16
DA:369,84
DA:370,84
DA:371,84
DA:372,84
DA:374,104
DA:375,0
DA:376,0
DA:377,0
DA:378,0
DA:379,0
DA:381,204
DA:382,20
DA:383,20
DA:384,20
DA:385,20
DA:386,20
DA:387,20
DA:389,184
DA:390,184
DA:391,184
DA:392,184
DA:394,204
DA:395,8
DA:396,8
DA:397,8
DA:398,8
DA:399,8
DA:400,8
DA:402,196
DA:403,196
DA:404,196
DA:405,196
DA:407,204
DA:408,196
DA:409,196
DA:410,196
DA:411,196
DA:412,196
DA:413,196
DA:415,8
DA:416,8
DA:417,8
DA:418,8
DA:420,204
DA:421,136
DA:422,136
DA:423,136
DA:424,136
DA:425,136
DA:426,136
DA:428,68
DA:429,68
DA:430,68
DA:431,68
DA:433,204
DA:434,16
DA:435,16
DA:436,16
DA:437,16
DA:438,16
DA:439,16
DA:441,188
DA:442,188
DA:443,188
DA:444,188
DA:446,204
DA:447,204
DA:448,204
DA:449,204
DA:451,204
DA:452,204
DA:453,204
DA:454,204
DA:455,204
DA:456,204
DA:457,204
DA:458,204
DA:460,204
DA:461,204
DA:462,204
DA:466,0
DA:469,0
DA:470,0
DA:471,0
DA:472,0
DA:473,0
DA:474,0
DA:475,0
DA:476,0
DA:477,0
DA:478,0
DA:479,0
DA:480,0
DA:481,0
DA:482,0
DA:485,0
DA:486,0
DA:488,0
DA:489,0
DA:490,0
DA:491,0
DA:493,0
DA:494,0
DA:495,0
DA:499,0
DA:501,0
DA:502,0
DA:506,0
DA:510,0
DA:517,0
DA:519,0
DA:523,0
DA:544,0
DA:546,0
DA:570,0
DA:571,0
DA:572,0
DA:573,0
DA:574,0
DA:575,0
DA:578,0
DA:580,0
DA:582,0
DA:583,0
DA:585,0
DA:587,0
DA:588,0
DA:589,0
DA:593,0
DA:595,0
DA:606,0
DA:607,0
DA:608,0
DA:609,0
DA:610,0
DA:611,0
DA:612,0
DA:613,0
DA:614,0
DA:615,0
DA:616,0
DA:617,0
DA:618,0
DA:620,0
DA:621,0
DA:623,0
DA:626,0
DA:628,0
DA:630,0
DA:631,0
DA:632,0
DA:633,0
DA:634,0
DA:635,0
DA:636,0
DA:639,0
DA:640,0
DA:644,0
DA:645,0
DA:647,0
DA:649,0
DA:650,0
DA:652,0
DA:653,0
DA:655,0
DA:656,0
DA:657,0
DA:658,0
DA:659,0
DA:661,0
DA:663,0
DA:665,0
DA:666,0
DA:668,0
DA:669,0
DA:670,0
DA:672,0
DA:673,0
DA:675,0
DA:676,0
DA:677,0
DA:678,0
DA:679,0
DA:680,0
DA:681,0
DA:682,0
DA:684,0
DA:685,0
DA:686,0
DA:691,0
DA:692,0
DA:693,0
DA:694,0
DA:695,0
DA:697,0
DA:700,0
DA:702,0
DA:703,0
DA:705,0
DA:709,0
DA:721,0
DA:722,0
DA:723,0
DA:724,0
DA:725,0
DA:736,0
DA:737,0
DA:738,0
DA:739,0
DA:740,0
DA:741,0
DA:743,0
DA:747,0
DA:758,0
DA:760,0
DA:762,0
DA:763,0
DA:764,0
DA:765,0
DA:768,0
DA:770,0
DA:772,0
DA:773,0
DA:774,0
DA:777,0
DA:779,0
DA:781,0
DA:782,0
DA:783,0
DA:786,0
DA:788,0
DA:789,0
DA:791,0
DA:793,0
DA:795,0
DA:796,0
DA:798,0
DA:799,0
DA:801,0
DA:805,204
DA:828,204
DA:833,204
DA:835,51
DA:836,51
DA:838,0
DA:841,51
DA:842,51
DA:846,204
DA:849,204
DA:850,204
DA:852,204
DA:854,51
DA:855,51
DA:857,0
DA:859,357
DA:860,153
DA:861,663
DA:862,612
DA:865,357
DA:866,663
DA:867,612
DA:868,0
DA:869,0
DA:870,0
DA:874,51
DA:876,51
DA:877,51
DA:879,0
DA:881,357
DA:882,153
DA:883,663
DA:884,612
DA:887,357
DA:888,663
DA:889,612
DA:890,0
DA:891,0
DA:892,0
DA:896,51
DA:898,51
DA:899,51
DA:901,0
DA:903,51
DA:904,51
DA:905,0
DA:906,0
DA:907,0
DA:909,51
DA:910,509
DA:911,458
DA:912,458
DA:914,458
DA:915,51
DA:916,0
DA:917,0
DA:918,0
DA:919,0
DA:920,0
DA:924,51
DA:929,204
DA:930,204
DA:932,204
DA:933,51
DA:934,25
DA:935,25
DA:936,25
DA:938,0
DA:939,0
DA:940,0
DA:943,0
DA:947,26
DA:948,26
DA:949,26
DA:951,0
DA:954,51
DA:958,204
DA:959,204
DA:961,204
DA:962,0
DA:963,0
DA:964,0
DA:965,0
DA:968,0
DA:974,204
DA:975,0
DA:977,204
DA:980,0
DA:981,0
DA:982,1428
DA:983,204
DA:984,100
DA:987,204
DA:988,771
DA:989,360
DA:990,360
DA:992,360
DA:993,360
DA:995,360
DA:996,360
DA:998,360
DA:999,360
DA:1000,0
DA:1001,360
DA:1002,0
DA:1004,360
DA:1005,411
DA:1006,184
DA:1008,184
DA:1009,184
DA:1010,184
DA:1016,204
DA:1017,51
DA:1018,51
DA:1019,6
DA:1020,6
DA:1022,6
DA:1023,6
DA:1024,0
DA:1025,0
DA:1026,0
DA:1027,0
DA:1028,0
DA:1029,0
DA:1031,6
DA:1032,0
DA:1037,0
DA:1040,45
DA:1043,0
DA:1049,204
DA:1050,204
DA:1051,204
DA:1052,204
DA:1053,204
DA:1054,204
DA:1055,204
DA:1056,204
DA:1057,204
DA:1058,100
DA:1059,100
DA:1062,204
DA:1064,204
DA:1066,204
DA:1067,204
DA:1068,1644
DA:1070,1644
DA:1073,204
DA:1074,51
DA:1075,51
DA:1077,0
DA:1079,51
DA:1083,204
DA:1085,204
DA:1087,0
DA:1088,612
DA:1089,204
DA:1090,2016
DA:1093,204
DA:1094,204
DA:1095,204
DA:1097,204
DA:1098,509
DA:1099,4568
DA:1100,4517
DA:1106,204
DA:1107,204
DA:1109,2036
DA:1110,18272
DA:1112,16236
DA:1113,6856
DA:1114,16236
DA:1115,16236
DA:1116,16236
DA:1117,16236
DA:1118,16236
DA:1119,72628
DA:1121,27280
DA:1122,4059
DA:1123,43516
DA:1127,204
DA:1128,204
DA:1129,2036
DA:1130,18272
DA:1131,16236
DA:1133,1832
DA:1136,204
DA:1138,204
DA:1139,204
DA:1141,204
DA:1143,204
DA:1144,51
DA:1145,51
DA:1147,0
DA:1149,51
DA:1150,51
DA:1151,481
DA:1152,430
DA:1153,430
DA:1154,0
DA:1155,481
DA:1158,204
DA:1161,204
DA:1162,204
DA:1163,204
DA:1165,204
DA:1167,204
DA:1171,357
DA:1187,6845
DA:1188,6755
DA:1189,582
DA:1190,312
DA:1191,312
DA:1192,45
DA:1193,45
DA:1198,8
DA:1215,8
DA:1216,8
DA:1219,16
DA:1221,8
DA:1222,8
DA:1223,8
DA:1224,8
DA:1225,8
DA:1226,8
DA:1227,8
DA:1230,8
DA:1231,8
DA:1232,0
DA:1233,0
DA:1235,0
DA:1237,0
DA:1238,0
DA:1239,0
DA:1240,0
DA:1241,0
DA:1242,0
DA:1244,0
DA:1245,0
DA:1246,0
DA:1249,8
DA:1250,8
DA:1253,8
DA:1254,8
DA:1255,8
DA:1257,296
DA:1264,288
DA:1267,0
DA:1269,288
DA:1270,288
DA:1271,288
DA:1273,288
DA:1274,288
DA:1275,288
DA:1278,4544064
DA:1279,4544064
DA:1281,7496
DA:1282,188064
DA:1283,4731552
DA:1285,4543776
DA:1287,4543776
DA:1288,4724352
DA:1293,8
DA:1294,8
DA:1297,8
DA:1375,24
DA:1376,16
DA:1377,8
DA:1378,24
DA:1379,16
DA:1380,24
DA:1381,16
DA:1382,16
DA:1383,8
DA:1393,16
DA:1396,8
DA:1398,8
DA:1399,8
DA:1401,8
DA:1402,8
DA:1403,8
DA:1404,8
DA:1405,8
DA:1406,0
DA:1407,0
DA:1408,0
DA:1409,0
DA:1410,0
DA:1412,0
DA:1414,0
DA:1415,0
DA:1417,0
DA:1418,0
DA:1419,0
DA:1420,0
DA:1421,0
DA:1422,0
DA:1423,0
DA:1425,0
DA:1427,0
DA:1428,0
DA:1429,0
DA:1430,0
DA:1431,0
DA:1432,0
DA:1433,0
DA:1434,0
DA:1435,0
DA:1440,8
DA:1441,8
DA:1444,296
DA:1445,296
DA:1447,8
DA:1448,8
DA:1449,8
DA:1450,2
DA:1451,2
DA:1452,74
DA:1453,72
DA:1454,74
DA:1456,2
DA:1459,296
DA:1460,288
DA:1461,0
DA:1463,288
DA:1464,1448
DA:1465,288
DA:1469,8
DA:1471,8
DA:1473,8
DA:1474,8
DA:1476,8
DA:1477,8
DA:1478,8
DA:1480,8
DA:1482,8
DA:1483,8
DA:1484,296
DA:1485,296
DA:1486,675864
DA:1487,4424
DA:1488,4128
DA:1489,4128
DA:1490,43488
DA:1491,43200
DA:1492,19768
DA:1493,19768
DA:1494,79072
DA:1495,4128
DA:1496,4128
DA:1498,19768
DA:1502,8
DA:1504,8
DA:1505,296
DA:1506,296
DA:1507,4424
DA:1508,4128
DA:1509,4128
DA:1510,4128
DA:1511,4128
DA:1512,10622832
DA:1513,10619448
DA:1514,42477792
DA:1515,10622544
DA:1521,8
DA:1522,148
DA:1523,8
DA:1524,148
DA:1525,8
DA:1526,148
DA:1527,8
DA:1528,148
DA:1529,140
DA:1530,32
DA:1531,32
DA:1532,32
DA:1533,32
DA:1534,1096
DA:1535,1056
DA:1536,1056
DA:1537,108
DA:1538,1196
DA:1541,8
DA:1547,8
DA:1548,8
DA:1549,88
DA:1550,80
DA:1551,80
DA:1552,264
DA:1553,264
DA:1558,88
DA:1559,32
DA:1560,32
DA:1561,32
DA:1563,48
DA:1570,8
DA:1571,296
DA:1572,8
DA:1573,296
DA:1574,288
DA:1575,288
DA:1576,296
DA:1577,8
DA:1578,8
DA:1579,8
DA:1580,8
DA:1581,32
DA:1582,0
DA:1586,296
DA:1587,1632
DA:1588,1640
DA:1589,1344
DA:1590,1344
DA:1591,4320
DA:1592,4320
DA:1593,2016
DA:1594,2016
DA:1595,8064
DA:1596,1344
DA:1597,1344
DA:1598,1344
DA:1601,1632
DA:1602,0
DA:1603,0
DA:1604,0
DA:1605,0
DA:1609,8
DA:1610,296
DA:1611,1640
DA:1612,1344
DA:1613,1344
DA:1614,1344
DA:1615,1344
DA:1616,1632
DA:1619,104
DA:1620,168
DA:1621,264
DA:1622,264
DA:1624,104
DA:1625,168
DA:1627,8
DA:1628,48
DA:1629,88
DA:1630,48
DA:1631,48
DA:1636,8
DA:1637,296
DA:1638,88
DA:1639,88
DA:1641,296
DA:1642,3368
DA:1643,3072
DA:1644,3072
DA:1645,3072
DA:1646,37152
DA:1647,33792
DA:1648,329472
DA:1649,329472
DA:1651,9984
DA:1652,356352
DA:1656,8
DA:1657,296
DA:1658,3368
DA:1659,3072
DA:1660,3360
DA:1661,0
DA:1662,0
DA:1663,0
DA:1664,0
DA:1669,8
DA:1670,8
DA:1671,8
DA:1672,8
DA:1673,8
DA:1674,2
DA:1675,2
DA:1676,2
DA:1680,8
DA:1681,2
DA:1682,2
DA:1683,2
DA:1684,2
DA:1685,10
DA:1686,8
DA:1687,10
DA:1690,8
DA:1691,88
DA:1692,8
DA:1693,8
DA:1694,40
DA:1695,32
DA:1696,32
DA:1697,32
DA:1698,32
DA:1699,1096
DA:1700,11808
DA:1701,10752
DA:1702,10752
DA:1703,10752
DA:1704,10752
DA:1705,10752
DA:1707,11808
DA:1709,1088
DA:1710,264
DA:1711,264
DA:1715,8
DA:1716,8
DA:1717,8
DA:1722,8
DA:1723,4
DA:1724,4
DA:1725,0
DA:1727,4
DA:1733,8
DA:1735,8
DA:1736,8
DA:1738,8
DA:1739,40
DA:1740,32
DA:1741,1096
DA:1742,1056
DA:1747,1056
DA:1748,1088
DA:1755,8
DA:1757,4
DA:1758,4
DA:1760,4
DA:1761,4
DA:1763,12
DA:1764,12
DA:1765,152
DA:1766,2744
DA:1767,2592
DA:1768,2736
DA:1774,4
DA:1778,8
DA:1779,8
DA:1781,8
DA:1782,8
DA:1785,8
DA:1786,8
DA:1788,8
DA:1789,40
DA:1790,32
DA:1791,32
DA:1792,32
DA:1793,32
DA:1794,32
DA:1795,32
DA:1796,32
DA:1800,32
DA:1801,20
DA:1803,20
DA:1807,1096
DA:1808,1056
DA:1809,1056
DA:1811,1056
DA:1815,1056
DA:1817,1056
DA:1818,17568
DA:1819,3023904
DA:1820,3022848
DA:1824,1056
DA:1826,1056
DA:1827,1056
DA:1828,17568
DA:1829,16512
DA:1830,11712
DA:1831,11712
DA:1833,11712
DA:1836,11712
DA:1839,11712
DA:1841,11712
DA:1846,11712
DA:1848,11712
DA:1849,17568
DA:1854,1056
DA:1855,480
DA:1857,480
DA:1858,0
DA:1860,480
DA:1865,17568
DA:1867,1056
DA:1868,480
DA:1869,1440
DA:1870,1440
DA:1871,2880
DA:1873,1920
DA:1874,1920
DA:1876,2880
DA:1877,18240
DA:1878,17280
DA:1879,329280
DA:1880,311040
DA:1882,6549120
DA:1883,6220800
DA:1884,3421440
DA:1885,0
DA:1887,65318400
DA:1888,62208000
DA:1891,37324800
DA:1897,960
DA:1901,0
DA:1902,0
DA:1911,1056
DA:1912,1056
DA:1915,17568
DA:1916,16512
DA:1922,12768
DA:1923,0
DA:1924,11712
DA:1925,0
DA:1927,190656
DA:1928,178944
DA:1929,130944
DA:1930,130944
DA:1931,195456
DA:1936,1056
DA:1937,17600
DA:1938,16512
DA:1939,11712
DA:1940,11712
DA:1941,191712
DA:1942,178944
DA:1943,130944
DA:1944,147456
DA:1945,130944
DA:1946,0
DA:1947,0
DA:1949,0
DA:1956,8
DA:1957,8
DA:1959,8
DA:1961,8
DA:1962,8
DA:1963,8
DA:1964,8
DA:1966,8
DA:1967,4
DA:1968,4
DA:1969,4
DA:1970,0
DA:1972,4
DA:1976,8
DA:1978,8
DA:1979,8
DA:1982,40
DA:2019,80
DA:2020,80
DA:2021,40
DA:2022,80
DA:2023,120
DA:2035,40
DA:2037,40
DA:2039,40
DA:2040,40
DA:2042,40
DA:2043,12
DA:2045,28
DA:2048,40
DA:2050,40
DA:2052,40
DA:2053,40
DA:2054,40
DA:2055,40
DA:2056,40
DA:2057,40
DA:2058,10
DA:2059,10
DA:2067,40
DA:2068,24
DA:2069,24
DA:2070,4
DA:2071,20
DA:2072,8
DA:2074,12
DA:2079,24
DA:2081,24
DA:2082,24
DA:2084,24
DA:2085,340
DA:2086,3168
DA:2087,2828
DA:2088,2828
DA:2090,2828
DA:2091,2828
DA:2092,2828
DA:2093,3144
DA:2098,24
DA:2099,24
DA:2100,24
DA:2102,24
DA:2103,24
DA:2105,60
DA:2106,60
DA:2107,692
DA:2108,16180
DA:2109,15488
DA:2110,16144
DA:2116,24
DA:2120,40
DA:2122,40
DA:2124,40
DA:2125,484
DA:2126,444
DA:2127,444
DA:2128,444
DA:2129,444
DA:2130,444
DA:2131,444
DA:2135,444
DA:2136,316
DA:2138,316
DA:2143,4720
DA:2144,4236
DA:2145,4236
DA:2147,4236
DA:2151,4236
DA:2154,4236
DA:2155,2316
DA:2156,2316
DA:2157,2316
DA:2162,4236
DA:2163,4236
DA:2164,2828
DA:2166,2828
DA:2167,12
DA:2168,2816
DA:2169,1184
DA:2171,1184
DA:2172,3232
DA:2173,1184
DA:2177,1632
DA:2182,90812
DA:2186,4236
DA:2187,4236
DA:2190,90812
DA:2191,86576
DA:2193,68528
DA:2194,35072
DA:2195,175360
DA:2196,70144
DA:2197,70144
DA:2198,70144
DA:2199,70144
DA:2200,38240
DA:2202,38240
DA:2203,38240
DA:2205,105216
DA:2208,33456
DA:2209,33456
DA:2210,33456
DA:2211,33456
DA:2212,19184
DA:2213,19184
DA:2214,19184
DA:2216,33456
DA:2218,68528
DA:2219,240
DA:2220,240
DA:2226,72764
DA:2227,5280
DA:2228,2520
DA:2230,2520
DA:2231,2520
DA:2232,2760
DA:2234,68288
DA:2235,1140352
DA:2236,1105280
DA:2237,922496
DA:2241,922496
DA:2243,1140352
DA:2246,543936
DA:2247,510720
DA:2248,424320
DA:2249,561984
DA:2256,90812
DA:2257,86576
DA:2258,22284
DA:2261,4236
DA:2262,2828
DA:2263,7396
DA:2264,7396
DA:2265,12856
DA:2267,8288
DA:2268,8288
DA:2270,12856
DA:2271,102688
DA:2272,98000
DA:2273,2454336
DA:2274,2351648
DA:2276,67069296
DA:2277,64619648
DA:2278,49691296
DA:2279,2154240
DA:2280,1028160
DA:2283,97920
DA:2285,47241728
DA:2286,2623656960
DA:2287,1292748800
DA:2288,1097282560
DA:2295,1059123200
DA:2300,0
DA:2304,330573312
DA:2305,160745472
DA:2308,82349568
DA:2314,4688
DA:2318,0
DA:2319,0
DA:2325,4236
DA:2326,91256
DA:2327,86576
DA:2328,68528
DA:2329,68528
DA:2330,1693564
DA:2331,1620800
DA:2332,1351616
DA:2333,1438192
DA:2334,1351616
DA:2335,0
DA:2336,0
DA:2338,0
DA:2346,40
DA:2348,40
DA:2349,40
DA:2350,40
DA:2351,40
DA:2352,12
DA:2354,28
DA:2356,40
DA:2358,40
DA:2359,24
DA:2360,24
DA:2361,24
DA:2362,24
DA:2363,4
DA:2364,20
DA:2365,8
DA:2367,12
DA:2371,40
DA:2372,40
DA:2374,40
DA:2376,40
DA:2377,40
DA:2380,16
DA:2435,16
DA:2439,16
DA:2442,16
DA:2444,16
DA:2445,8
DA:2446,8
DA:2447,8
DA:2451,16
DA:2452,16
DA:2453,2424
DA:2456,16
DA:2458,0
DA:2461,16
DA:2462,16
DA:2463,4
DA:2464,4
DA:2465,4
DA:2466,4
DA:2467,2
DA:2468,2
DA:2469,2
DA:2471,2
DA:2472,2
DA:2473,2
DA:2478,16
DA:2480,16
DA:2481,296
DA:2482,280
DA:2483,280
DA:2484,280
DA:2485,280
DA:2489,280
DA:2490,216
DA:2492,216
DA:2496,296
DA:2497,280
DA:2498,7720
DA:2499,7440
DA:2500,194328
DA:2501,94448
DA:2502,51184
DA:2503,51184
DA:2504,51184
DA:2505,51184
DA:2506,51184
DA:2507,51184
DA:2509,51184
DA:2510,51184
DA:2511,51184
DA:2512,51184
DA:2513,51184
DA:2514,51184
DA:2516,58624
DA:2517,45360
DA:2518,45360
DA:2519,45360
DA:2520,45360
DA:2522,136080
DA:2523,136080
DA:2524,272160
DA:2525,272160
DA:2526,272160
DA:2527,272160
DA:2528,2268000
DA:2529,2177280
DA:2530,2268000
DA:2531,63504000
DA:2533,61326720
DA:2534,2177280
DA:2535,7983360
DA:2536,23950080
DA:2537,87816960
DA:2540,31933440
DA:2544,47900160
DA:2550,0
DA:2551,0
DA:2552,0
DA:2556,2268000
DA:2557,124921440
DA:2559,61326720
DA:2565,61326720
DA:2568,63504000
DA:2571,90720
DA:2575,0
DA:2576,0
DA:2580,45360
DA:2581,45360
DA:2582,45360
DA:2586,280
DA:2587,70
DA:2588,35
DA:2589,679
DA:2590,6433
DA:2591,6398
DA:2592,26236
DA:2593,25592
DA:2598,35
DA:2607,16
DA:2609,16
DA:2610,16
DA:2611,8
DA:2612,8
DA:2615,16
DA:2616,16
DA:2618,16
DA:2619,16
DA:2622,20
DA:2664,60
DA:2665,20
DA:2681,40
DA:2682,20
DA:2686,20
DA:2688,20
DA:2689,0
DA:2690,20
DA:2691,0
DA:2693,20
DA:2694,20
DA:2696,20
DA:2697,8
DA:2699,12
DA:2704,20
DA:2706,20
DA:2707,20
DA:2712,20
DA:2714,0
DA:2733,20
DA:2740,20
DA:2742,20
DA:2743,20
DA:2744,20
DA:2745,20
DA:2746,20
DA:2747,20
DA:2748,20
DA:2749,20
DA:2750,20
DA:2751,5
DA:2752,5
DA:2753,5
DA:2754,1
DA:2755,1
DA:2756,1
DA:2758,4
DA:2759,4
DA:2760,4
DA:2764,20
DA:2765,20
DA:2766,20
DA:2767,20
DA:2768,20
DA:2769,20
DA:2770,20
DA:2771,20
DA:2772,5
DA:2773,5
DA:2774,5
DA:2775,1
DA:2776,1
DA:2777,1
DA:2779,4
DA:2780,4
DA:2781,4
DA:2786,20
DA:2787,20
DA:2790,20
DA:2791,180
DA:2793,160
DA:2795,160
DA:2797,160
DA:2798,160
DA:2799,160
DA:2803,1972
DA:2806,1792
DA:2809,1792
DA:2812,1792
DA:2815,1792
DA:2816,1112
DA:2817,1112
DA:2818,1112
DA:2822,27136
DA:2823,27136
DA:2826,25344
DA:2827,25600
DA:2828,9984
DA:2829,49920
DA:2831,19968
DA:2832,19968
DA:2834,19968
DA:2835,19968
DA:2838,12480
DA:2839,12480
DA:2840,12480
DA:2843,19968
DA:2844,29952
DA:2847,13824
DA:2849,13824
DA:2850,13824
DA:2851,8544
DA:2852,8544
DA:2853,8544
DA:2855,13824
DA:2859,1792
DA:2863,1792
DA:2865,1792
DA:2871,22432
DA:2874,20480
DA:2876,20480
DA:2880,20480
DA:2883,20480
DA:2884,12736
DA:2885,12736
DA:2887,12736
DA:2891,20480
DA:2892,312320
DA:2893,291840
DA:2894,273408
DA:2895,273408
DA:2896,359424
DA:2897,119808
DA:2898,599040
DA:2900,239616
DA:2901,239616
DA:2902,239616
DA:2903,239616
DA:2905,149760
DA:2907,149760
DA:2908,149760
DA:2911,359424
DA:2914,11444736
DA:2915,153600
DA:2918,153600
DA:2919,153600
DA:2920,95232
DA:2922,95232
DA:2923,95232
DA:2925,153600
DA:2930,273408
DA:2931,273408
DA:2932,4171776
DA:2933,3898368
DA:2934,3658752
DA:2935,3658752
DA:2937,1557504
DA:2939,2101248
DA:2941,3658752
DA:2942,3658752
DA:2944,4171776
DA:2948,293888
DA:2949,273408
DA:2950,4171776
DA:2951,3898368
DA:2952,3658752
DA:2953,3658752
DA:2955,1557504
DA:2957,2101248
DA:2959,3658752
DA:2961,4171776
DA:2967,22272
DA:2968,5120
DA:2969,5120
DA:2970,16128
DA:2971,195840
DA:2972,209664
DA:2976,3968
DA:2979,5120
DA:2980,5120
DA:2981,16128
DA:2982,195840
DA:2983,209664
DA:2987,3968
DA:2995,20
DA:2996,20
DA:2997,20
DA:2998,20
DA:3000,20
DA:3001,20
DA:3002,20
DA:3006,0
DA:3007,0
DA:3008,0
DA:3009,0
DA:3010,0
DA:3012,0
DA:3013,0
DA:3014,0
DA:3015,0
DA:3016,0
DA:3017,0
DA:3038,20
DA:3039,20
DA:3040,8
DA:3042,12
DA:3044,20
DA:3055,20
DA:3057,20
DA:3058,20
DA:3059,20
DA:3061,20
DA:3062,20
DA:3065,8
DA:3105,8
DA:3106,8
DA:3107,8
DA:3109,8
DA:3110,0
DA:3111,0
DA:3112,0
DA:3113,0
DA:3114,0
DA:3116,0
DA:3120,8
DA:3124,8
DA:3125,0
DA:3128,8
DA:3129,0
DA:3130,8
DA:3131,0
DA:3132,8
DA:3133,0
DA:3135,8
DA:3136,8
DA:3137,8
DA:3139,8
DA:3140,8
DA:3141,8
DA:3143,8
DA:3146,8
DA:3147,8
DA:3148,8
DA:3149,2
DA:3150,2
DA:3151,2
DA:3152,1
DA:3153,1
DA:3154,1
DA:3156,1
DA:3157,1
DA:3158,1
DA:3162,8
DA:3163,8
DA:3164,8
DA:3165,2
DA:3166,2
DA:3167,2
DA:3168,1
DA:3169,1
DA:3170,1
DA:3172,1
DA:3173,1
DA:3174,1
DA:3179,8
DA:3180,8
DA:3182,8
DA:3183,8
DA:3185,72
DA:3187,64
DA:3188,64
DA:3189,64
DA:3191,64
DA:3193,64
DA:3194,64
DA:3197,64
DA:3198,64
DA:3202,840
DA:3205,768
DA:3207,768
DA:3208,768
DA:3211,768
DA:3212,480
DA:3213,480
DA:3214,480
DA:3218,12288
DA:3219,12288
DA:3220,11520
DA:3221,9984
DA:3222,50688
DA:3223,19968
DA:3224,19968
DA:3225,19968
DA:3229,19968
DA:3230,12480
DA:3231,12480
DA:3232,12480
DA:3236,19968
DA:3237,31488
DA:3241,768
DA:3245,768
DA:3247,768
DA:3251,768
DA:3252,768
DA:3255,768
DA:3256,12288
DA:3257,11520
DA:3258,9984
DA:3260,9984
DA:3261,160512
DA:3262,149760
DA:3263,129792
DA:3269,129792
DA:3270,129792
DA:3271,7207512
DA:3272,129792
DA:3273,129792
DA:3275,7207512
DA:3277,129792
DA:3278,129792
DA:3279,129792
DA:3282,141312
DA:3283,129792
DA:3284,7207512
DA:3285,129792
DA:3286,129792
DA:3288,7207512
DA:3290,129792
DA:3291,129792
DA:3292,129792
DA:3298,768
DA:3299,768
DA:3301,832
DA:3302,1344
DA:3303,576
DA:3304,576
DA:3305,4032
DA:3306,48960
DA:3307,52416
DA:3311,288
DA:3314,768
DA:3315,576
DA:3316,4032
DA:3317,48960
DA:3318,52416
DA:3322,288
DA:3331,8
DA:3332,8
DA:3333,8
DA:3334,8
DA:3335,8
DA:3336,8
DA:3338,8
DA:3340,8
DA:3341,8
DA:3343,8
DA:3344,8
DA:3346,8
DA:3348,8
DA:3350,8
DA:3352,36
DA:3382,36
DA:3396,36
DA:3398,36
DA:3400,36
DA:3402,36
DA:3403,36
DA:3404,36
DA:3407,36
DA:3409,36
DA:3410,36
DA:3411,36
DA:3412,36
DA:3413,9
DA:3414,9
DA:3419,36
DA:3420,36
DA:3421,36
DA:3423,36
DA:3424,20
DA:3428,448
DA:3429,412
DA:3430,412
DA:3431,412
DA:3432,412
DA:3436,412
DA:3438,412
DA:3439,412
DA:3442,412
DA:3443,140
DA:3444,140
DA:3451,412
DA:3452,284
DA:3454,284
DA:3455,4
DA:3456,280
DA:3457,108
DA:3459,172
DA:3462,284
DA:3463,108
DA:3465,176
DA:3472,128
DA:3477,448
DA:3479,140
DA:3481,0
DA:3482,0
DA:3483,0
DA:3484,0
DA:3485,0
DA:3486,0
DA:3487,0
DA:3489,0
DA:3490,0
DA:3491,0
DA:3493,0
DA:3495,0
DA:3496,0
DA:3497,0
DA:3498,0
DA:3499,0
DA:3500,0
DA:3502,0
DA:3508,2380
DA:3509,2240
DA:3512,2240
DA:3515,1056
DA:3516,0
DA:3518,2380
DA:3519,1184
DA:3520,31904
DA:3521,30720
DA:3522,21440
DA:3523,21440
DA:3525,0
DA:3527,21440
DA:3528,21440
DA:3529,21440
DA:3530,17280
DA:3531,17280
DA:3533,4160
DA:3535,21440
DA:3536,21440
DA:3537,22624
DA:3538,21440
DA:3539,0
DA:3540,0
DA:3542,0
DA:3550,1056
DA:3551,528
DA:3552,528
DA:3554,528
DA:3555,528
DA:3557,1056
DA:3558,29856
DA:3559,28800
DA:3560,19776
DA:3561,59328
DA:3562,39552
DA:3563,39552
DA:3564,59328
DA:3565,34560
DA:3566,34560
DA:3567,34560
DA:3569,4992
DA:3570,4992
DA:3571,4992
DA:3574,19776
DA:3575,20832
DA:3576,19776
DA:3577,0
DA:3578,0
DA:3580,0
DA:3587,2744
DA:3588,2472
DA:3589,42200
DA:3590,39456
DA:3591,30816
DA:3592,1440
DA:3593,1440
DA:3595,29376
DA:3597,30816
DA:3598,30816
DA:3599,33288
DA:3600,30816
DA:3601,0
DA:3602,0
DA:3604,0
DA:3610,36
DA:3611,36
DA:3612,20
DA:3615,36
DA:3617,36
DA:3618,36
DA:3621,36
DA:3622,36
DA:3625,20
DA:3652,40
DA:3653,80
DA:3654,20
DA:3655,60
DA:3656,20
DA:3670,20
DA:3671,20
DA:3675,20
DA:3676,8
DA:3677,12
DA:3679,12
DA:3680,12
DA:3683,20
DA:3685,20
DA:3693,20
DA:3694,0
DA:3700,20
DA:3701,8
DA:3702,8
DA:3704,12
DA:3705,12
DA:3707,20
DA:3708,20
DA:3709,20
DA:3710,20
DA:3711,20
DA:3712,276500
DA:3713,20
DA:3714,552980
DA:3716,20
DA:3717,20
DA:3718,20
DA:3719,20
DA:3720,20
DA:3721,20
DA:3722,20
DA:3723,20
DA:3725,20
DA:3726,20
DA:3727,20
DA:3728,20
DA:3729,20
DA:3730,20
DA:3731,20
DA:3733,20
DA:3735,20
DA:3736,20
DA:3737,20
DA:3740,20
DA:3742,20
DA:3743,20
DA:3744,20
DA:3745,20
DA:3746,5
DA:3747,5
DA:3752,20
DA:3753,20
DA:3754,20
DA:3755,20
DA:3756,20
DA:3757,20
DA:3758,40
DA:3759,20
DA:3760,20
DA:3761,40
DA:3762,20
DA:3763,20
DA:3766,20
DA:3768,20
DA:3769,20
DA:3770,20
DA:3771,20
DA:3772,260
DA:3773,240
DA:3774,144
DA:3776,144
DA:3777,144
DA:3779,112
DA:3780,48
DA:3781,64
DA:3782,64
DA:3784,0
DA:3786,144
DA:3788,144
DA:3789,144
DA:3790,144
DA:3792,144
DA:3795,144
DA:3796,144
DA:3797,144
DA:3798,164
DA:3809,20
DA:3810,20
DA:3811,20
DA:3812,20
DA:3813,276500
DA:3814,552980
DA:3815,20
DA:3816,8848020
DA:3818,20
DA:3819,5
DA:3820,5
DA:3822,20
DA:3828,20
DA:3829,20
DA:3832,20
DA:3833,80
DA:3834,80
DA:3835,500
DA:3836,12020
DA:3837,288480
DA:3838,276480
DA:3839,276480
DA:3840,276480
DA:3841,288000
DA:3845,116
DA:3846,96
DA:3847,404
DA:3850,180
DA:3851,160
DA:3852,160
DA:3853,160
DA:3854,160
DA:3860,928
DA:3861,1312
DA:3862,160
DA:3863,160
DA:3864,160
DA:3865,928
DA:3866,928
DA:3867,4000
DA:3870,160
DA:3871,160
DA:3872,928
DA:3876,768
DA:3878,108376
DA:3879,107448
DA:3882,107448
DA:3883,108216
DA:3887,160
DA:3888,160
DA:3890,2080
DA:3891,1920
DA:3892,1152
DA:3894,1152
DA:3895,256
DA:3896,896
DA:3897,384
DA:3898,512
DA:3899,512
DA:3901,0
DA:3904,1152
DA:3905,1152
DA:3906,1152
DA:3909,7456
DA:3910,6144
DA:3911,8064
DA:3915,160
DA:3916,160
DA:3919,160
DA:3920,160
DA:3921,160
DA:3922,160
DA:3924,160
DA:3927,40
DA:3928,40
DA:3930,160
DA:3931,160
DA:3938,160
DA:3940,160
DA:3941,948
DA:3942,768
DA:3943,10144
DA:3944,9216
DA:3945,6144
DA:3946,6912
DA:3952,20
DA:3953,20
DA:3954,20
DA:3955,20
DA:3956,20
DA:3957,20
DA:3958,20
DA:3959,20
DA:3960,20
DA:3961,20
DA:3962,20
DA:3963,20
DA:3964,20
DA:3965,20
DA:3966,20
DA:3969,20
DA:3972,20
DA:3973,20
DA:3974,20
DA:3975,20
DA:3977,20
DA:3978,20
DA:3981,4
DA:4009,8
DA:4010,16
DA:4011,4
DA:4012,12
DA:4013,4
DA:4014,4
DA:4027,4
DA:4028,4
DA:4029,4
DA:4033,4
DA:4034,0
DA:4035,4
DA:4037,4
DA:4038,4
DA:4041,4
DA:4043,4
DA:4051,4
DA:4052,0
DA:4058,4
DA:4059,0
DA:4060,0
DA:4062,4
DA:4063,4
DA:4065,4
DA:4066,4
DA:4067,4
DA:4068,4
DA:4069,4
DA:4070,4
DA:4071,4
DA:4072,64004
DA:4073,4
DA:4074,128004
DA:4076,4
DA:4077,4
DA:4078,4
DA:4079,4
DA:4080,4
DA:4081,4
DA:4082,4
DA:4083,4
DA:4085,4
DA:4086,4
DA:4087,4
DA:4088,4
DA:4089,4
DA:4090,4
DA:4091,4
DA:4093,4
DA:4095,4
DA:4096,4
DA:4097,4
DA:4100,4
DA:4102,4
DA:4103,4
DA:4104,4
DA:4105,4
DA:4106,1
DA:4107,1
DA:4112,4
DA:4113,4
DA:4114,4
DA:4115,4
DA:4116,4
DA:4117,4
DA:4118,8
DA:4119,4
DA:4120,4
DA:4121,8
DA:4122,4
DA:4123,4
DA:4126,4
DA:4128,4
DA:4129,4
DA:4130,4
DA:4131,4
DA:4132,164
DA:4133,160
DA:4134,160
DA:4136,160
DA:4137,160
DA:4139,160
DA:4140,160
DA:4141,0
DA:4142,0
DA:4144,0
DA:4146,160
DA:4148,160
DA:4149,160
DA:4150,160
DA:4151,160
DA:4152,160
DA:4155,160
DA:4156,160
DA:4158,1280160
DA:4161,160
DA:4162,164
DA:4173,4
DA:4174,4
DA:4175,4
DA:4176,4
DA:4177,64004
DA:4178,128004
DA:4179,4
DA:4180,2048132
DA:4182,4
DA:4183,1
DA:4184,1
DA:4186,4
DA:4192,4
DA:4193,4
DA:4196,4
DA:4197,76
DA:4198,76
DA:4199,36
DA:4200,36
DA:4201,36
DA:4203,36
DA:4204,36
DA:4207,4
DA:4208,4
DA:4211,4
DA:4212,16
DA:4213,16
DA:4214,84
DA:4215,1684
DA:4216,33680
DA:4217,32000
DA:4218,32000
DA:4219,32000
DA:4220,33600
DA:4224,76
DA:4225,72
DA:4226,292
DA:4229,36
DA:4230,32
DA:4231,32
DA:4232,32
DA:4233,32
DA:4239,608
DA:4240,1312
DA:4241,32
DA:4242,32
DA:4243,32
DA:4244,608
DA:4245,608
DA:4246,2912
DA:4249,32
DA:4250,32
DA:4251,608
DA:4255,576
DA:4257,41234
DA:4258,40626
DA:4261,40626
DA:4262,41202
DA:4266,32
DA:4267,32
DA:4268,1312
DA:4269,1280
DA:4270,1280
DA:4272,1280
DA:4273,0
DA:4274,1280
DA:4275,1280
DA:4276,0
DA:4277,0
DA:4279,0
DA:4283,1280
DA:4284,1280
DA:4285,1280
DA:4288,24352
DA:4289,23040
DA:4290,11520
DA:4292,11520
DA:4295,24320
DA:4299,32
DA:4300,32
DA:4303,32
DA:4304,32
DA:4305,32
DA:4306,32
DA:4308,32
DA:4311,8
DA:4312,8
DA:4314,32
DA:4315,32
DA:4322,32
DA:4324,32
DA:4326,32
DA:4327,608
DA:4328,576
DA:4329,23648
DA:4330,23040
DA:4331,23040
DA:4332,23616
DA:4335,36
DA:4339,4
DA:4340,4
DA:4341,4
DA:4342,4
DA:4343,4
DA:4344,4
DA:4345,4
DA:4346,4
DA:4347,4
DA:4348,4
DA:4349,4
DA:4350,4
DA:4351,4
DA:4352,4
DA:4353,4
DA:4354,4
DA:4355,4
DA:4358,4
DA:4361,4
DA:4362,4
DA:4363,4
DA:4364,4
DA:4366,4
DA:4367,4
DA:4370,140
DA:4383,140
DA:4384,140
DA:4385,0
DA:4386,0
DA:4387,0
DA:4388,0
DA:4390,0
DA:4391,0
DA:4395,2380
DA:4396,2240
DA:4399,2240
DA:4402,1056
DA:4403,0
DA:4405,2380
DA:4406,1184
DA:4407,1184
DA:4409,0
DA:4411,1184
DA:4412,1184
DA:4414,1056
DA:4415,528
DA:4416,528
DA:4418,528
DA:4419,528
DA:4421,1056
DA:4422,1056
DA:4426,140
DA:4428,412
DA:4449,824
DA:4450,412
DA:4452,412
DA:4453,412
DA:4455,159448
DA:4456,79518
DA:4457,79518
DA:4458,79518
DA:4459,79930
DA:4462,412
DA:4464,412
DA:4466,5124
DA:4468,4712
DA:4470,4712
DA:4472,80104
DA:4473,75392
DA:4474,13256
DA:4475,13256
DA:4477,2843268
DA:4478,75392
DA:4481,1066924
DA:4482,1062212
DA:4484,1062212
DA:4486,1062212
DA:4487,1066924
DA:4489,4712
DA:4490,72
DA:4491,72
DA:4493,4640
DA:4495,4712
DA:4497,5124
DA:4500,412
DA:4501,412
DA:4504,196
DA:4517,196
DA:4518,196
DA:4519,196
DA:4522,196
DA:4524,1888
DA:4525,1692
DA:4526,1692
DA:4527,30504
DA:4528,28616
DA:4529,13720
DA:4530,15412
DA:4531,13720
DA:4532,0
DA:4533,0
DA:4535,0
DA:4540,196
DA:4541,196
DA:4544,196
DA:4547,136
DA:4571,136
DA:4578,136
DA:4579,136
DA:4580,136
DA:4581,56
DA:4583,80
DA:4587,136
DA:4589,136
DA:4590,56
DA:4591,56
DA:4592,56
DA:4593,56
DA:4594,56
DA:4595,56
DA:4596,16
DA:4597,8208
DA:4599,40
DA:4600,120
DA:4604,136
DA:4606,1224
DA:4608,1088
DA:4609,1088
DA:4610,1088
DA:4612,1088
DA:4614,1088
DA:4616,1088
DA:4617,1088
DA:4618,1088
DA:4619,448
DA:4621,640
DA:4626,1088
DA:4627,272
DA:4628,112
DA:4629,112
DA:4630,56
DA:4632,56
DA:4635,160
DA:4636,160
DA:4637,56
DA:4639,104
DA:4644,1088
DA:4646,1088
DA:4647,1088
DA:4648,18368
DA:4649,17280
DA:4650,5376
DA:4651,5376
DA:4652,1536
DA:4653,1536
DA:4654,1536
DA:4655,1536
DA:4657,3840
DA:4658,11520
DA:4659,7680
DA:4660,11520
DA:4663,5376
DA:4665,5376
DA:4666,1536
DA:4668,11520
DA:4669,11520
DA:4672,5376
DA:4673,27392
DA:4674,307968
DA:4675,3508736
DA:4676,3203072
DA:4677,3203072
DA:4678,3483648
DA:4679,196608
DA:4681,9019392
DA:4682,9019392
DA:4689,6464
DA:4690,1344
DA:4691,576
DA:4692,288
DA:4693,48
DA:4695,720
DA:4696,720
DA:4700,288
DA:4701,48
DA:4703,720
DA:4704,240
DA:4709,768
DA:4710,288
DA:4711,48
DA:4713,720
DA:4714,240
DA:4718,480
DA:4719,240
DA:4721,720
DA:4722,240
DA:4782,1224
DA:4786,136
DA:4787,56
DA:4788,16
DA:4790,40
DA:4795,136
DA:4796,56
DA:4798,80
DA:4802,136
DA:4803,136
DA:4805,136
DA:4807,136
DA:4808,136
DA:4810,16
DA:4833,64
DA:4836,16
DA:4837,16
DA:4840,16
DA:4846,16
DA:4847,12
DA:4849,12
DA:4852,12
DA:4853,12
DA:4856,0
DA:4860,4
DA:4861,4
DA:4863,0
DA:4869,16
DA:4870,16
DA:4874,16
DA:4875,16
DA:4876,4
DA:4877,4
DA:4883,16
DA:4884,21329
DA:4885,21329
DA:4891,16
DA:4892,80
DA:4893,21329
DA:4896,21313
DA:4898,4
DA:4899,4
DA:4900,4
DA:4904,21309
DA:4906,4
DA:4907,4
DA:4908,4
DA:4911,21305
DA:4913,4
DA:4914,4
DA:4915,4
DA:4918,21301
DA:4920,4
DA:4921,4
DA:4922,4
DA:4926,21297
DA:4928,4
DA:4929,4
DA:4930,4
DA:4933,21293
DA:4935,4
DA:4936,4
DA:4937,4
DA:4940,21289
DA:4942,4
DA:4943,4
DA:4944,4
DA:4947,21285
DA:4949,4
DA:4950,4
DA:4951,4
DA:4954,21281
DA:4956,4
DA:4957,4
DA:4958,4
DA:4961,21277
DA:4963,4
DA:4964,4
DA:4965,4
DA:4968,21273
DA:4970,4
DA:4971,4
DA:4972,4
DA:4975,21269
DA:4977,4
DA:4978,4
DA:4979,4
DA:4982,21265
DA:4984,4
DA:4985,4
DA:4986,4
DA:4990,21261
DA:4992,4
DA:4993,4
DA:4994,4
DA:4997,21257
DA:4999,4
DA:5000,4
DA:5001,4
DA:5004,21253
DA:5006,4
DA:5007,4
DA:5008,4
DA:5011,21249
DA:5013,4
DA:5014,4
DA:5015,4
DA:5018,21245
DA:5020,4
DA:5021,4
DA:5022,4
DA:5025,21241
DA:5027,4
DA:5028,4
DA:5029,4
DA:5032,21237
DA:5034,4
DA:5035,4
DA:5036,4
DA:5039,21233
DA:5041,4
DA:5042,4
DA:5043,4
DA:5046,21229
DA:5048,4
DA:5049,4
DA:5050,4
DA:5053,21225
DA:5055,4
DA:5056,4
DA:5057,4
DA:5060,21221
DA:5062,4
DA:5063,4
DA:5064,4
DA:5067,21217
DA:5069,4
DA:5070,4
DA:5071,4
DA:5074,21213
DA:5076,4
DA:5077,4
DA:5078,4
DA:5081,21209
DA:5083,4
DA:5084,4
DA:5085,4
DA:5088,21205
DA:5090,4
DA:5091,4
DA:5092,4
DA:5095,21201
DA:5097,4
DA:5098,4
DA:5099,4
DA:5102,21197
DA:5104,4
DA:5105,4
DA:5106,4
DA:5109,21193
DA:5111,4
DA:5112,4
DA:5113,4
DA:5116,21189
DA:5117,16
DA:5118,4
DA:5119,4
DA:5120,4
DA:5127,16
DA:5129,16
DA:5130,80
DA:5131,16
DA:5132,4
DA:5133,4
DA:5134,20
DA:5135,20
DA:5137,4
DA:5143,16
DA:5144,16
DA:5145,16
DA:5149,80
DA:5150,16
DA:5151,256
DA:5152,80
DA:5153,16
DA:5154,16
DA:5158,16
DA:5159,16
DA:5160,112
DA:5161,64
DA:5167,144
DA:5168,144
DA:5174,144
DA:5176,144
DA:5181,256
DA:5182,240
DA:5183,240
DA:5184,256
DA:5187,112
DA:5188,48
DA:5189,48
DA:5190,64
DA:5195,256
DA:5196,7936
DA:5197,9600
DA:5198,1920
DA:5199,1920
DA:5200,1920
DA:5201,4080
DA:5204,16
DA:5206,16
DA:5208,16
DA:5209,16
DA:5210,16
DA:5212,16
DA:5214,32
DA:5217,0
DA:5232,0
DA:5235,0
DA:5236,0
DA:5238,0
DA:5239,0
DA:5242,0
DA:5243,0
DA:5244,0
DA:5245,0
DA:5247,0
DA:5248,0
DA:5254,0
DA:5255,0
DA:5256,0
DA:5257,0
DA:5258,0
DA:5259,0
DA:5260,0
DA:5261,0
DA:5262,0
DA:5263,0
DA:5264,0
DA:5265,0
DA:5269,0
DA:5272,0
DA:5273,0
DA:5274,0
DA:5275,0
DA:5277,0
DA:5279,204
DA:5289,204
DA:5292,204
DA:5293,204
DA:5296,6732
DA:5297,9996
DA:5298,13056
DA:5301,3468
DA:5303,204
DA:5305,204
DA:5307,204
DA:5309,1644
DA:5312,1440
DA:5314,1440
DA:5316,1440
DA:5318,1644
DA:5326,204
DA:5328,204
DA:5331,204
DA:5332,6443
DA:5339,204
DA:5343,204
DA:5344,204
DA:5345,204
DA:5346,3468
DA:5347,3468
DA:5349,204
DA:5351,204
DA:5352,0
DA:5353,204
DA:5354,204
DA:5357,1520
DA:5366,1520
DA:5367,1520
DA:5369,1520
DA:5370,1520
DA:5373,1520
DA:5374,1520
DA:5376,1520
DA:5377,1520
DA:5378,1520
DA:5380,6080
DA:5381,6080
DA:5382,6080
DA:5386,1520
DA:5390,14536
DA:5417,14536
DA:5418,14536
DA:5419,14536
DA:5420,14536
DA:5422,14536
DA:5423,14536
DA:5424,2184
DA:5426,12352
DA:5429,456648
DA:5430,442112
DA:5431,442112
DA:5433,442112
DA:5437,442112
DA:5438,198344
DA:5439,243768
DA:5440,204264
DA:5442,39504
DA:5446,442112
DA:5447,108800
DA:5449,442112
DA:5450,2816
DA:5451,1920
DA:5452,1920
DA:5454,442112
DA:5455,4608
DA:5456,3840
DA:5457,3840
DA:5458,3840
DA:5459,3840
DA:5461,442112
DA:5462,0
DA:5463,0
DA:5464,0
DA:5465,0
DA:5466,0
DA:5467,0
DA:5468,0
DA:5470,442112
DA:5471,0
DA:5472,0
DA:5474,442112
DA:5475,0
DA:5476,0
DA:5477,0
DA:5479,442112
DA:5480,572928
DA:5481,572928
DA:5482,572928
DA:5483,572928
DA:5485,442112
DA:5486,0
DA:5487,0
DA:5488,0
DA:5489,0
DA:5490,0
DA:5492,456648
DA:5493,0
DA:5494,0
DA:5495,0
DA:5496,0
DA:5497,0
DA:5498,0
DA:5503,14536
DA:5508,0
DA:5513,436352
DA:5517,0
DA:5522,382848
DA:5525,382464
DA:5530,382464
DA:5531,382464
DA:5534,382464
DA:5539,382464
DA:5540,382464
DA:5544,0
DA:5549,768
DA:5552,768
DA:5557,768
DA:5558,768
DA:5561,768
DA:5566,768
DA:5567,768
DA:5570,768
DA:5575,768
DA:5576,768
DA:5579,768
DA:5584,768
DA:5585,768
DA:5589,0
DA:5594,0
DA:5597,0
DA:5602,0
DA:5603,0
DA:5606,0
DA:5611,0
DA:5612,0
DA:5615,0
DA:5620,0
DA:5621,0
DA:5624,0
DA:5629,0
DA:5630,0
DA:5633,0
DA:5638,0
DA:5639,0
DA:5642,0
DA:5647,0
DA:5648,0
DA:5654,4712
DA:5673,4712
DA:5675,4712
DA:5676,4712
DA:5677,4712
DA:5681,3142904
DA:5682,1569096
DA:5683,1569096
DA:5684,1573808
DA:5687,4712
DA:5688,4712
DA:5689,0
DA:5690,4712
DA:5692,0
DA:5693,4712
DA:5695,23560
DA:5696,4272408
DA:5697,4248848
DA:5698,1419115232
DA:5700,4248848
DA:5701,4267696
DA:5705,4712
DA:5706,4712
LF:2838
LH:2394
end_of_record
