TN:
SF:/home/jmlihm/dipole/q-e/PP/src/pw2wannier90.f90
FN:99,__wannier_MOD_utility_read_wfc_from_pool
FN:170,__wannier_MOD_utility_compute_u_kb
FN:367,MAIN__
FN:371,main
FN:802,lib_dealloc_
FN:815,setup_nnkp_
FN:1001,run_wannier_
FN:1039,find_mp_grid_
FN:1097,read_nnkp_
FN:1457,scan_file_to_
FN:1484,pw2wan_set_symm_
FN:1583,compute_dmn_
FN:2264,compute_mmn_
FN:2594,utility_merge_files_
FN:2668,compute_spin_
FN:2906,compute_orb_
FN:3183,compute_shc_
FN:3415,utility_write_array_
FN:3460,utility_open_output_file_
FN:3509,compute_amn_
FN:3759,compute_amn_with_scdm_
FN:4161,orient_gf_spinor_
FN:4207,generate_guiding_functions_
FN:4283,write_band_
FN:4342,write_plot_
FN:4605,write_parity_
FN:5015,wan2sic_
FN:5077,ylm_expansion_
FN:5129,check_inverse_
FN:5155,set_u_matrix_
FN:5188,ylm_wannier_
FN:5306,s_
FN:5315,p_z_
FN:5323,px_
FN:5332,py_
FN:5342,dz2_
FN:5350,dxz_
FN:5359,dyz_
FN:5368,dx2my2_
FN:5377,dxy_
FN:5387,fz3_
FN:5395,fxz2_
FN:5404,fyz2_
FN:5413,fzx2my2_
FN:5422,fxyz_
FN:5431,fxx2m3y2_
FN:5440,fy3x2my2_
FN:5452,radialpart_
FNDA:12492,__wannier_MOD_utility_read_wfc_from_pool
FNDA:12492,__wannier_MOD_utility_compute_u_kb
FNDA:188,MAIN__
FNDA:188,main
FNDA:0,lib_dealloc_
FNDA:0,setup_nnkp_
FNDA:0,run_wannier_
FNDA:0,find_mp_grid_
FNDA:188,read_nnkp_
FNDA:329,scan_file_to_
FNDA:0,pw2wan_set_symm_
FNDA:0,compute_dmn_
FNDA:100,compute_mmn_
FNDA:636,utility_merge_files_
FNDA:32,compute_spin_
FNDA:64,compute_orb_
FNDA:16,compute_shc_
FNDA:29068,utility_write_array_
FNDA:464,utility_open_output_file_
FNDA:92,compute_amn_
FNDA:80,compute_amn_with_scdm_
FNDA:210,orient_gf_spinor_
FNDA:760,generate_guiding_functions_
FNDA:172,write_band_
FNDA:0,write_plot_
FNDA:0,write_parity_
FNDA:0,wan2sic_
FNDA:188,ylm_expansion_
FNDA:188,check_inverse_
FNDA:1320,set_u_matrix_
FNDA:1320,ylm_wannier_
FNDA:12544,s_
FNDA:10624,p_z_
FNDA:10240,px_
FNDA:10240,py_
FNDA:1024,dz2_
FNDA:1024,dxz_
FNDA:1024,dyz_
FNDA:1024,dx2my2_
FNDA:1024,dxy_
FNDA:0,fz3_
FNDA:0,fxz2_
FNDA:0,fyz2_
FNDA:0,fzx2my2_
FNDA:0,fxyz_
FNDA:0,fxx2m3y2_
FNDA:0,fy3x2my2_
FNDA:8760,radialpart_
FNF:48
FNH:32
DA:99,12492
DA:135,12492
DA:137,12492
DA:142,11020
DA:149,1472
DA:151,1472
DA:154,1472
DA:155,1472
DA:158,1472
DA:159,1472
DA:160,0
DA:161,1472
DA:162,1472
DA:166,12492
DA:170,12504
DA:238,24984
DA:240,24984
DA:243,12492
DA:245,12492
DA:250,12492
DA:251,0
DA:253,12492
DA:255,12492
DA:256,12492
DA:258,12492
DA:260,12492
DA:262,12492
DA:264,12492
DA:265,12492
DA:266,12492
DA:269,12492
DA:274,12492
DA:279,12492
DA:280,225180
DA:281,212688
DA:282,181008
DA:283,193500
DA:287,12492
DA:289,11020
DA:290,11020
DA:293,1472
DA:299,12492
DA:300,7224
DA:301,7224
DA:302,7224
DA:307,193500
DA:309,457068
DA:310,263568
DA:314,263568
DA:315,263568
DA:316,263568
DA:318,263568
DA:323,263568
DA:324,152688
DA:325,152688
DA:326,152688
DA:331,263568
DA:332,263568
DA:333,263568
DA:335,444576
DA:336,240
DA:337,240
DA:344,12492
DA:348,4236
DA:349,4236
DA:353,12492
DA:354,12492
DA:356,12492
DA:359,37476
DA:367,188
DA:371,188
DA:413,188
DA:416,188
DA:418,188
DA:422,188
DA:423,188
DA:427,47
DA:431,47
DA:432,47
DA:433,47
DA:434,47
DA:435,47
DA:436,47
DA:437,47
DA:438,47
DA:439,47
DA:440,47
DA:441,47
DA:442,47
DA:443,47
DA:444,47
DA:445,47
DA:447,47
DA:448,47
DA:451,47
DA:452,47
DA:453,47
DA:454,47
DA:456,47
DA:457,47
DA:458,47
DA:459,47
DA:460,47
DA:461,47
DA:462,47
DA:463,47
DA:467,47
DA:471,47
DA:475,188
DA:476,188
DA:480,188
DA:481,188
DA:482,188
DA:483,188
DA:484,188
DA:485,188
DA:486,188
DA:487,188
DA:488,188
DA:489,188
DA:490,188
DA:492,188
DA:493,188
DA:496,188
DA:497,188
DA:499,188
DA:500,188
DA:501,188
DA:502,188
DA:503,188
DA:504,188
DA:505,188
DA:506,188
DA:507,188
DA:508,188
DA:509,188
DA:510,188
DA:511,188
DA:512,188
DA:516,188
DA:517,0
DA:519,188
DA:520,0
DA:523,188
DA:527,188
DA:528,188
DA:529,188
DA:530,188
DA:531,188
DA:534,188
DA:535,0
DA:537,188
DA:538,0
DA:539,188
DA:540,0
DA:541,188
DA:543,80
DA:547,0
DA:550,188
DA:551,0
DA:553,392
DA:555,16
DA:556,16
DA:557,16
DA:558,16
DA:559,16
DA:561,16
DA:562,16
DA:563,16
DA:564,16
DA:565,16
DA:567,156
DA:568,40
DA:570,116
DA:572,156
DA:573,156
DA:574,156
DA:575,532
DA:579,188
DA:580,188
DA:582,188
DA:584,188
DA:585,188
DA:586,188
DA:588,188
DA:590,188
DA:591,188
DA:592,188
DA:593,188
DA:594,188
DA:595,188
DA:596,188
DA:597,188
DA:598,188
DA:599,188
DA:600,188
DA:601,0
DA:602,0
DA:603,0
DA:604,0
DA:605,0
DA:606,0
DA:608,188
DA:609,172
DA:610,80
DA:611,80
DA:612,80
DA:613,80
DA:614,80
DA:616,92
DA:617,92
DA:618,92
DA:619,92
DA:620,92
DA:622,172
DA:624,16
DA:625,16
DA:626,16
DA:627,16
DA:629,188
DA:630,100
DA:631,100
DA:632,100
DA:633,100
DA:634,100
DA:635,100
DA:637,88
DA:638,88
DA:639,88
DA:640,88
DA:642,188
DA:643,40
DA:644,32
DA:645,32
DA:646,32
DA:647,32
DA:648,32
DA:649,32
DA:651,8
DA:652,8
DA:653,8
DA:654,8
DA:656,148
DA:657,0
DA:658,0
DA:659,0
DA:660,0
DA:661,0
DA:663,188
DA:664,64
DA:665,64
DA:666,64
DA:667,64
DA:668,64
DA:669,64
DA:671,124
DA:672,124
DA:673,124
DA:674,124
DA:676,188
DA:677,16
DA:678,16
DA:679,16
DA:680,16
DA:681,16
DA:682,16
DA:684,172
DA:685,172
DA:686,172
DA:687,172
DA:689,188
DA:690,172
DA:691,172
DA:692,172
DA:693,172
DA:694,172
DA:695,172
DA:697,16
DA:698,16
DA:699,16
DA:700,16
DA:702,188
DA:703,0
DA:704,0
DA:705,0
DA:706,0
DA:707,0
DA:708,0
DA:710,188
DA:711,188
DA:712,188
DA:713,188
DA:715,188
DA:716,0
DA:717,0
DA:718,0
DA:719,0
DA:720,0
DA:721,0
DA:723,188
DA:724,188
DA:725,188
DA:726,188
DA:728,188
DA:729,188
DA:730,188
DA:731,188
DA:733,188
DA:734,188
DA:735,188
DA:736,188
DA:737,188
DA:738,188
DA:739,188
DA:740,188
DA:741,188
DA:742,188
DA:744,188
DA:745,188
DA:746,188
DA:747,188
DA:749,188
DA:752,188
DA:753,188
DA:754,188
DA:758,0
DA:761,0
DA:762,0
DA:763,0
DA:764,0
DA:765,0
DA:766,0
DA:767,0
DA:768,0
DA:769,0
DA:770,0
DA:771,0
DA:772,0
DA:773,0
DA:774,0
DA:777,0
DA:778,0
DA:780,0
DA:781,0
DA:782,0
DA:783,0
DA:785,0
DA:786,0
DA:787,0
DA:791,0
DA:793,0
DA:794,0
DA:798,0
DA:802,0
DA:809,0
DA:811,0
DA:815,0
DA:836,0
DA:838,0
DA:862,0
DA:863,0
DA:864,0
DA:865,0
DA:866,0
DA:867,0
DA:870,0
DA:872,0
DA:874,0
DA:875,0
DA:877,0
DA:879,0
DA:880,0
DA:881,0
DA:885,0
DA:887,0
DA:890,0
DA:894,0
DA:898,0
DA:899,0
DA:900,0
DA:901,0
DA:902,0
DA:903,0
DA:904,0
DA:905,0
DA:906,0
DA:907,0
DA:908,0
DA:909,0
DA:910,0
DA:912,0
DA:913,0
DA:915,0
DA:918,0
DA:920,0
DA:922,0
DA:923,0
DA:924,0
DA:925,0
DA:926,0
DA:927,0
DA:928,0
DA:929,0
DA:931,0
DA:932,0
DA:936,0
DA:937,0
DA:939,0
DA:941,0
DA:942,0
DA:944,0
DA:945,0
DA:947,0
DA:948,0
DA:949,0
DA:950,0
DA:951,0
DA:953,0
DA:955,0
DA:957,0
DA:958,0
DA:960,0
DA:961,0
DA:962,0
DA:964,0
DA:965,0
DA:967,0
DA:968,0
DA:969,0
DA:970,0
DA:971,0
DA:972,0
DA:973,0
DA:974,0
DA:976,0
DA:977,0
DA:978,0
DA:983,0
DA:984,0
DA:985,0
DA:986,0
DA:987,0
DA:989,0
DA:992,0
DA:994,0
DA:995,0
DA:997,0
DA:998,0
DA:1001,0
DA:1013,0
DA:1014,0
DA:1015,0
DA:1016,0
DA:1017,0
DA:1020,0
DA:1024,0
DA:1028,0
DA:1029,0
DA:1030,0
DA:1031,0
DA:1032,0
DA:1033,0
DA:1035,0
DA:1039,0
DA:1050,0
DA:1052,0
DA:1053,0
DA:1054,0
DA:1055,0
DA:1056,0
DA:1057,0
DA:1060,0
DA:1062,0
DA:1063,0
DA:1064,0
DA:1065,0
DA:1066,0
DA:1069,0
DA:1071,0
DA:1072,0
DA:1073,0
DA:1074,0
DA:1075,0
DA:1078,0
DA:1080,0
DA:1081,0
DA:1083,0
DA:1085,0
DA:1087,0
DA:1088,0
DA:1090,0
DA:1091,0
DA:1093,0
DA:1097,188
DA:1120,188
DA:1125,188
DA:1127,47
DA:1128,47
DA:1130,0
DA:1133,47
DA:1134,47
DA:1138,188
DA:1141,188
DA:1142,188
DA:1144,188
DA:1146,47
DA:1147,47
DA:1149,0
DA:1151,188
DA:1152,141
DA:1153,611
DA:1154,564
DA:1157,188
DA:1158,611
DA:1159,564
DA:1160,0
DA:1161,0
DA:1162,0
DA:1166,47
DA:1168,47
DA:1169,47
DA:1171,0
DA:1173,188
DA:1174,141
DA:1175,611
DA:1176,564
DA:1179,188
DA:1180,611
DA:1181,564
DA:1182,0
DA:1183,0
DA:1184,0
DA:1188,47
DA:1190,47
DA:1191,47
DA:1193,0
DA:1195,47
DA:1196,47
DA:1197,0
DA:1198,0
DA:1199,0
DA:1201,47
DA:1202,530
DA:1203,483
DA:1204,483
DA:1206,483
DA:1207,47
DA:1208,0
DA:1209,0
DA:1210,0
DA:1211,0
DA:1212,0
DA:1216,47
DA:1221,188
DA:1222,188
DA:1224,188
DA:1225,47
DA:1226,10
DA:1227,10
DA:1228,10
DA:1230,0
DA:1231,0
DA:1232,0
DA:1235,0
DA:1239,37
DA:1240,37
DA:1241,37
DA:1243,0
DA:1246,47
DA:1250,188
DA:1251,188
DA:1253,188
DA:1254,0
DA:1255,0
DA:1256,0
DA:1257,0
DA:1258,0
DA:1259,0
DA:1264,188
DA:1266,0
DA:1267,0
DA:1268,1316
DA:1269,188
DA:1270,40
DA:1273,188
DA:1274,377
DA:1275,330
DA:1276,330
DA:1278,330
DA:1279,330
DA:1281,330
DA:1282,330
DA:1284,330
DA:1285,330
DA:1286,0
DA:1287,330
DA:1288,0
DA:1290,330
DA:1291,377
DA:1292,128
DA:1294,128
DA:1295,128
DA:1296,128
DA:1302,188
DA:1303,47
DA:1304,47
DA:1305,20
DA:1306,20
DA:1308,20
DA:1309,20
DA:1310,0
DA:1311,0
DA:1312,0
DA:1313,0
DA:1314,0
DA:1315,0
DA:1317,20
DA:1318,0
DA:1323,0
DA:1326,27
DA:1329,0
DA:1335,188
DA:1336,188
DA:1337,188
DA:1338,188
DA:1339,188
DA:1340,188
DA:1341,188
DA:1342,188
DA:1343,188
DA:1344,40
DA:1345,40
DA:1348,188
DA:1350,188
DA:1352,188
DA:1353,188
DA:1354,1508
DA:1356,1508
DA:1359,188
DA:1360,47
DA:1361,47
DA:1363,0
DA:1365,47
DA:1369,188
DA:1371,188
DA:1373,0
DA:1374,564
DA:1375,188
DA:1376,188
DA:1379,188
DA:1380,188
DA:1381,188
DA:1383,188
DA:1384,530
DA:1385,4805
DA:1386,4758
DA:1392,188
DA:1393,188
DA:1395,2120
DA:1396,19220
DA:1398,17100
DA:1399,7616
DA:1400,17100
DA:1401,17100
DA:1402,17100
DA:1403,17100
DA:1404,17100
DA:1405,102384
DA:1407,41676
DA:1408,6411
DA:1409,58776
DA:1413,188
DA:1414,188
DA:1415,2120
DA:1416,19220
DA:1417,17100
DA:1419,1932
DA:1422,188
DA:1424,188
DA:1425,188
DA:1427,188
DA:1429,188
DA:1430,47
DA:1431,47
DA:1433,0
DA:1435,47
DA:1436,47
DA:1437,187
DA:1438,140
DA:1439,140
DA:1440,0
DA:1441,187
DA:1444,188
DA:1447,188
DA:1448,188
DA:1449,188
DA:1451,188
DA:1453,376
DA:1454,188
DA:1457,329
DA:1473,5326
DA:1474,5299
DA:1475,464
DA:1476,302
DA:1477,302
DA:1478,27
DA:1479,27
DA:1481,329
DA:1484,0
DA:1501,0
DA:1502,0
DA:1505,0
DA:1507,0
DA:1508,0
DA:1509,0
DA:1510,0
DA:1511,0
DA:1512,0
DA:1513,0
DA:1516,0
DA:1517,0
DA:1518,0
DA:1519,0
DA:1521,0
DA:1523,0
DA:1524,0
DA:1525,0
DA:1526,0
DA:1527,0
DA:1528,0
DA:1530,0
DA:1531,0
DA:1532,0
DA:1535,0
DA:1536,0
DA:1539,0
DA:1540,0
DA:1541,0
DA:1543,0
DA:1550,0
DA:1553,0
DA:1555,0
DA:1556,0
DA:1557,0
DA:1558,0
DA:1559,0
DA:1560,0
DA:1561,0
DA:1562,0
DA:1564,0
DA:1565,0
DA:1567,0
DA:1568,0
DA:1569,0
DA:1571,0
DA:1573,0
DA:1574,0
DA:1579,0
DA:1580,0
DA:1583,0
DA:1660,0
DA:1661,0
DA:1662,0
DA:1663,0
DA:1664,0
DA:1665,0
DA:1666,0
DA:1667,0
DA:1668,0
DA:1677,0
DA:1680,0
DA:1682,0
DA:1683,0
DA:1685,0
DA:1686,0
DA:1687,0
DA:1688,0
DA:1689,0
DA:1690,0
DA:1691,0
DA:1692,0
DA:1693,0
DA:1694,0
DA:1696,0
DA:1698,0
DA:1699,0
DA:1701,0
DA:1702,0
DA:1703,0
DA:1704,0
DA:1705,0
DA:1706,0
DA:1707,0
DA:1709,0
DA:1711,0
DA:1712,0
DA:1713,0
DA:1714,0
DA:1715,0
DA:1716,0
DA:1717,0
DA:1718,0
DA:1719,0
DA:1724,0
DA:1725,0
DA:1728,0
DA:1729,0
DA:1731,0
DA:1732,0
DA:1733,0
DA:1734,0
DA:1735,0
DA:1736,0
DA:1737,0
DA:1738,0
DA:1740,0
DA:1743,0
DA:1744,0
DA:1745,0
DA:1747,0
DA:1748,0
DA:1749,0
DA:1753,0
DA:1755,0
DA:1756,0
DA:1758,0
DA:1759,0
DA:1760,0
DA:1762,0
DA:1764,0
DA:1765,0
DA:1766,0
DA:1767,0
DA:1768,0
DA:1769,0
DA:1770,0
DA:1771,0
DA:1772,0
DA:1773,0
DA:1774,0
DA:1775,0
DA:1776,0
DA:1777,0
DA:1778,0
DA:1780,0
DA:1784,0
DA:1786,0
DA:1787,0
DA:1788,0
DA:1789,0
DA:1790,0
DA:1791,0
DA:1792,0
DA:1793,0
DA:1794,0
DA:1795,0
DA:1796,0
DA:1797,0
DA:1803,0
DA:1804,0
DA:1805,0
DA:1806,0
DA:1807,0
DA:1808,0
DA:1809,0
DA:1810,0
DA:1811,0
DA:1812,0
DA:1813,0
DA:1814,0
DA:1815,0
DA:1816,0
DA:1817,0
DA:1818,0
DA:1819,0
DA:1820,0
DA:1823,0
DA:1829,0
DA:1830,0
DA:1831,0
DA:1832,0
DA:1833,0
DA:1834,0
DA:1835,0
DA:1836,0
DA:1837,0
DA:1840,0
DA:1841,0
DA:1842,0
DA:1843,0
DA:1845,0
DA:1852,0
DA:1853,0
DA:1854,0
DA:1855,0
DA:1856,0
DA:1857,0
DA:1858,0
DA:1859,0
DA:1860,0
DA:1861,0
DA:1862,0
DA:1863,0
DA:1864,0
DA:1868,0
DA:1869,0
DA:1870,0
DA:1871,0
DA:1872,0
DA:1873,0
DA:1874,0
DA:1875,0
DA:1876,0
DA:1877,0
DA:1878,0
DA:1879,0
DA:1880,0
DA:1883,0
DA:1884,0
DA:1885,0
DA:1886,0
DA:1887,0
DA:1891,0
DA:1892,0
DA:1893,0
DA:1894,0
DA:1895,0
DA:1896,0
DA:1897,0
DA:1898,0
DA:1901,0
DA:1902,0
DA:1903,0
DA:1904,0
DA:1906,0
DA:1907,0
DA:1909,0
DA:1910,0
DA:1911,0
DA:1912,0
DA:1913,0
DA:1918,0
DA:1919,0
DA:1920,0
DA:1921,0
DA:1923,0
DA:1924,0
DA:1925,0
DA:1926,0
DA:1927,0
DA:1928,0
DA:1929,0
DA:1930,0
DA:1931,0
DA:1933,0
DA:1934,0
DA:1938,0
DA:1939,0
DA:1940,0
DA:1941,0
DA:1942,0
DA:1943,0
DA:1944,0
DA:1945,0
DA:1946,0
DA:1951,0
DA:1952,0
DA:1953,0
DA:1954,0
DA:1955,0
DA:1956,0
DA:1957,0
DA:1958,0
DA:1962,0
DA:1963,0
DA:1964,0
DA:1965,0
DA:1966,0
DA:1967,0
DA:1968,0
DA:1969,0
DA:1972,0
DA:1973,0
DA:1974,0
DA:1975,0
DA:1976,0
DA:1977,0
DA:1978,0
DA:1979,0
DA:1980,0
DA:1981,0
DA:1982,0
DA:1983,0
DA:1984,0
DA:1985,0
DA:1986,0
DA:1987,0
DA:1989,0
DA:1991,0
DA:1992,0
DA:1993,0
DA:1997,0
DA:1998,0
DA:1999,0
DA:2004,0
DA:2005,0
DA:2006,0
DA:2007,0
DA:2009,0
DA:2015,0
DA:2017,0
DA:2018,0
DA:2020,0
DA:2021,0
DA:2022,0
DA:2023,0
DA:2024,0
DA:2029,0
DA:2030,0
DA:2037,0
DA:2039,0
DA:2040,0
DA:2042,0
DA:2043,0
DA:2045,0
DA:2046,0
DA:2047,0
DA:2048,0
DA:2049,0
DA:2050,0
DA:2056,0
DA:2060,0
DA:2061,0
DA:2063,0
DA:2064,0
DA:2067,0
DA:2068,0
DA:2070,0
DA:2071,0
DA:2072,0
DA:2073,0
DA:2074,0
DA:2075,0
DA:2076,0
DA:2077,0
DA:2078,0
DA:2082,0
DA:2083,0
DA:2085,0
DA:2089,0
DA:2090,0
DA:2091,0
DA:2093,0
DA:2097,0
DA:2099,0
DA:2100,0
DA:2101,0
DA:2102,0
DA:2106,0
DA:2108,0
DA:2109,0
DA:2110,0
DA:2111,0
DA:2112,0
DA:2113,0
DA:2115,0
DA:2118,0
DA:2121,0
DA:2123,0
DA:2128,0
DA:2130,0
DA:2131,0
DA:2136,0
DA:2137,0
DA:2139,0
DA:2140,0
DA:2142,0
DA:2147,0
DA:2149,0
DA:2150,0
DA:2151,0
DA:2152,0
DA:2153,0
DA:2155,0
DA:2156,0
DA:2158,0
DA:2159,0
DA:2160,0
DA:2161,0
DA:2162,0
DA:2164,0
DA:2165,0
DA:2166,0
DA:2167,0
DA:2169,0
DA:2170,0
DA:2173,0
DA:2179,0
DA:2183,0
DA:2184,0
DA:2193,0
DA:2194,0
DA:2197,0
DA:2198,0
DA:2204,0
DA:2205,0
DA:2206,0
DA:2207,0
DA:2209,0
DA:2210,0
DA:2211,0
DA:2212,0
DA:2213,0
DA:2218,0
DA:2219,0
DA:2220,0
DA:2221,0
DA:2222,0
DA:2223,0
DA:2224,0
DA:2225,0
DA:2226,0
DA:2227,0
DA:2228,0
DA:2229,0
DA:2231,0
DA:2238,0
DA:2239,0
DA:2241,0
DA:2243,0
DA:2244,0
DA:2245,0
DA:2246,0
DA:2248,0
DA:2249,0
DA:2250,0
DA:2251,0
DA:2252,0
DA:2254,0
DA:2258,0
DA:2260,0
DA:2261,0
DA:2264,100
DA:2300,300
DA:2301,200
DA:2302,100
DA:2304,200
DA:2305,300
DA:2312,100
DA:2316,100
DA:2318,100
DA:2319,100
DA:2320,100
DA:2321,100
DA:2323,100
DA:2324,24
DA:2326,76
DA:2329,100
DA:2331,100
DA:2333,100
DA:2334,100
DA:2335,100
DA:2340,100
DA:2341,44
DA:2342,44
DA:2346,44
DA:2347,44
DA:2348,44
DA:2349,44
DA:2350,44
DA:2351,44
DA:2352,44
DA:2354,612
DA:2355,568
DA:2356,472
DA:2358,4708
DA:2359,4236
DA:2361,4236
DA:2362,4236
DA:2363,4236
DA:2364,4708
DA:2368,472
DA:2369,472
DA:2371,1316
DA:2372,568
DA:2373,17808
DA:2374,428672
DA:2375,410864
DA:2376,427872
DA:2383,44
DA:2387,100
DA:2389,1100
DA:2391,1000
DA:2392,1000
DA:2393,1000
DA:2395,1000
DA:2397,808
DA:2398,808
DA:2402,808
DA:2404,808
DA:2405,16620
DA:2406,15812
DA:2407,12476
DA:2408,13284
DA:2413,808
DA:2416,472
DA:2417,472
DA:2423,8408
DA:2428,7500
DA:2429,4236
DA:2430,12
DA:2432,4224
DA:2435,3264
DA:2436,0
DA:2438,3264
DA:2442,7500
DA:2445,7500
DA:2449,7500
DA:2450,7500
DA:2451,2499
DA:2457,7500
DA:2458,252
DA:2459,2772
DA:2461,2520
DA:2462,2520
DA:2463,2760
DA:2466,7488
DA:2469,2352
DA:2473,5136
DA:2478,7500
DA:2480,7500
DA:2481,4236
DA:2482,11076
DA:2484,6840
DA:2485,0
DA:2486,0
DA:2488,0
DA:2491,23364
DA:2493,12288
DA:2495,6960
DA:2496,6960
DA:2498,153600
DA:2499,146640
DA:2500,3678624
DA:2501,3525024
DA:2503,74632176
DA:2504,74485536
DA:2505,1126080
DA:2508,1126080
DA:2510,70862592
DA:2511,1645923840
DA:2512,1645923840
DA:2519,1588684800
DA:2524,0
DA:2528,170760960
DA:2531,170760960
DA:2537,19128
DA:2543,8500
DA:2544,123996
DA:2545,2314908
DA:2546,2307408
DA:2549,0
DA:2550,0
DA:2552,0
DA:2558,100
DA:2560,100
DA:2565,100
DA:2567,100
DA:2568,100
DA:2569,100
DA:2570,100
DA:2571,100
DA:2572,100
DA:2573,24
DA:2575,76
DA:2578,100
DA:2579,44
DA:2580,44
DA:2581,44
DA:2582,44
DA:2583,44
DA:2586,100
DA:2587,100
DA:2589,100
DA:2591,100
DA:2594,636
DA:2618,636
DA:2620,636
DA:2621,312
DA:2623,78
DA:2625,60
DA:2626,60
DA:2628,120
DA:2629,60
DA:2630,60
DA:2631,449700
DA:2632,449760
DA:2633,449700
DA:2635,120
DA:2638,60
DA:2642,18
DA:2644,18
DA:2645,18
DA:2647,36
DA:2648,18
DA:2649,18
DA:2650,5809
DA:2651,5827
DA:2652,5809
DA:2654,36
DA:2657,18
DA:2659,18
DA:2664,1272
DA:2668,32
DA:2715,32
DA:2719,32
DA:2723,32
DA:2724,0
DA:2725,0
DA:2726,0
DA:2727,0
DA:2728,0
DA:2731,32
DA:2733,32
DA:2734,16
DA:2735,16
DA:2736,16
DA:2737,16
DA:2740,32
DA:2744,32
DA:2745,0
DA:2748,32
DA:2750,32
DA:2751,8
DA:2752,4
DA:2754,4
DA:2758,32
DA:2760,452
DA:2762,420
DA:2763,420
DA:2764,420
DA:2766,420
DA:2768,420
DA:2769,420
DA:2773,420
DA:2774,324
DA:2776,324
DA:2779,420
DA:2780,11580
DA:2781,11160
DA:2782,149820
DA:2783,141672
DA:2784,76776
DA:2786,76776
DA:2787,76776
DA:2788,76776
DA:2789,76776
DA:2791,76776
DA:2792,76776
DA:2793,76776
DA:2794,76776
DA:2796,87936
DA:2798,68040
DA:2799,68040
DA:2800,68040
DA:2801,68040
DA:2803,204120
DA:2804,136080
DA:2805,0
DA:2806,0
DA:2808,0
DA:2811,476280
DA:2812,272160
DA:2814,136080
DA:2815,136080
DA:2816,3402000
DA:2817,3265920
DA:2818,3402000
DA:2819,95256000
DA:2821,91990080
DA:2822,3265920
DA:2823,11975040
DA:2824,35925120
DA:2825,83825280
DA:2828,47900160
DA:2832,71850240
DA:2838,0
DA:2839,0
DA:2840,0
DA:2845,3402000
DA:2846,95392080
DA:2848,91990080
DA:2854,91990080
DA:2857,95256000
DA:2861,408240
DA:2864,68040
DA:2865,68040
DA:2866,68040
DA:2871,420
DA:2872,420
DA:2876,452
DA:2877,140
DA:2882,32
DA:2884,32
DA:2889,32
DA:2891,32
DA:2892,32
DA:2893,16
DA:2894,16
DA:2895,16
DA:2898,32
DA:2899,32
DA:2901,32
DA:2903,32
DA:2906,64
DA:2944,64
DA:2946,64
DA:2948,64
DA:2950,64
DA:2952,64
DA:2954,64
DA:2956,64
DA:2961,64
DA:2962,0
DA:2963,0
DA:2964,0
DA:2965,0
DA:2966,0
DA:2967,0
DA:2970,64
DA:2972,64
DA:2973,0
DA:2974,64
DA:2975,0
DA:2978,64
DA:2980,0
DA:2983,64
DA:2984,64
DA:2985,64
DA:2986,64
DA:2988,64
DA:2989,64
DA:2990,64
DA:2991,64
DA:2994,64
DA:2995,64
DA:2996,64
DA:3008,64
DA:3009,64
DA:3010,64
DA:3011,64
DA:3012,16
DA:3013,2
DA:3015,14
DA:3020,64
DA:3021,64
DA:3022,64
DA:3023,64
DA:3024,16
DA:3025,2
DA:3027,14
DA:3032,64
DA:3033,64
DA:3035,64
DA:3037,544
DA:3039,480
DA:3040,480
DA:3041,480
DA:3043,480
DA:3045,384
DA:3048,384
DA:3049,384
DA:3050,384
DA:3051,384
DA:3056,4224
DA:3058,4224
DA:3064,4224
DA:3067,3840
DA:3070,3840
DA:3075,26112
DA:3078,21888
DA:3084,21888
DA:3085,21888
DA:3088,7488
DA:3092,14400
DA:3096,21888
DA:3099,21888
DA:3103,25728
DA:3104,21888
DA:3107,7488
DA:3111,14400
DA:3115,21888
DA:3118,21888
DA:3125,384
DA:3126,384
DA:3127,384
DA:3131,4288
DA:3132,40416
DA:3133,43776
DA:3134,13312
DA:3135,13312
DA:3137,13312
DA:3138,13312
DA:3145,64
DA:3146,24
DA:3147,24
DA:3150,64
DA:3155,64
DA:3156,64
DA:3160,64
DA:3161,64
DA:3162,64
DA:3163,64
DA:3165,64
DA:3166,64
DA:3167,64
DA:3170,64
DA:3171,64
DA:3174,64
DA:3175,64
DA:3176,64
DA:3178,64
DA:3180,64
DA:3183,16
DA:3224,16
DA:3225,16
DA:3226,16
DA:3229,16
DA:3230,0
DA:3231,0
DA:3232,0
DA:3233,0
DA:3234,0
DA:3236,0
DA:3240,16
DA:3242,16
DA:3243,0
DA:3244,16
DA:3245,0
DA:3246,16
DA:3247,0
DA:3248,16
DA:3249,0
DA:3251,16
DA:3252,16
DA:3254,16
DA:3255,16
DA:3256,16
DA:3258,16
DA:3261,16
DA:3262,16
DA:3263,16
DA:3264,16
DA:3265,4
DA:3266,2
DA:3268,2
DA:3273,16
DA:3274,16
DA:3275,16
DA:3276,16
DA:3277,4
DA:3278,2
DA:3280,2
DA:3285,16
DA:3286,16
DA:3288,16
DA:3289,16
DA:3291,112
DA:3293,96
DA:3294,96
DA:3295,96
DA:3297,96
DA:3299,96
DA:3303,96
DA:3305,96
DA:3306,1536
DA:3307,1440
DA:3308,1248
DA:3309,1344
DA:3313,96
DA:3314,96
DA:3315,96
DA:3317,1264
DA:3321,1152
DA:3323,1152
DA:3325,1152
DA:3326,1152
DA:3329,16128
DA:3331,210816
DA:3337,194688
DA:3338,194688
DA:3339,194688
DA:3340,194688
DA:3341,194688
DA:3343,194688
DA:3345,194688
DA:3346,194688
DA:3347,194688
DA:3350,209664
DA:3351,194688
DA:3352,194688
DA:3353,194688
DA:3354,194688
DA:3356,194688
DA:3358,194688
DA:3359,194688
DA:3360,194688
DA:3366,1152
DA:3367,1152
DA:3368,1152
DA:3370,1248
DA:3371,1536
DA:3372,1152
DA:3373,1152
DA:3375,1536
DA:3376,1152
DA:3384,16
DA:3385,6
DA:3386,6
DA:3389,16
DA:3394,16
DA:3395,16
DA:3397,16
DA:3398,16
DA:3399,16
DA:3400,16
DA:3401,16
DA:3403,16
DA:3405,16
DA:3406,16
DA:3408,16
DA:3410,16
DA:3412,16
DA:3415,29068
DA:3442,29068
DA:3444,93506
DA:3445,1105334
DA:3446,1099504
DA:3451,23238
DA:3456,29068
DA:3460,464
DA:3485,464
DA:3486,173
DA:3487,173
DA:3488,173
DA:3489,119
DA:3491,54
DA:3495,464
DA:3496,116
DA:3497,116
DA:3498,116
DA:3499,80
DA:3501,36
DA:3505,928
DA:3509,92
DA:3552,92
DA:3553,92
DA:3554,92
DA:3563,92
DA:3565,92
DA:3566,92
DA:3567,92
DA:3568,92
DA:3569,92
DA:3571,92
DA:3573,92
DA:3574,92
DA:3575,92
DA:3578,92
DA:3580,92
DA:3582,1044
DA:3584,952
DA:3585,952
DA:3586,952
DA:3588,952
DA:3590,760
DA:3591,760
DA:3595,760
DA:3597,760
DA:3598,14652
DA:3599,13892
DA:3600,10556
DA:3601,11316
DA:3604,760
DA:3606,760
DA:3607,210
DA:3608,210
DA:3613,760
DA:3614,424
DA:3617,424
DA:3618,4
DA:3619,420
DA:3620,162
DA:3622,258
DA:3626,424
DA:3627,162
DA:3629,262
DA:3632,336
DA:3635,760
DA:3637,760
DA:3638,3570
DA:3639,3360
DA:3640,3360
DA:3644,3360
DA:3645,1776
DA:3647,1584
DA:3648,0
DA:3651,3570
DA:3653,1776
DA:3654,1776
DA:3656,0
DA:3658,1776
DA:3660,1776
DA:3662,1296
DA:3664,1296
DA:3667,480
DA:3674,1584
DA:3675,792
DA:3676,792
DA:3678,792
DA:3679,792
DA:3682,4752
DA:3683,3168
DA:3684,4752
DA:3686,2592
DA:3689,576
DA:3695,550
DA:3696,76
DA:3697,1516
DA:3698,1440
DA:3699,1440
DA:3700,1512
DA:3706,546
DA:3710,760
DA:3714,852
DA:3715,9520
DA:3716,137584
DA:3717,128064
DA:3718,51328
DA:3721,0
DA:3722,0
DA:3723,0
DA:3724,0
DA:3731,92
DA:3733,92
DA:3738,92
DA:3740,92
DA:3741,92
DA:3742,92
DA:3743,92
DA:3744,92
DA:3746,92
DA:3747,36
DA:3750,92
DA:3752,92
DA:3753,92
DA:3755,92
DA:3757,92
DA:3759,80
DA:3790,80
DA:3792,80
DA:3794,80
DA:3796,80
DA:3798,160
DA:3799,240
DA:3801,80
DA:3803,80
DA:3808,80
DA:3809,24
DA:3810,56
DA:3812,56
DA:3813,56
DA:3816,80
DA:3824,80
DA:3825,0
DA:3831,80
DA:3832,80
DA:3833,80
DA:3834,80
DA:3835,80
DA:3836,80
DA:3837,80
DA:3838,80
DA:3839,80
DA:3841,80
DA:3842,80
DA:3843,80
DA:3844,80
DA:3846,80
DA:3847,80
DA:3848,80
DA:3849,80
DA:3850,80
DA:3851,80
DA:3852,80
DA:3853,80
DA:3854,80
DA:3855,80
DA:3857,80
DA:3859,80
DA:3861,80
DA:3864,80
DA:3865,20
DA:3870,80
DA:3871,80
DA:3872,80
DA:3873,80
DA:3874,80
DA:3877,80
DA:3880,80
DA:3884,80
DA:3886,80
DA:3888,60
DA:3889,60
DA:3890,60
DA:3892,948
DA:3893,888
DA:3894,672
DA:3895,672
DA:3896,0
DA:3898,672
DA:3899,72
DA:3900,600
DA:3901,456
DA:3902,144
DA:3903,144
DA:3905,0
DA:3908,672
DA:3910,732
DA:3911,240
DA:3912,240
DA:3913,240
DA:3914,240
DA:3915,240
DA:3918,240
DA:3919,240
DA:3925,240
DA:3926,240
DA:3927,240
DA:3931,432
DA:3932,432
DA:3933,432
DA:3935,432
DA:3937,432
DA:3943,432
DA:3944,432
DA:3952,60
DA:3954,20
DA:3955,20
DA:3956,20
DA:3957,20
DA:3958,20
DA:3960,20
DA:3961,20
DA:3963,60
DA:3964,60
DA:3967,80
DA:3968,80
DA:3969,80
DA:3971,80
DA:3974,80
DA:3975,8
DA:3976,152
DA:3977,152
DA:3978,72
DA:3979,72
DA:3980,72
DA:3982,72
DA:3983,72
DA:3986,8
DA:3987,8
DA:3989,72
DA:3990,72
DA:3991,72
DA:3995,608
DA:3996,528
DA:3997,528
DA:3998,528
DA:3999,528
DA:4000,528
DA:4001,528
DA:4002,528
DA:4003,528
DA:4004,608
DA:4008,80
DA:4009,8
DA:4011,72
DA:4013,608
DA:4014,528
DA:4015,528
DA:4016,608
DA:4017,144
DA:4019,384
DA:4022,80
DA:4024,80
DA:4026,560
DA:4027,480
DA:4028,480
DA:4029,480
DA:4031,480
DA:4032,480
DA:4034,480
DA:4036,480
DA:4042,480
DA:4043,480
DA:4044,480
DA:4045,480
DA:4046,480
DA:4047,480
DA:4048,480
DA:4051,480
DA:4052,480
DA:4054,3648
DA:4055,3168
DA:4056,3168
DA:4058,514692
DA:4059,511044
DA:4060,514212
DA:4064,480
DA:4066,7584
DA:4067,7104
DA:4068,5376
DA:4070,5376
DA:4071,576
DA:4072,4800
DA:4073,3648
DA:4074,1152
DA:4075,1152
DA:4077,0
DA:4080,5376
DA:4081,5376
DA:4082,5376
DA:4083,5376
DA:4086,61152
DA:4087,55296
DA:4088,34560
DA:4090,17280
DA:4093,17280
DA:4097,20736
DA:4099,62400
DA:4103,480
DA:4105,480
DA:4107,160
DA:4108,160
DA:4109,160
DA:4112,160
DA:4113,160
DA:4115,480
DA:4116,480
DA:4117,0
DA:4119,560
DA:4120,160
DA:4121,1216
DA:4122,19648
DA:4123,19488
DA:4129,80
DA:4131,80
DA:4136,80
DA:4139,80
DA:4140,80
DA:4141,80
DA:4142,80
DA:4143,80
DA:4144,80
DA:4145,80
DA:4146,80
DA:4147,80
DA:4148,80
DA:4149,80
DA:4150,80
DA:4151,80
DA:4152,80
DA:4153,80
DA:4155,80
DA:4156,80
DA:4157,80
DA:4159,80
DA:4161,210
DA:4174,210
DA:4175,3570
DA:4176,3360
DA:4179,3360
DA:4180,1776
DA:4182,1584
DA:4183,0
DA:4185,3570
DA:4186,1776
DA:4187,1776
DA:4189,0
DA:4191,1776
DA:4192,1776
DA:4194,1584
DA:4195,792
DA:4196,792
DA:4198,792
DA:4199,792
DA:4201,1584
DA:4202,1584
DA:4205,210
DA:4207,760
DA:4228,1520
DA:4229,760
DA:4231,760
DA:4232,760
DA:4234,166332
DA:4235,165572
DA:4236,165572
DA:4237,165572
DA:4238,166332
DA:4241,760
DA:4243,760
DA:4245,9520
DA:4247,8760
DA:4249,8760
DA:4251,148920
DA:4252,140160
DA:4253,25032
DA:4254,25032
DA:4256,6285556
DA:4257,140160
DA:4260,2089660
DA:4261,2080900
DA:4263,2080900
DA:4265,2080900
DA:4266,2089660
DA:4268,8760
DA:4269,72
DA:4270,72
DA:4272,8688
DA:4274,8760
DA:4276,9520
DA:4279,760
DA:4280,1520
DA:4281,760
DA:4283,172
DA:4302,172
DA:4303,172
DA:4304,64
DA:4305,64
DA:4306,64
DA:4308,0
DA:4309,0
DA:4311,0
DA:4315,1604
DA:4316,1432
DA:4317,1240
DA:4318,1240
DA:4320,1240
DA:4321,22408
DA:4322,20996
DA:4323,15932
DA:4324,17364
DA:4325,15932
DA:4326,0
DA:4327,0
DA:4332,172
DA:4333,172
DA:4336,172
DA:4338,172
DA:4340,172
DA:4342,0
DA:4366,0
DA:4373,0
DA:4374,0
DA:4375,0
DA:4376,0
DA:4378,0
DA:4382,0
DA:4384,0
DA:4385,0
DA:4386,0
DA:4387,0
DA:4388,0
DA:4389,0
DA:4390,0
DA:4391,0
DA:4392,0
DA:4394,0
DA:4395,0
DA:4399,0
DA:4401,0
DA:4403,0
DA:4404,0
DA:4405,0
DA:4407,0
DA:4409,0
DA:4411,0
DA:4412,0
DA:4413,0
DA:4414,0
DA:4416,0
DA:4421,0
DA:4422,0
DA:4423,0
DA:4424,0
DA:4425,0
DA:4427,0
DA:4430,0
DA:4431,0
DA:4432,0
DA:4434,0
DA:4439,0
DA:4441,0
DA:4442,0
DA:4443,0
DA:4444,0
DA:4445,0
DA:4446,0
DA:4447,0
DA:4448,0
DA:4449,0
DA:4450,0
DA:4452,0
DA:4453,0
DA:4454,0
DA:4455,0
DA:4458,0
DA:4460,0
DA:4461,0
DA:4463,0
DA:4464,0
DA:4467,0
DA:4468,0
DA:4469,0
DA:4470,0
DA:4471,0
DA:4472,0
DA:4473,0
DA:4474,0
DA:4476,0
DA:4477,0
DA:4484,0
DA:4485,0
DA:4486,0
DA:4487,0
DA:4488,0
DA:4490,0
DA:4491,0
DA:4495,0
DA:4496,0
DA:4498,0
DA:4499,0
DA:4504,0
DA:4505,0
DA:4506,0
DA:4508,0
DA:4509,0
DA:4513,0
DA:4514,0
DA:4516,0
DA:4517,0
DA:4577,0
DA:4581,0
DA:4582,0
DA:4583,0
DA:4585,0
DA:4590,0
DA:4591,0
DA:4593,0
DA:4597,0
DA:4598,0
DA:4600,0
DA:4602,0
DA:4603,0
DA:4605,0
DA:4627,0
DA:4630,0
DA:4631,0
DA:4634,0
DA:4640,0
DA:4641,0
DA:4642,0
DA:4643,0
DA:4644,0
DA:4645,0
DA:4648,0
DA:4649,0
DA:4651,0
DA:4653,0
DA:4658,0
DA:4659,0
DA:4661,0
DA:4667,0
DA:4668,0
DA:4672,0
DA:4673,0
DA:4674,0
DA:4675,0
DA:4681,0
DA:4682,0
DA:4683,0
DA:4689,0
DA:4690,0
DA:4691,0
DA:4694,0
DA:4696,0
DA:4697,0
DA:4698,0
DA:4702,0
DA:4704,0
DA:4705,0
DA:4706,0
DA:4709,0
DA:4711,0
DA:4712,0
DA:4713,0
DA:4716,0
DA:4718,0
DA:4719,0
DA:4720,0
DA:4724,0
DA:4726,0
DA:4727,0
DA:4728,0
DA:4731,0
DA:4733,0
DA:4734,0
DA:4735,0
DA:4738,0
DA:4740,0
DA:4741,0
DA:4742,0
DA:4745,0
DA:4747,0
DA:4748,0
DA:4749,0
DA:4752,0
DA:4754,0
DA:4755,0
DA:4756,0
DA:4759,0
DA:4761,0
DA:4762,0
DA:4763,0
DA:4766,0
DA:4768,0
DA:4769,0
DA:4770,0
DA:4773,0
DA:4775,0
DA:4776,0
DA:4777,0
DA:4780,0
DA:4782,0
DA:4783,0
DA:4784,0
DA:4788,0
DA:4790,0
DA:4791,0
DA:4792,0
DA:4795,0
DA:4797,0
DA:4798,0
DA:4799,0
DA:4802,0
DA:4804,0
DA:4805,0
DA:4806,0
DA:4809,0
DA:4811,0
DA:4812,0
DA:4813,0
DA:4816,0
DA:4818,0
DA:4819,0
DA:4820,0
DA:4823,0
DA:4825,0
DA:4826,0
DA:4827,0
DA:4830,0
DA:4832,0
DA:4833,0
DA:4834,0
DA:4837,0
DA:4839,0
DA:4840,0
DA:4841,0
DA:4844,0
DA:4846,0
DA:4847,0
DA:4848,0
DA:4851,0
DA:4853,0
DA:4854,0
DA:4855,0
DA:4858,0
DA:4860,0
DA:4861,0
DA:4862,0
DA:4865,0
DA:4867,0
DA:4868,0
DA:4869,0
DA:4872,0
DA:4874,0
DA:4875,0
DA:4876,0
DA:4879,0
DA:4881,0
DA:4882,0
DA:4883,0
DA:4886,0
DA:4888,0
DA:4889,0
DA:4890,0
DA:4893,0
DA:4895,0
DA:4896,0
DA:4897,0
DA:4900,0
DA:4902,0
DA:4903,0
DA:4904,0
DA:4907,0
DA:4909,0
DA:4910,0
DA:4911,0
DA:4914,0
DA:4915,0
DA:4916,0
DA:4917,0
DA:4918,0
DA:4925,0
DA:4927,0
DA:4928,0
DA:4929,0
DA:4930,0
DA:4931,0
DA:4932,0
DA:4933,0
DA:4935,0
DA:4941,0
DA:4942,0
DA:4943,0
DA:4947,0
DA:4948,0
DA:4949,0
DA:4950,0
DA:4951,0
DA:4952,0
DA:4956,0
DA:4957,0
DA:4958,0
DA:4959,0
DA:4965,0
DA:4966,0
DA:4972,0
DA:4974,0
DA:4979,0
DA:4980,0
DA:4981,0
DA:4982,0
DA:4985,0
DA:4986,0
DA:4987,0
DA:4988,0
DA:4993,0
DA:4994,0
DA:4995,0
DA:4996,0
DA:4997,0
DA:4998,0
DA:4999,0
DA:5002,0
DA:5004,0
DA:5006,0
DA:5007,0
DA:5008,0
DA:5010,0
DA:5012,0
DA:5015,0
DA:5030,0
DA:5033,0
DA:5034,0
DA:5036,0
DA:5037,0
DA:5040,0
DA:5041,0
DA:5042,0
DA:5043,0
DA:5045,0
DA:5046,0
DA:5052,0
DA:5053,0
DA:5054,0
DA:5055,0
DA:5056,0
DA:5057,0
DA:5058,0
DA:5059,0
DA:5060,0
DA:5061,0
DA:5062,0
DA:5063,0
DA:5067,0
DA:5070,0
DA:5071,0
DA:5072,0
DA:5073,0
DA:5075,0
DA:5077,188
DA:5087,188
DA:5090,188
DA:5091,188
DA:5094,3196
DA:5095,12220
DA:5096,12032
DA:5099,188
DA:5101,188
DA:5103,188
DA:5105,188
DA:5107,1508
DA:5110,1320
DA:5112,1320
DA:5114,1320
DA:5116,1508
DA:5124,188
DA:5126,376
DA:5127,188
DA:5129,188
DA:5130,4997
DA:5137,188
DA:5141,188
DA:5142,188
DA:5143,188
DA:5144,3196
DA:5145,3196
DA:5147,188
DA:5149,188
DA:5150,0
DA:5151,188
DA:5152,376
DA:5153,188
DA:5155,1320
DA:5164,1320
DA:5165,1320
DA:5167,1320
DA:5168,1320
DA:5171,1320
DA:5172,1320
DA:5174,1320
DA:5175,1320
DA:5176,1320
DA:5178,1320
DA:5179,1320
DA:5180,1320
DA:5184,1320
DA:5188,1320
DA:5215,1320
DA:5216,1320
DA:5217,1320
DA:5218,1320
DA:5220,1320
DA:5221,1320
DA:5222,744
DA:5224,576
DA:5227,22440
DA:5228,21120
DA:5229,21120
DA:5231,21120
DA:5235,21120
DA:5236,7400
DA:5237,13720
DA:5238,13720
DA:5240,0
DA:5244,21120
DA:5245,3328
DA:5247,21120
DA:5248,3456
DA:5249,3456
DA:5250,3456
DA:5252,21120
DA:5253,5120
DA:5254,5120
DA:5255,5120
DA:5256,5120
DA:5257,5120
DA:5259,21120
DA:5260,0
DA:5261,0
DA:5262,0
DA:5263,0
DA:5264,0
DA:5265,0
DA:5266,0
DA:5268,21120
DA:5269,0
DA:5270,0
DA:5272,21120
DA:5273,0
DA:5274,0
DA:5275,0
DA:5277,21120
DA:5278,9216
DA:5279,9216
DA:5280,9216
DA:5281,9216
DA:5283,21120
DA:5284,0
DA:5285,0
DA:5286,0
DA:5287,0
DA:5288,0
DA:5290,22440
DA:5291,0
DA:5292,0
DA:5293,0
DA:5294,0
DA:5295,0
DA:5296,0
DA:5301,1320
DA:5306,12544
DA:5311,12544
DA:5312,12544
DA:5315,10624
DA:5320,10624
DA:5321,10624
DA:5323,10240
DA:5328,10240
DA:5329,10240
DA:5330,10240
DA:5332,10240
DA:5337,10240
DA:5338,10240
DA:5339,10240
DA:5342,1024
DA:5347,1024
DA:5348,1024
DA:5350,1024
DA:5355,1024
DA:5356,1024
DA:5357,1024
DA:5359,1024
DA:5364,1024
DA:5365,1024
DA:5366,1024
DA:5368,1024
DA:5373,1024
DA:5374,1024
DA:5375,1024
DA:5377,1024
DA:5382,1024
DA:5383,1024
DA:5384,1024
DA:5387,0
DA:5392,0
DA:5393,0
DA:5395,0
DA:5400,0
DA:5401,0
DA:5402,0
DA:5404,0
DA:5409,0
DA:5410,0
DA:5411,0
DA:5413,0
DA:5418,0
DA:5419,0
DA:5420,0
DA:5422,0
DA:5427,0
DA:5428,0
DA:5429,0
DA:5431,0
DA:5436,0
DA:5437,0
DA:5438,0
DA:5440,0
DA:5445,0
DA:5446,0
DA:5447,0
DA:5452,8760
DA:5471,8760
DA:5473,8760
DA:5474,8760
DA:5475,8760
DA:5479,2925840
DA:5480,2917080
DA:5481,2917080
DA:5482,2925840
DA:5485,8760
DA:5486,8760
DA:5487,0
DA:5488,8760
DA:5490,0
DA:5491,8760
DA:5493,43800
DA:5494,8367400
DA:5495,8323600
DA:5496,8323600
DA:5498,8323600
DA:5499,8358640
DA:5503,8760
DA:5504,17520
DA:5505,8760
LF:2596
LH:1464
end_of_record
